2025-01-25 13:55:20,011 - INFO - 日志系统初始化完成
2025-01-25 13:55:20,023 - INFO - 程序启动
2025-01-25 13:55:20,107 - INFO - 热键设置完成 - 暂停/继续: f9, 退出: esc
2025-01-25 13:55:20,108 - INFO - 游戏控制器初始化完成
2025-01-25 13:55:20,108 - INFO - 窗口句柄值: 0x804d0, 窗口位置: (-48000, -48000)
2025-01-25 13:55:24,001 - INFO - 用户设置攻打次数: 2
2025-01-25 13:55:24,001 - INFO - 开始任务追踪，总任务数: 2
2025-01-25 13:55:24,001 - INFO - 窗口句柄值: 0x804d0, 窗口位置: (-48000, -48000)
2025-01-25 13:55:24,001 - INFO - 开始图像识别，窗口位置: (-48000, -48000)
2025-01-25 13:55:24,116 - DEBUG - 未找到匹配图像，最大匹配度: 0.23
2025-01-25 13:55:24,118 - DEBUG - 未识别到图像: picture//huntu.png
2025-01-25 13:55:24,619 - INFO - 窗口句柄值: 0x804d0, 窗口位置: (-48000, -48000)
2025-01-25 13:55:24,619 - INFO - 开始图像识别，窗口位置: (-48000, -48000)
2025-01-25 13:55:24,732 - DEBUG - 未找到匹配图像，最大匹配度: 0.18
2025-01-25 13:55:24,734 - DEBUG - 未识别到图像: picture//jiangli.png
2025-01-25 13:55:25,236 - INFO - 窗口句柄值: 0x804d0, 窗口位置: (-48000, -48000)
2025-01-25 13:55:25,236 - INFO - 开始图像识别，窗口位置: (-48000, -48000)
2025-01-25 13:55:25,338 - DEBUG - 未找到匹配图像，最大匹配度: 0.06
2025-01-25 13:55:25,339 - DEBUG - 未识别到图像: screenshot.jpg
2025-01-25 13:55:25,840 - INFO - 窗口句柄值: 0x804d0, 窗口位置: (-48000, -48000)
2025-01-25 13:55:25,840 - INFO - 开始图像识别，窗口位置: (-48000, -48000)
2025-01-25 13:55:25,944 - DEBUG - 未找到匹配图像，最大匹配度: 0.25
2025-01-25 13:55:25,946 - DEBUG - 未识别到图像: picture//huntu.png
2025-01-25 13:55:26,447 - INFO - 窗口句柄值: 0x804d0, 窗口位置: (-48000, -48000)
2025-01-25 13:55:26,447 - INFO - 开始图像识别，窗口位置: (-48000, -48000)
2025-01-25 13:55:26,562 - DEBUG - 未找到匹配图像，最大匹配度: 0.18
2025-01-25 13:55:26,563 - DEBUG - 未识别到图像: picture//jiangli.png
2025-01-25 13:55:27,065 - INFO - 窗口句柄值: 0x804d0, 窗口位置: (-48000, -48000)
2025-01-25 13:55:27,065 - INFO - 开始图像识别，窗口位置: (-48000, -48000)
2025-01-25 13:55:27,165 - DEBUG - 未找到匹配图像，最大匹配度: 0.06
2025-01-25 13:55:27,167 - DEBUG - 未识别到图像: screenshot.jpg
2025-01-25 13:55:27,667 - INFO - 窗口句柄值: 0x804d0, 窗口位置: (-48000, -48000)
2025-01-25 13:55:27,667 - INFO - 开始图像识别，窗口位置: (-48000, -48000)
2025-01-25 13:55:27,776 - DEBUG - 未找到匹配图像，最大匹配度: 0.25
2025-01-25 13:55:27,778 - DEBUG - 未识别到图像: picture//huntu.png
2025-01-25 13:55:28,279 - INFO - 窗口句柄值: 0x804d0, 窗口位置: (-48000, -48000)
2025-01-25 13:55:28,279 - INFO - 开始图像识别，窗口位置: (-48000, -48000)
2025-01-25 13:55:28,397 - DEBUG - 未找到匹配图像，最大匹配度: 0.18
2025-01-25 13:55:28,399 - DEBUG - 未识别到图像: picture//jiangli.png
2025-01-25 13:55:28,900 - INFO - 窗口句柄值: 0x804d0, 窗口位置: (-48000, -48000)
2025-01-25 13:55:28,900 - INFO - 开始图像识别，窗口位置: (-48000, -48000)
2025-01-25 13:55:29,007 - DEBUG - 未找到匹配图像，最大匹配度: 0.06
2025-01-25 13:55:29,010 - DEBUG - 未识别到图像: screenshot.jpg
2025-01-25 13:55:29,511 - INFO - 窗口句柄值: 0x804d0, 窗口位置: (686, 227)
2025-01-25 13:55:29,511 - INFO - 开始图像识别，窗口位置: (686, 227)
2025-01-25 13:55:29,631 - INFO - 图像识别成功，匹配度: 0.99
2025-01-25 13:55:29,631 - DEBUG - 匹配位置 - 左上角: (2195, 1087), 右下角: (2284, 1168)
2025-01-25 13:55:29,633 - INFO - 成功识别图像: picture//huntu.png
2025-01-25 13:55:29,633 - DEBUG - 移动鼠标到: (2229, 1121), 偏移量: (-10, -6)
2025-01-25 13:55:31,695 - INFO - 成功点击位置: (2239, 1127)
2025-01-25 13:55:31,695 - INFO - 识别到魂土图片，等待15秒
2025-01-25 13:55:46,696 - INFO - 窗口句柄值: 0x804d0, 窗口位置: (971, 174)
2025-01-25 13:55:46,697 - INFO - 开始图像识别，窗口位置: (971, 174)
2025-01-25 13:55:46,846 - DEBUG - 未找到匹配图像，最大匹配度: 0.47
2025-01-25 13:55:46,848 - DEBUG - 未识别到图像: picture//jiangli.png
2025-01-25 13:55:47,349 - INFO - 窗口句柄值: 0x804d0, 窗口位置: (971, 174)
2025-01-25 13:55:47,349 - INFO - 开始图像识别，窗口位置: (971, 174)
2025-01-25 13:55:47,460 - DEBUG - 未找到匹配图像，最大匹配度: 0.41
2025-01-25 13:55:47,461 - DEBUG - 未识别到图像: screenshot.jpg
2025-01-25 13:55:47,963 - INFO - 窗口句柄值: 0x804d0, 窗口位置: (971, 174)
2025-01-25 13:55:47,963 - INFO - 开始图像识别，窗口位置: (971, 174)
2025-01-25 13:55:48,082 - DEBUG - 未找到匹配图像，最大匹配度: 0.41
2025-01-25 13:55:48,084 - DEBUG - 未识别到图像: picture//huntu.png
2025-01-25 13:55:48,585 - INFO - 窗口句柄值: 0x804d0, 窗口位置: (971, 174)
2025-01-25 13:55:48,585 - INFO - 开始图像识别，窗口位置: (971, 174)
2025-01-25 13:55:48,720 - DEBUG - 未找到匹配图像，最大匹配度: 0.44
2025-01-25 13:55:48,722 - DEBUG - 未识别到图像: picture//jiangli.png
2025-01-25 13:55:49,223 - INFO - 窗口句柄值: 0x804d0, 窗口位置: (971, 174)
2025-01-25 13:55:49,223 - INFO - 开始图像识别，窗口位置: (971, 174)
2025-01-25 13:55:49,348 - DEBUG - 未找到匹配图像，最大匹配度: 0.23
2025-01-25 13:55:49,349 - DEBUG - 未识别到图像: screenshot.jpg
2025-01-25 13:55:49,850 - INFO - 窗口句柄值: 0x804d0, 窗口位置: (971, 174)
2025-01-25 13:55:49,850 - INFO - 开始图像识别，窗口位置: (971, 174)
2025-01-25 13:55:49,967 - DEBUG - 未找到匹配图像，最大匹配度: 0.36
2025-01-25 13:55:49,969 - DEBUG - 未识别到图像: picture//huntu.png
2025-01-25 13:55:50,470 - INFO - 窗口句柄值: 0x804d0, 窗口位置: (971, 174)
2025-01-25 13:55:50,470 - INFO - 开始图像识别，窗口位置: (971, 174)
2025-01-25 13:55:50,597 - DEBUG - 未找到匹配图像，最大匹配度: 0.46
2025-01-25 13:55:50,599 - DEBUG - 未识别到图像: picture//jiangli.png
2025-01-25 13:55:51,100 - INFO - 窗口句柄值: 0x804d0, 窗口位置: (971, 174)
2025-01-25 13:55:51,100 - INFO - 开始图像识别，窗口位置: (971, 174)
2025-01-25 13:55:51,214 - DEBUG - 未找到匹配图像，最大匹配度: 0.21
2025-01-25 13:55:51,216 - DEBUG - 未识别到图像: screenshot.jpg
2025-01-25 13:55:51,717 - INFO - 窗口句柄值: 0x804d0, 窗口位置: (971, 174)
2025-01-25 13:55:51,717 - INFO - 开始图像识别，窗口位置: (971, 174)
2025-01-25 13:55:51,834 - DEBUG - 未找到匹配图像，最大匹配度: 0.35
2025-01-25 13:55:51,838 - DEBUG - 未识别到图像: picture//huntu.png
2025-01-25 13:55:52,338 - INFO - 窗口句柄值: 0x804d0, 窗口位置: (971, 174)
2025-01-25 13:55:52,339 - INFO - 开始图像识别，窗口位置: (971, 174)
2025-01-25 13:55:52,456 - DEBUG - 未找到匹配图像，最大匹配度: 0.44
2025-01-25 13:55:52,458 - DEBUG - 未识别到图像: picture//jiangli.png
2025-01-25 13:55:52,958 - INFO - 窗口句柄值: 0x804d0, 窗口位置: (971, 174)
2025-01-25 13:55:52,958 - INFO - 开始图像识别，窗口位置: (971, 174)
2025-01-25 13:55:53,059 - DEBUG - 未找到匹配图像，最大匹配度: 0.21
2025-01-25 13:55:53,061 - DEBUG - 未识别到图像: screenshot.jpg
2025-01-25 13:55:53,561 - INFO - 窗口句柄值: 0x804d0, 窗口位置: (971, 174)
2025-01-25 13:55:53,561 - INFO - 开始图像识别，窗口位置: (971, 174)
2025-01-25 13:55:53,676 - DEBUG - 未找到匹配图像，最大匹配度: 0.34
2025-01-25 13:55:53,678 - DEBUG - 未识别到图像: picture//huntu.png
2025-01-25 13:55:54,179 - INFO - 窗口句柄值: 0x804d0, 窗口位置: (971, 174)
2025-01-25 13:55:54,179 - INFO - 开始图像识别，窗口位置: (971, 174)
2025-01-25 13:55:54,295 - DEBUG - 未找到匹配图像，最大匹配度: 0.42
2025-01-25 13:55:54,298 - DEBUG - 未识别到图像: picture//jiangli.png
2025-01-25 13:55:54,799 - INFO - 窗口句柄值: 0x804d0, 窗口位置: (971, 174)
2025-01-25 13:55:54,799 - INFO - 开始图像识别，窗口位置: (971, 174)
2025-01-25 13:55:54,898 - DEBUG - 未找到匹配图像，最大匹配度: 0.35
2025-01-25 13:55:54,900 - DEBUG - 未识别到图像: screenshot.jpg
2025-01-25 13:55:55,401 - INFO - 窗口句柄值: 0x804d0, 窗口位置: (971, 174)
2025-01-25 13:55:55,401 - INFO - 开始图像识别，窗口位置: (971, 174)
2025-01-25 13:55:55,512 - DEBUG - 未找到匹配图像，最大匹配度: 0.37
2025-01-25 13:55:55,514 - DEBUG - 未识别到图像: picture//huntu.png
2025-01-25 13:55:56,015 - INFO - 窗口句柄值: 0x804d0, 窗口位置: (971, 174)
2025-01-25 13:55:56,015 - INFO - 开始图像识别，窗口位置: (971, 174)
2025-01-25 13:55:56,134 - DEBUG - 未找到匹配图像，最大匹配度: 0.43
2025-01-25 13:55:56,136 - DEBUG - 未识别到图像: picture//jiangli.png
2025-01-25 13:55:56,636 - INFO - 窗口句柄值: 0x804d0, 窗口位置: (971, 174)
2025-01-25 13:55:56,636 - INFO - 开始图像识别，窗口位置: (971, 174)
2025-01-25 13:55:56,742 - DEBUG - 未找到匹配图像，最大匹配度: 0.38
2025-01-25 13:55:56,744 - DEBUG - 未识别到图像: screenshot.jpg
2025-01-25 13:55:57,245 - INFO - 窗口句柄值: 0x804d0, 窗口位置: (971, 174)
2025-01-25 13:55:57,245 - INFO - 开始图像识别，窗口位置: (971, 174)
2025-01-25 13:55:57,360 - DEBUG - 未找到匹配图像，最大匹配度: 0.36
2025-01-25 13:55:57,362 - DEBUG - 未识别到图像: picture//huntu.png
2025-01-25 13:55:57,863 - INFO - 窗口句柄值: 0x804d0, 窗口位置: (971, 174)
2025-01-25 13:55:57,863 - INFO - 开始图像识别，窗口位置: (971, 174)
2025-01-25 13:55:57,979 - INFO - 图像识别成功，匹配度: 0.99
2025-01-25 13:55:57,979 - DEBUG - 匹配位置 - 左上角: (1660, 766), 右下角: (1999, 1056)
2025-01-25 13:55:57,982 - INFO - 成功识别图像: picture//jiangli.png
2025-01-25 13:55:57,982 - DEBUG - 移动鼠标到: (1823, 914), 偏移量: (-6, 3)
2025-01-25 13:55:59,872 - INFO - 成功点击位置: (1829, 911)
2025-01-25 13:55:59,872 - INFO - 识别到奖励，剩余次数: 1
2025-01-25 13:55:59,872 - INFO - 窗口句柄值: 0x804d0, 窗口位置: (971, 174)
2025-01-25 13:55:59,872 - INFO - 开始图像识别，窗口位置: (971, 174)
2025-01-25 13:55:59,978 - DEBUG - 未找到匹配图像，最大匹配度: 0.31
2025-01-25 13:55:59,979 - DEBUG - 未识别到图像: screenshot.jpg
2025-01-25 13:56:00,480 - INFO - 窗口句柄值: 0x804d0, 窗口位置: (971, 174)
2025-01-25 13:56:00,480 - INFO - 开始图像识别，窗口位置: (971, 174)
2025-01-25 13:56:00,593 - DEBUG - 未找到匹配图像，最大匹配度: 0.34
2025-01-25 13:56:00,595 - DEBUG - 未识别到图像: picture//huntu.png
2025-01-25 13:56:01,096 - INFO - 窗口句柄值: 0x804d0, 窗口位置: (971, 174)
2025-01-25 13:56:01,096 - INFO - 开始图像识别，窗口位置: (971, 174)
2025-01-25 13:56:01,214 - DEBUG - 未找到匹配图像，最大匹配度: 0.50
2025-01-25 13:56:01,216 - DEBUG - 未识别到图像: picture//jiangli.png
2025-01-25 13:56:01,717 - INFO - 窗口句柄值: 0x804d0, 窗口位置: (971, 174)
2025-01-25 13:56:01,717 - INFO - 开始图像识别，窗口位置: (971, 174)
2025-01-25 13:56:01,818 - DEBUG - 未找到匹配图像，最大匹配度: 0.43
2025-01-25 13:56:01,820 - DEBUG - 未识别到图像: screenshot.jpg
2025-01-25 13:56:02,321 - INFO - 窗口句柄值: 0x804d0, 窗口位置: (971, 174)
2025-01-25 13:56:02,321 - INFO - 开始图像识别，窗口位置: (971, 174)
2025-01-25 13:56:02,431 - DEBUG - 未找到匹配图像，最大匹配度: 0.35
2025-01-25 13:56:02,434 - DEBUG - 未识别到图像: picture//huntu.png
2025-01-25 13:56:02,935 - INFO - 窗口句柄值: 0x804d0, 窗口位置: (971, 174)
2025-01-25 13:56:02,935 - INFO - 开始图像识别，窗口位置: (971, 174)
2025-01-25 13:56:03,053 - DEBUG - 未找到匹配图像，最大匹配度: 0.50
2025-01-25 13:56:03,055 - DEBUG - 未识别到图像: picture//jiangli.png
2025-01-25 13:56:03,556 - INFO - 窗口句柄值: 0x804d0, 窗口位置: (971, 174)
2025-01-25 13:56:03,556 - INFO - 开始图像识别，窗口位置: (971, 174)
2025-01-25 13:56:03,659 - DEBUG - 未找到匹配图像，最大匹配度: 0.43
2025-01-25 13:56:03,661 - DEBUG - 未识别到图像: screenshot.jpg
2025-01-25 13:56:04,163 - INFO - 窗口句柄值: 0x804d0, 窗口位置: (971, 174)
2025-01-25 13:56:04,163 - INFO - 开始图像识别，窗口位置: (971, 174)
2025-01-25 13:56:04,271 - DEBUG - 未找到匹配图像，最大匹配度: 0.35
2025-01-25 13:56:04,273 - DEBUG - 未识别到图像: picture//huntu.png
2025-01-25 13:56:04,775 - INFO - 窗口句柄值: 0x804d0, 窗口位置: (788, 147)
2025-01-25 13:56:04,775 - INFO - 开始图像识别，窗口位置: (788, 147)
2025-01-25 13:56:04,901 - DEBUG - 未找到匹配图像，最大匹配度: 0.49
2025-01-25 13:56:04,904 - DEBUG - 未识别到图像: picture//jiangli.png
2025-01-25 13:56:05,404 - INFO - 窗口句柄值: 0x804d0, 窗口位置: (783, 149)
2025-01-25 13:56:05,404 - INFO - 开始图像识别，窗口位置: (783, 149)
2025-01-25 13:56:05,510 - DEBUG - 未找到匹配图像，最大匹配度: 0.41
2025-01-25 13:56:05,511 - DEBUG - 未识别到图像: screenshot.jpg
2025-01-25 13:56:06,011 - INFO - 窗口句柄值: 0x804d0, 窗口位置: (783, 149)
2025-01-25 13:56:06,011 - INFO - 开始图像识别，窗口位置: (783, 149)
2025-01-25 13:56:06,121 - INFO - 图像识别成功，匹配度: 0.99
2025-01-25 13:56:06,122 - DEBUG - 匹配位置 - 左上角: (2292, 1009), 右下角: (2381, 1090)
2025-01-25 13:56:06,124 - INFO - 成功识别图像: picture//huntu.png
2025-01-25 13:56:06,125 - DEBUG - 移动鼠标到: (2337, 1051), 偏移量: (1, 2)
2025-01-25 13:56:07,399 - INFO - 成功点击位置: (2336, 1049)
2025-01-25 13:56:07,399 - INFO - 识别到魂土图片，等待15秒
2025-01-25 13:56:22,400 - INFO - 窗口句柄值: 0x804d0, 窗口位置: (783, 149)
2025-01-25 13:56:22,400 - INFO - 开始图像识别，窗口位置: (783, 149)
2025-01-25 13:56:22,532 - DEBUG - 未找到匹配图像，最大匹配度: 0.19
2025-01-25 13:56:22,534 - DEBUG - 未识别到图像: picture//jiangli.png
2025-01-25 13:56:23,034 - INFO - 窗口句柄值: 0x804d0, 窗口位置: (783, 149)
2025-01-25 13:56:23,034 - INFO - 开始图像识别，窗口位置: (783, 149)
2025-01-25 13:56:23,142 - DEBUG - 未找到匹配图像，最大匹配度: 0.12
2025-01-25 13:56:23,144 - DEBUG - 未识别到图像: screenshot.jpg
2025-01-25 13:56:23,645 - INFO - 窗口句柄值: 0x804d0, 窗口位置: (783, 149)
2025-01-25 13:56:23,646 - INFO - 开始图像识别，窗口位置: (783, 149)
2025-01-25 13:56:23,760 - DEBUG - 未找到匹配图像，最大匹配度: 0.24
2025-01-25 13:56:23,763 - DEBUG - 未识别到图像: picture//huntu.png
2025-01-25 13:56:24,264 - INFO - 窗口句柄值: 0x804d0, 窗口位置: (783, 149)
2025-01-25 13:56:24,264 - INFO - 开始图像识别，窗口位置: (783, 149)
2025-01-25 13:56:24,396 - DEBUG - 未找到匹配图像，最大匹配度: 0.25
2025-01-25 13:56:24,398 - DEBUG - 未识别到图像: picture//jiangli.png
2025-01-25 13:56:24,899 - INFO - 窗口句柄值: 0x804d0, 窗口位置: (783, 149)
2025-01-25 13:56:24,899 - INFO - 开始图像识别，窗口位置: (783, 149)
2025-01-25 13:56:25,021 - DEBUG - 未找到匹配图像，最大匹配度: 0.12
2025-01-25 13:56:25,022 - DEBUG - 未识别到图像: screenshot.jpg
2025-01-25 13:56:25,523 - INFO - 窗口句柄值: 0x804d0, 窗口位置: (783, 149)
2025-01-25 13:56:25,524 - INFO - 开始图像识别，窗口位置: (783, 149)
2025-01-25 13:56:25,644 - DEBUG - 未找到匹配图像，最大匹配度: 0.37
2025-01-25 13:56:25,646 - DEBUG - 未识别到图像: picture//huntu.png
2025-01-25 13:56:26,146 - INFO - 窗口句柄值: 0x804d0, 窗口位置: (783, 149)
2025-01-25 13:56:26,146 - INFO - 开始图像识别，窗口位置: (783, 149)
2025-01-25 13:56:26,272 - DEBUG - 未找到匹配图像，最大匹配度: 0.45
2025-01-25 13:56:26,274 - DEBUG - 未识别到图像: picture//jiangli.png
2025-01-25 13:56:26,775 - INFO - 窗口句柄值: 0x804d0, 窗口位置: (-48000, -48000)
2025-01-25 13:56:26,775 - INFO - 开始图像识别，窗口位置: (-48000, -48000)
2025-01-25 13:56:26,896 - DEBUG - 未找到匹配图像，最大匹配度: 0.19
2025-01-25 13:56:26,897 - DEBUG - 未识别到图像: screenshot.jpg
2025-01-25 13:56:27,398 - INFO - 窗口句柄值: 0x804d0, 窗口位置: (-48000, -48000)
2025-01-25 13:56:27,399 - INFO - 开始图像识别，窗口位置: (-48000, -48000)
2025-01-25 13:56:27,517 - DEBUG - 未找到匹配图像，最大匹配度: 0.23
2025-01-25 13:56:27,519 - DEBUG - 未识别到图像: picture//huntu.png
2025-01-25 13:56:28,021 - INFO - 窗口句柄值: 0x804d0, 窗口位置: (-48000, -48000)
2025-01-25 13:56:28,021 - INFO - 开始图像识别，窗口位置: (-48000, -48000)
2025-01-25 13:56:28,137 - DEBUG - 未找到匹配图像，最大匹配度: 0.25
2025-01-25 13:56:28,138 - DEBUG - 未识别到图像: picture//jiangli.png
2025-01-25 13:56:28,639 - INFO - 窗口句柄值: 0x804d0, 窗口位置: (-48000, -48000)
2025-01-25 13:56:28,639 - INFO - 开始图像识别，窗口位置: (-48000, -48000)
2025-01-25 13:56:28,744 - DEBUG - 未找到匹配图像，最大匹配度: 0.11
2025-01-25 13:56:28,747 - DEBUG - 未识别到图像: screenshot.jpg
2025-01-25 13:56:29,247 - INFO - 窗口句柄值: 0x804d0, 窗口位置: (-48000, -48000)
2025-01-25 13:56:29,247 - INFO - 开始图像识别，窗口位置: (-48000, -48000)
2025-01-25 13:56:29,356 - DEBUG - 未找到匹配图像，最大匹配度: 0.23
2025-01-25 13:56:29,359 - DEBUG - 未识别到图像: picture//huntu.png
2025-01-25 13:56:29,860 - INFO - 窗口句柄值: 0x804d0, 窗口位置: (-48000, -48000)
2025-01-25 13:56:29,860 - INFO - 开始图像识别，窗口位置: (-48000, -48000)
2025-01-25 13:56:29,980 - DEBUG - 未找到匹配图像，最大匹配度: 0.25
2025-01-25 13:56:29,981 - DEBUG - 未识别到图像: picture//jiangli.png
2025-01-25 13:56:30,482 - INFO - 窗口句柄值: 0x804d0, 窗口位置: (-48000, -48000)
2025-01-25 13:56:30,482 - INFO - 开始图像识别，窗口位置: (-48000, -48000)
2025-01-25 13:56:30,591 - DEBUG - 未找到匹配图像，最大匹配度: 0.10
2025-01-25 13:56:30,592 - DEBUG - 未识别到图像: screenshot.jpg
2025-01-25 13:56:31,093 - INFO - 窗口句柄值: 0x804d0, 窗口位置: (-48000, -48000)
2025-01-25 13:56:31,094 - INFO - 开始图像识别，窗口位置: (-48000, -48000)
2025-01-25 13:56:31,208 - DEBUG - 未找到匹配图像，最大匹配度: 0.23
2025-01-25 13:56:31,210 - DEBUG - 未识别到图像: picture//huntu.png
2025-01-25 13:56:31,710 - INFO - 窗口句柄值: 0x804d0, 窗口位置: (-48000, -48000)
2025-01-25 13:56:31,710 - INFO - 开始图像识别，窗口位置: (-48000, -48000)
2025-01-25 13:56:31,831 - DEBUG - 未找到匹配图像，最大匹配度: 0.25
2025-01-25 13:56:31,833 - DEBUG - 未识别到图像: picture//jiangli.png
2025-01-25 13:56:32,335 - INFO - 窗口句柄值: 0x804d0, 窗口位置: (-48000, -48000)
2025-01-25 13:56:32,335 - INFO - 开始图像识别，窗口位置: (-48000, -48000)
2025-01-25 13:56:32,440 - DEBUG - 未找到匹配图像，最大匹配度: 0.11
2025-01-25 13:56:32,441 - DEBUG - 未识别到图像: screenshot.jpg
2025-01-25 13:56:32,943 - INFO - 窗口句柄值: 0x804d0, 窗口位置: (-48000, -48000)
2025-01-25 13:56:32,943 - INFO - 开始图像识别，窗口位置: (-48000, -48000)
2025-01-25 13:56:33,053 - DEBUG - 未找到匹配图像，最大匹配度: 0.24
2025-01-25 13:56:33,056 - DEBUG - 未识别到图像: picture//huntu.png
2025-01-25 13:56:33,557 - INFO - 窗口句柄值: 0x804d0, 窗口位置: (-48000, -48000)
2025-01-25 13:56:33,557 - INFO - 开始图像识别，窗口位置: (-48000, -48000)
2025-01-25 13:56:33,676 - DEBUG - 未找到匹配图像，最大匹配度: 0.25
2025-01-25 13:56:33,678 - DEBUG - 未识别到图像: picture//jiangli.png
2025-01-25 13:56:34,179 - INFO - 窗口句柄值: 0x804d0, 窗口位置: (-48000, -48000)
2025-01-25 13:56:34,179 - INFO - 开始图像识别，窗口位置: (-48000, -48000)
2025-01-25 13:56:34,286 - DEBUG - 未找到匹配图像，最大匹配度: 0.09
2025-01-25 13:56:34,287 - DEBUG - 未识别到图像: screenshot.jpg
2025-01-25 13:56:34,788 - INFO - 窗口句柄值: 0x804d0, 窗口位置: (-48000, -48000)
2025-01-25 13:56:34,788 - INFO - 开始图像识别，窗口位置: (-48000, -48000)
2025-01-25 13:56:34,902 - DEBUG - 未找到匹配图像，最大匹配度: 0.23
2025-01-25 13:56:34,905 - DEBUG - 未识别到图像: picture//huntu.png
2025-01-25 13:56:35,406 - INFO - 窗口句柄值: 0x804d0, 窗口位置: (-48000, -48000)
2025-01-25 13:56:35,406 - INFO - 开始图像识别，窗口位置: (-48000, -48000)
2025-01-25 13:56:35,536 - DEBUG - 未找到匹配图像，最大匹配度: 0.25
2025-01-25 13:56:35,537 - DEBUG - 未识别到图像: picture//jiangli.png
2025-01-25 13:56:36,039 - INFO - 窗口句柄值: 0x804d0, 窗口位置: (-48000, -48000)
2025-01-25 13:56:36,039 - INFO - 开始图像识别，窗口位置: (-48000, -48000)
2025-01-25 13:56:36,147 - DEBUG - 未找到匹配图像，最大匹配度: 0.07
2025-01-25 13:56:36,148 - DEBUG - 未识别到图像: screenshot.jpg
2025-01-25 13:56:36,649 - INFO - 窗口句柄值: 0x804d0, 窗口位置: (-48000, -48000)
2025-01-25 13:56:36,649 - INFO - 开始图像识别，窗口位置: (-48000, -48000)
2025-01-25 13:56:36,758 - DEBUG - 未找到匹配图像，最大匹配度: 0.23
2025-01-25 13:56:36,760 - DEBUG - 未识别到图像: picture//huntu.png
2025-01-25 13:56:37,261 - INFO - 窗口句柄值: 0x804d0, 窗口位置: (-48000, -48000)
2025-01-25 13:56:37,261 - INFO - 开始图像识别，窗口位置: (-48000, -48000)
2025-01-25 13:56:37,380 - DEBUG - 未找到匹配图像，最大匹配度: 0.25
2025-01-25 13:56:37,382 - DEBUG - 未识别到图像: picture//jiangli.png
2025-01-25 13:56:37,882 - INFO - 窗口句柄值: 0x804d0, 窗口位置: (-48000, -48000)
2025-01-25 13:56:37,882 - INFO - 开始图像识别，窗口位置: (-48000, -48000)
2025-01-25 13:56:37,984 - DEBUG - 未找到匹配图像，最大匹配度: 0.07
2025-01-25 13:56:37,986 - DEBUG - 未识别到图像: screenshot.jpg
2025-01-25 13:56:38,487 - INFO - 窗口句柄值: 0x804d0, 窗口位置: (-48000, -48000)
2025-01-25 13:56:38,487 - INFO - 开始图像识别，窗口位置: (-48000, -48000)
2025-01-25 13:56:38,608 - DEBUG - 未找到匹配图像，最大匹配度: 0.23
2025-01-25 13:56:38,611 - DEBUG - 未识别到图像: picture//huntu.png
2025-01-25 13:56:39,112 - INFO - 窗口句柄值: 0x804d0, 窗口位置: (-48000, -48000)
2025-01-25 13:56:39,112 - INFO - 开始图像识别，窗口位置: (-48000, -48000)
2025-01-25 13:56:39,227 - DEBUG - 未找到匹配图像，最大匹配度: 0.25
2025-01-25 13:56:39,229 - DEBUG - 未识别到图像: picture//jiangli.png
2025-01-25 13:56:39,729 - INFO - 窗口句柄值: 0x804d0, 窗口位置: (-48000, -48000)
2025-01-25 13:56:39,729 - INFO - 开始图像识别，窗口位置: (-48000, -48000)
2025-01-25 13:56:39,831 - DEBUG - 未找到匹配图像，最大匹配度: 0.07
2025-01-25 13:56:39,832 - DEBUG - 未识别到图像: screenshot.jpg
2025-01-25 13:56:40,334 - INFO - 窗口句柄值: 0x804d0, 窗口位置: (-48000, -48000)
2025-01-25 13:56:40,334 - INFO - 开始图像识别，窗口位置: (-48000, -48000)
2025-01-25 13:56:40,447 - DEBUG - 未找到匹配图像，最大匹配度: 0.23
2025-01-25 13:56:40,449 - DEBUG - 未识别到图像: picture//huntu.png
2025-01-25 13:56:40,950 - INFO - 窗口句柄值: 0x804d0, 窗口位置: (783, 149)
2025-01-25 13:56:40,950 - INFO - 开始图像识别，窗口位置: (783, 149)
2025-01-25 13:56:41,075 - INFO - 图像识别成功，匹配度: 0.97
2025-01-25 13:56:41,075 - DEBUG - 匹配位置 - 左上角: (1471, 746), 右下角: (1810, 1036)
2025-01-25 13:56:41,077 - INFO - 成功识别图像: picture//jiangli.png
2025-01-25 13:56:41,077 - DEBUG - 移动鼠标到: (1639, 881), 偏移量: (-1, -10)
2025-01-25 13:56:43,739 - INFO - 成功点击位置: (1640, 891)
2025-01-25 13:56:43,739 - INFO - 识别到奖励，剩余次数: 0
2025-01-25 13:56:43,739 - INFO - 窗口句柄值: 0x804d0, 窗口位置: (783, 149)
2025-01-25 13:56:43,739 - INFO - 开始图像识别，窗口位置: (783, 149)
2025-01-25 13:56:43,842 - DEBUG - 未找到匹配图像，最大匹配度: 0.36
2025-01-25 13:56:43,843 - DEBUG - 未识别到图像: screenshot.jpg
2025-01-25 13:56:44,344 - INFO - 当前循环完成
2025-01-25 13:56:44,344 - INFO - 窗口句柄值: 0x804d0, 窗口位置: (783, 149)
