2025-01-25 14:12:01,841 - INFO - 日志系统初始化完成
2025-01-25 14:12:01,853 - INFO - 程序启动
2025-01-25 14:12:01,957 - INFO - 热键设置完成 - 暂停/继续: f9, 退出: esc
2025-01-25 14:12:01,957 - INFO - 游戏控制器初始化完成
2025-01-25 14:12:01,957 - INFO - 窗口句柄值: 0x804d0, 窗口位置: (783, 149)
2025-01-25 14:12:04,283 - INFO - 用户设置攻打次数: 3
2025-01-25 14:12:04,283 - INFO - 开始任务追踪，总任务数: 3
2025-01-25 14:12:04,284 - INFO - 窗口句柄值: 0x804d0, 窗口位置: (783, 149)
2025-01-25 14:12:04,284 - INFO - 开始图像识别，窗口位置: (783, 149)
2025-01-25 14:12:04,406 - DEBUG - 未找到匹配图像，最大匹配度: 0.25
2025-01-25 14:12:04,409 - DEBUG - 未识别到图像: picture//huntu.png
2025-01-25 14:12:04,910 - INFO - 窗口句柄值: 0x804d0, 窗口位置: (783, 149)
2025-01-25 14:12:04,910 - INFO - 开始图像识别，窗口位置: (783, 149)
2025-01-25 14:12:05,036 - DEBUG - 未找到匹配图像，最大匹配度: 0.19
2025-01-25 14:12:05,037 - DEBUG - 未识别到图像: picture//jiangli.png
2025-01-25 14:12:05,537 - INFO - 窗口句柄值: 0x804d0, 窗口位置: (783, 149)
2025-01-25 14:12:05,537 - INFO - 开始图像识别，窗口位置: (783, 149)
2025-01-25 14:12:05,647 - DEBUG - 未找到匹配图像，最大匹配度: 0.12
2025-01-25 14:12:05,647 - DEBUG - 未识别到图像: screenshot.jpg
2025-01-25 14:12:06,148 - INFO - 窗口句柄值: 0x804d0, 窗口位置: (783, 149)
2025-01-25 14:12:06,148 - INFO - 开始图像识别，窗口位置: (783, 149)
2025-01-25 14:12:06,269 - DEBUG - 未找到匹配图像，最大匹配度: 0.25
2025-01-25 14:12:06,272 - DEBUG - 未识别到图像: picture//huntu.png
2025-01-25 14:12:06,772 - INFO - 窗口句柄值: 0x804d0, 窗口位置: (783, 149)
2025-01-25 14:12:06,772 - INFO - 开始图像识别，窗口位置: (783, 149)
2025-01-25 14:12:06,930 - DEBUG - 未找到匹配图像，最大匹配度: 0.19
2025-01-25 14:12:06,932 - DEBUG - 未识别到图像: picture//jiangli.png
2025-01-25 14:12:07,432 - INFO - 窗口句柄值: 0x804d0, 窗口位置: (783, 149)
2025-01-25 14:12:07,432 - INFO - 开始图像识别，窗口位置: (783, 149)
2025-01-25 14:12:07,542 - DEBUG - 未找到匹配图像，最大匹配度: 0.12
2025-01-25 14:12:07,543 - DEBUG - 未识别到图像: screenshot.jpg
2025-01-25 14:12:08,044 - INFO - 窗口句柄值: 0x804d0, 窗口位置: (783, 149)
2025-01-25 14:12:08,044 - INFO - 开始图像识别，窗口位置: (783, 149)
2025-01-25 14:12:08,159 - DEBUG - 未找到匹配图像，最大匹配度: 0.25
2025-01-25 14:12:08,161 - DEBUG - 未识别到图像: picture//huntu.png
2025-01-25 14:12:08,662 - INFO - 窗口句柄值: 0x804d0, 窗口位置: (783, 149)
2025-01-25 14:12:08,662 - INFO - 开始图像识别，窗口位置: (783, 149)
2025-01-25 14:12:08,782 - DEBUG - 未找到匹配图像，最大匹配度: 0.19
2025-01-25 14:12:08,784 - DEBUG - 未识别到图像: picture//jiangli.png
2025-01-25 14:12:09,285 - INFO - 窗口句柄值: 0x804d0, 窗口位置: (783, 149)
2025-01-25 14:12:09,285 - INFO - 开始图像识别，窗口位置: (783, 149)
2025-01-25 14:12:09,392 - DEBUG - 未找到匹配图像，最大匹配度: 0.12
2025-01-25 14:12:09,393 - DEBUG - 未识别到图像: screenshot.jpg
2025-01-25 14:12:09,894 - INFO - 窗口句柄值: 0x804d0, 窗口位置: (783, 149)
2025-01-25 14:12:09,894 - INFO - 开始图像识别，窗口位置: (783, 149)
2025-01-25 14:12:10,008 - DEBUG - 未找到匹配图像，最大匹配度: 0.25
2025-01-25 14:12:10,011 - DEBUG - 未识别到图像: picture//huntu.png
2025-01-25 14:12:10,512 - INFO - 窗口句柄值: 0x804d0, 窗口位置: (783, 149)
2025-01-25 14:12:10,512 - INFO - 开始图像识别，窗口位置: (783, 149)
2025-01-25 14:12:10,634 - DEBUG - 未找到匹配图像，最大匹配度: 0.21
2025-01-25 14:12:10,635 - DEBUG - 未识别到图像: picture//jiangli.png
2025-01-25 14:12:11,137 - INFO - 窗口句柄值: 0x804d0, 窗口位置: (783, 149)
2025-01-25 14:12:11,137 - INFO - 开始图像识别，窗口位置: (783, 149)
2025-01-25 14:12:11,246 - DEBUG - 未找到匹配图像，最大匹配度: 0.11
2025-01-25 14:12:11,247 - DEBUG - 未识别到图像: screenshot.jpg
2025-01-25 14:12:11,747 - INFO - 窗口句柄值: 0x804d0, 窗口位置: (783, 149)
2025-01-25 14:12:11,747 - INFO - 开始图像识别，窗口位置: (783, 149)
2025-01-25 14:12:11,865 - DEBUG - 未找到匹配图像，最大匹配度: 0.25
2025-01-25 14:12:11,867 - DEBUG - 未识别到图像: picture//huntu.png
2025-01-25 14:12:12,368 - INFO - 窗口句柄值: 0x804d0, 窗口位置: (783, 149)
2025-01-25 14:12:12,368 - INFO - 开始图像识别，窗口位置: (783, 149)
2025-01-25 14:12:12,503 - DEBUG - 未找到匹配图像，最大匹配度: 0.26
2025-01-25 14:12:12,505 - DEBUG - 未识别到图像: picture//jiangli.png
2025-01-25 14:12:13,006 - INFO - 窗口句柄值: 0x804d0, 窗口位置: (783, 149)
2025-01-25 14:12:13,006 - INFO - 开始图像识别，窗口位置: (783, 149)
2025-01-25 14:12:13,124 - DEBUG - 未找到匹配图像，最大匹配度: 0.41
2025-01-25 14:12:13,125 - DEBUG - 未识别到图像: screenshot.jpg
2025-01-25 14:12:13,625 - INFO - 窗口句柄值: 0x804d0, 窗口位置: (783, 149)
2025-01-25 14:12:13,625 - INFO - 开始图像识别，窗口位置: (783, 149)
2025-01-25 14:12:13,741 - DEBUG - 未找到匹配图像，最大匹配度: 0.36
2025-01-25 14:12:13,743 - DEBUG - 未识别到图像: picture//huntu.png
2025-01-25 14:12:14,243 - INFO - 窗口句柄值: 0x804d0, 窗口位置: (783, 149)
2025-01-25 14:12:14,243 - INFO - 开始图像识别，窗口位置: (783, 149)
2025-01-25 14:12:14,371 - INFO - 图像识别成功，匹配度: 0.99
2025-01-25 14:12:14,371 - DEBUG - 匹配位置 - 左上角: (1472, 741), 右下角: (1811, 1031)
2025-01-25 14:12:14,373 - INFO - 成功识别图像: picture//jiangli.png
2025-01-25 14:12:14,374 - DEBUG - 移动鼠标到: (1635, 894), 偏移量: (-6, 8)
2025-01-25 14:12:15,941 - INFO - 成功点击位置: (1641, 886)
2025-01-25 14:12:15,941 - INFO - 识别到奖励，剩余次数: 2
2025-01-25 14:12:15,941 - INFO - 窗口句柄值: 0x804d0, 窗口位置: (783, 149)
2025-01-25 14:12:15,941 - INFO - 开始图像识别，窗口位置: (783, 149)
2025-01-25 14:12:16,055 - DEBUG - 未找到匹配图像，最大匹配度: 0.38
2025-01-25 14:12:16,056 - DEBUG - 未识别到图像: screenshot.jpg
2025-01-25 14:12:16,557 - INFO - 窗口句柄值: 0x804d0, 窗口位置: (783, 149)
2025-01-25 14:12:16,557 - INFO - 开始图像识别，窗口位置: (783, 149)
2025-01-25 14:12:16,668 - INFO - 图像识别成功，匹配度: 0.99
2025-01-25 14:12:16,668 - DEBUG - 匹配位置 - 左上角: (2292, 1009), 右下角: (2381, 1090)
2025-01-25 14:12:16,669 - INFO - 成功识别图像: picture//huntu.png
2025-01-25 14:12:16,670 - DEBUG - 移动鼠标到: (2326, 1040), 偏移量: (-10, -9)
2025-01-25 14:12:18,108 - INFO - 成功点击位置: (2336, 1049)
2025-01-25 14:12:18,108 - INFO - 识别到魂土图片，等待23秒
2025-01-25 14:12:41,108 - INFO - 窗口句柄值: 0x804d0, 窗口位置: (863, 161)
2025-01-25 14:12:41,108 - INFO - 开始图像识别，窗口位置: (863, 161)
2025-01-25 14:12:41,268 - DEBUG - 未找到匹配图像，最大匹配度: 0.18
2025-01-25 14:12:41,270 - DEBUG - 未识别到图像: picture//jiangli.png
2025-01-25 14:12:41,770 - INFO - 窗口句柄值: 0x804d0, 窗口位置: (863, 161)
2025-01-25 14:12:41,770 - INFO - 开始图像识别，窗口位置: (863, 161)
2025-01-25 14:12:41,887 - DEBUG - 未找到匹配图像，最大匹配度: 0.13
2025-01-25 14:12:41,889 - DEBUG - 未识别到图像: screenshot.jpg
2025-01-25 14:12:42,390 - INFO - 窗口句柄值: 0x804d0, 窗口位置: (863, 161)
2025-01-25 14:12:42,390 - INFO - 开始图像识别，窗口位置: (863, 161)
2025-01-25 14:12:42,494 - DEBUG - 未找到匹配图像，最大匹配度: 0.28
2025-01-25 14:12:42,495 - DEBUG - 未识别到图像: picture//huntu.png
2025-01-25 14:12:42,996 - INFO - 窗口句柄值: 0x804d0, 窗口位置: (863, 161)
2025-01-25 14:12:42,996 - INFO - 开始图像识别，窗口位置: (863, 161)
2025-01-25 14:12:43,127 - DEBUG - 未找到匹配图像，最大匹配度: 0.18
2025-01-25 14:12:43,129 - DEBUG - 未识别到图像: picture//jiangli.png
2025-01-25 14:12:43,629 - INFO - 窗口句柄值: 0x804d0, 窗口位置: (863, 161)
2025-01-25 14:12:43,629 - INFO - 开始图像识别，窗口位置: (863, 161)
2025-01-25 14:12:43,735 - DEBUG - 未找到匹配图像，最大匹配度: 0.13
2025-01-25 14:12:43,736 - DEBUG - 未识别到图像: screenshot.jpg
2025-01-25 14:12:44,237 - INFO - 窗口句柄值: 0x804d0, 窗口位置: (863, 161)
2025-01-25 14:12:44,237 - INFO - 开始图像识别，窗口位置: (863, 161)
2025-01-25 14:12:44,349 - DEBUG - 未找到匹配图像，最大匹配度: 0.28
2025-01-25 14:12:44,351 - DEBUG - 未识别到图像: picture//huntu.png
2025-01-25 14:12:44,852 - INFO - 窗口句柄值: 0x804d0, 窗口位置: (863, 161)
2025-01-25 14:12:44,852 - INFO - 开始图像识别，窗口位置: (863, 161)
2025-01-25 14:12:44,979 - DEBUG - 未找到匹配图像，最大匹配度: 0.18
2025-01-25 14:12:44,981 - DEBUG - 未识别到图像: picture//jiangli.png
2025-01-25 14:12:45,482 - INFO - 窗口句柄值: 0x804d0, 窗口位置: (863, 161)
2025-01-25 14:12:45,482 - INFO - 开始图像识别，窗口位置: (863, 161)
2025-01-25 14:12:45,590 - DEBUG - 未找到匹配图像，最大匹配度: 0.13
2025-01-25 14:12:45,590 - DEBUG - 未识别到图像: screenshot.jpg
2025-01-25 14:12:46,092 - INFO - 窗口句柄值: 0x804d0, 窗口位置: (863, 161)
2025-01-25 14:12:46,092 - INFO - 开始图像识别，窗口位置: (863, 161)
2025-01-25 14:12:46,199 - DEBUG - 未找到匹配图像，最大匹配度: 0.28
2025-01-25 14:12:46,202 - DEBUG - 未识别到图像: picture//huntu.png
2025-01-25 14:12:46,702 - INFO - 窗口句柄值: 0x804d0, 窗口位置: (863, 161)
2025-01-25 14:12:46,702 - INFO - 开始图像识别，窗口位置: (863, 161)
2025-01-25 14:12:46,824 - DEBUG - 未找到匹配图像，最大匹配度: 0.18
2025-01-25 14:12:46,825 - DEBUG - 未识别到图像: picture//jiangli.png
2025-01-25 14:12:47,326 - INFO - 窗口句柄值: 0x804d0, 窗口位置: (863, 161)
2025-01-25 14:12:47,326 - INFO - 开始图像识别，窗口位置: (863, 161)
2025-01-25 14:12:47,442 - DEBUG - 未找到匹配图像，最大匹配度: 0.13
2025-01-25 14:12:47,444 - DEBUG - 未识别到图像: screenshot.jpg
2025-01-25 14:12:47,944 - INFO - 窗口句柄值: 0x804d0, 窗口位置: (863, 161)
2025-01-25 14:12:47,944 - INFO - 开始图像识别，窗口位置: (863, 161)
2025-01-25 14:12:48,057 - DEBUG - 未找到匹配图像，最大匹配度: 0.28
2025-01-25 14:12:48,059 - DEBUG - 未识别到图像: picture//huntu.png
2025-01-25 14:12:48,560 - INFO - 窗口句柄值: 0x804d0, 窗口位置: (863, 161)
2025-01-25 14:12:48,560 - INFO - 开始图像识别，窗口位置: (863, 161)
2025-01-25 14:12:48,682 - DEBUG - 未找到匹配图像，最大匹配度: 0.18
2025-01-25 14:12:48,684 - DEBUG - 未识别到图像: picture//jiangli.png
2025-01-25 14:12:49,184 - INFO - 窗口句柄值: 0x804d0, 窗口位置: (863, 161)
2025-01-25 14:12:49,184 - INFO - 开始图像识别，窗口位置: (863, 161)
2025-01-25 14:12:49,292 - DEBUG - 未找到匹配图像，最大匹配度: 0.13
2025-01-25 14:12:49,293 - DEBUG - 未识别到图像: screenshot.jpg
2025-01-25 14:12:49,794 - INFO - 窗口句柄值: 0x804d0, 窗口位置: (863, 161)
2025-01-25 14:12:49,794 - INFO - 开始图像识别，窗口位置: (863, 161)
2025-01-25 14:12:49,900 - DEBUG - 未找到匹配图像，最大匹配度: 0.28
2025-01-25 14:12:49,902 - DEBUG - 未识别到图像: picture//huntu.png
2025-01-25 14:12:50,403 - INFO - 窗口句柄值: 0x804d0, 窗口位置: (863, 161)
2025-01-25 14:12:50,403 - INFO - 开始图像识别，窗口位置: (863, 161)
2025-01-25 14:12:50,526 - DEBUG - 未找到匹配图像，最大匹配度: 0.18
2025-01-25 14:12:50,528 - DEBUG - 未识别到图像: picture//jiangli.png
2025-01-25 14:12:51,029 - INFO - 窗口句柄值: 0x804d0, 窗口位置: (863, 161)
2025-01-25 14:12:51,029 - INFO - 开始图像识别，窗口位置: (863, 161)
2025-01-25 14:12:51,133 - DEBUG - 未找到匹配图像，最大匹配度: 0.13
2025-01-25 14:12:51,134 - DEBUG - 未识别到图像: screenshot.jpg
2025-01-25 14:12:51,634 - INFO - 窗口句柄值: 0x804d0, 窗口位置: (863, 161)
2025-01-25 14:12:51,634 - INFO - 开始图像识别，窗口位置: (863, 161)
2025-01-25 14:12:51,744 - DEBUG - 未找到匹配图像，最大匹配度: 0.28
2025-01-25 14:12:51,747 - DEBUG - 未识别到图像: picture//huntu.png
2025-01-25 14:12:52,248 - INFO - 窗口句柄值: 0x804d0, 窗口位置: (863, 161)
2025-01-25 14:12:52,248 - INFO - 开始图像识别，窗口位置: (863, 161)
2025-01-25 14:12:52,368 - DEBUG - 未找到匹配图像，最大匹配度: 0.18
2025-01-25 14:12:52,370 - DEBUG - 未识别到图像: picture//jiangli.png
2025-01-25 14:12:52,870 - INFO - 窗口句柄值: 0x804d0, 窗口位置: (863, 161)
2025-01-25 14:12:52,870 - INFO - 开始图像识别，窗口位置: (863, 161)
2025-01-25 14:12:52,976 - DEBUG - 未找到匹配图像，最大匹配度: 0.13
2025-01-25 14:12:52,978 - DEBUG - 未识别到图像: screenshot.jpg
2025-01-25 14:12:53,479 - INFO - 窗口句柄值: 0x804d0, 窗口位置: (863, 161)
2025-01-25 14:12:53,479 - INFO - 开始图像识别，窗口位置: (863, 161)
2025-01-25 14:12:53,590 - DEBUG - 未找到匹配图像，最大匹配度: 0.28
2025-01-25 14:12:53,593 - DEBUG - 未识别到图像: picture//huntu.png
2025-01-25 14:12:54,093 - INFO - 窗口句柄值: 0x804d0, 窗口位置: (863, 161)
2025-01-25 14:12:54,093 - INFO - 开始图像识别，窗口位置: (863, 161)
2025-01-25 14:12:54,215 - DEBUG - 未找到匹配图像，最大匹配度: 0.18
2025-01-25 14:12:54,217 - DEBUG - 未识别到图像: picture//jiangli.png
2025-01-25 14:12:54,717 - INFO - 窗口句柄值: 0x804d0, 窗口位置: (863, 161)
2025-01-25 14:12:54,717 - INFO - 开始图像识别，窗口位置: (863, 161)
2025-01-25 14:12:54,822 - DEBUG - 未找到匹配图像，最大匹配度: 0.13
2025-01-25 14:12:54,824 - DEBUG - 未识别到图像: screenshot.jpg
2025-01-25 14:12:55,325 - INFO - 窗口句柄值: 0x804d0, 窗口位置: (863, 161)
2025-01-25 14:12:55,325 - INFO - 开始图像识别，窗口位置: (863, 161)
2025-01-25 14:12:55,437 - DEBUG - 未找到匹配图像，最大匹配度: 0.28
2025-01-25 14:12:55,439 - DEBUG - 未识别到图像: picture//huntu.png
2025-01-25 14:12:55,939 - INFO - 窗口句柄值: 0x804d0, 窗口位置: (863, 161)
2025-01-25 14:12:55,939 - INFO - 开始图像识别，窗口位置: (863, 161)
2025-01-25 14:12:56,059 - DEBUG - 未找到匹配图像，最大匹配度: 0.18
2025-01-25 14:12:56,060 - DEBUG - 未识别到图像: picture//jiangli.png
2025-01-25 14:12:56,561 - INFO - 窗口句柄值: 0x804d0, 窗口位置: (863, 161)
2025-01-25 14:12:56,561 - INFO - 开始图像识别，窗口位置: (863, 161)
2025-01-25 14:12:56,668 - DEBUG - 未找到匹配图像，最大匹配度: 0.13
2025-01-25 14:12:56,670 - DEBUG - 未识别到图像: screenshot.jpg
2025-01-25 14:12:57,171 - INFO - 窗口句柄值: 0x804d0, 窗口位置: (863, 161)
2025-01-25 14:12:57,171 - INFO - 开始图像识别，窗口位置: (863, 161)
2025-01-25 14:12:57,286 - DEBUG - 未找到匹配图像，最大匹配度: 0.28
2025-01-25 14:12:57,288 - DEBUG - 未识别到图像: picture//huntu.png
2025-01-25 14:12:57,788 - INFO - 窗口句柄值: 0x804d0, 窗口位置: (863, 161)
2025-01-25 14:12:57,788 - INFO - 开始图像识别，窗口位置: (863, 161)
2025-01-25 14:12:57,904 - DEBUG - 未找到匹配图像，最大匹配度: 0.18
2025-01-25 14:12:57,906 - DEBUG - 未识别到图像: picture//jiangli.png
2025-01-25 14:12:58,407 - INFO - 窗口句柄值: 0x804d0, 窗口位置: (863, 161)
2025-01-25 14:12:58,407 - INFO - 开始图像识别，窗口位置: (863, 161)
2025-01-25 14:12:58,517 - DEBUG - 未找到匹配图像，最大匹配度: 0.13
2025-01-25 14:12:58,518 - DEBUG - 未识别到图像: screenshot.jpg
2025-01-25 14:12:59,018 - INFO - 窗口句柄值: 0x804d0, 窗口位置: (863, 161)
2025-01-25 14:12:59,018 - INFO - 开始图像识别，窗口位置: (863, 161)
2025-01-25 14:12:59,127 - DEBUG - 未找到匹配图像，最大匹配度: 0.28
2025-01-25 14:12:59,129 - DEBUG - 未识别到图像: picture//huntu.png
2025-01-25 14:12:59,630 - INFO - 窗口句柄值: 0x804d0, 窗口位置: (863, 161)
2025-01-25 14:12:59,630 - INFO - 开始图像识别，窗口位置: (863, 161)
2025-01-25 14:12:59,750 - DEBUG - 未找到匹配图像，最大匹配度: 0.18
2025-01-25 14:12:59,753 - DEBUG - 未识别到图像: picture//jiangli.png
2025-01-25 14:13:00,254 - INFO - 窗口句柄值: 0x804d0, 窗口位置: (863, 161)
2025-01-25 14:13:00,254 - INFO - 开始图像识别，窗口位置: (863, 161)
2025-01-25 14:13:00,360 - DEBUG - 未找到匹配图像，最大匹配度: 0.13
2025-01-25 14:13:00,362 - DEBUG - 未识别到图像: screenshot.jpg
2025-01-25 14:13:00,862 - INFO - 窗口句柄值: 0x804d0, 窗口位置: (863, 161)
2025-01-25 14:13:00,862 - INFO - 开始图像识别，窗口位置: (863, 161)
2025-01-25 14:13:00,970 - DEBUG - 未找到匹配图像，最大匹配度: 0.28
2025-01-25 14:13:00,973 - DEBUG - 未识别到图像: picture//huntu.png
2025-01-25 14:13:01,473 - INFO - 窗口句柄值: 0x804d0, 窗口位置: (863, 161)
2025-01-25 14:13:01,473 - INFO - 开始图像识别，窗口位置: (863, 161)
2025-01-25 14:13:01,590 - DEBUG - 未找到匹配图像，最大匹配度: 0.18
2025-01-25 14:13:01,593 - DEBUG - 未识别到图像: picture//jiangli.png
2025-01-25 14:13:02,093 - INFO - 窗口句柄值: 0x804d0, 窗口位置: (863, 161)
2025-01-25 14:13:02,093 - INFO - 开始图像识别，窗口位置: (863, 161)
2025-01-25 14:13:02,200 - DEBUG - 未找到匹配图像，最大匹配度: 0.13
2025-01-25 14:13:02,203 - DEBUG - 未识别到图像: screenshot.jpg
2025-01-25 14:13:02,703 - INFO - 窗口句柄值: 0x804d0, 窗口位置: (863, 161)
2025-01-25 14:13:02,703 - INFO - 开始图像识别，窗口位置: (863, 161)
2025-01-25 14:13:02,813 - DEBUG - 未找到匹配图像，最大匹配度: 0.28
2025-01-25 14:13:02,815 - DEBUG - 未识别到图像: picture//huntu.png
2025-01-25 14:13:03,316 - INFO - 窗口句柄值: 0x804d0, 窗口位置: (863, 161)
2025-01-25 14:13:03,316 - INFO - 开始图像识别，窗口位置: (863, 161)
2025-01-25 14:13:03,445 - DEBUG - 未找到匹配图像，最大匹配度: 0.18
2025-01-25 14:13:03,447 - DEBUG - 未识别到图像: picture//jiangli.png
2025-01-25 14:13:03,947 - INFO - 窗口句柄值: 0x804d0, 窗口位置: (863, 161)
2025-01-25 14:13:03,947 - INFO - 开始图像识别，窗口位置: (863, 161)
2025-01-25 14:13:04,054 - DEBUG - 未找到匹配图像，最大匹配度: 0.13
2025-01-25 14:13:04,055 - DEBUG - 未识别到图像: screenshot.jpg
2025-01-25 14:13:04,557 - INFO - 窗口句柄值: 0x804d0, 窗口位置: (863, 161)
2025-01-25 14:13:04,557 - INFO - 开始图像识别，窗口位置: (863, 161)
2025-01-25 14:13:04,668 - DEBUG - 未找到匹配图像，最大匹配度: 0.28
2025-01-25 14:13:04,670 - DEBUG - 未识别到图像: picture//huntu.png
2025-01-25 14:13:05,171 - INFO - 窗口句柄值: 0x804d0, 窗口位置: (863, 161)
2025-01-25 14:13:05,171 - INFO - 开始图像识别，窗口位置: (863, 161)
2025-01-25 14:13:05,290 - DEBUG - 未找到匹配图像，最大匹配度: 0.18
2025-01-25 14:13:05,292 - DEBUG - 未识别到图像: picture//jiangli.png
2025-01-25 14:13:05,793 - INFO - 窗口句柄值: 0x804d0, 窗口位置: (863, 161)
2025-01-25 14:13:05,793 - INFO - 开始图像识别，窗口位置: (863, 161)
2025-01-25 14:13:05,900 - DEBUG - 未找到匹配图像，最大匹配度: 0.13
2025-01-25 14:13:05,901 - DEBUG - 未识别到图像: screenshot.jpg
2025-01-25 14:13:06,402 - INFO - 窗口句柄值: 0x804d0, 窗口位置: (863, 161)
2025-01-25 14:13:06,402 - INFO - 开始图像识别，窗口位置: (863, 161)
2025-01-25 14:13:06,510 - DEBUG - 未找到匹配图像，最大匹配度: 0.28
2025-01-25 14:13:06,513 - DEBUG - 未识别到图像: picture//huntu.png
2025-01-25 14:13:07,014 - INFO - 窗口句柄值: 0x804d0, 窗口位置: (863, 161)
2025-01-25 14:13:07,014 - INFO - 开始图像识别，窗口位置: (863, 161)
2025-01-25 14:13:07,145 - DEBUG - 未找到匹配图像，最大匹配度: 0.18
2025-01-25 14:13:07,146 - DEBUG - 未识别到图像: picture//jiangli.png
2025-01-25 14:13:07,647 - INFO - 窗口句柄值: 0x804d0, 窗口位置: (863, 161)
2025-01-25 14:13:07,647 - INFO - 开始图像识别，窗口位置: (863, 161)
2025-01-25 14:13:07,755 - DEBUG - 未找到匹配图像，最大匹配度: 0.13
2025-01-25 14:13:07,756 - DEBUG - 未识别到图像: screenshot.jpg
2025-01-25 14:13:08,257 - INFO - 窗口句柄值: 0x804d0, 窗口位置: (863, 161)
2025-01-25 14:13:08,257 - INFO - 开始图像识别，窗口位置: (863, 161)
2025-01-25 14:13:08,365 - DEBUG - 未找到匹配图像，最大匹配度: 0.28
2025-01-25 14:13:08,367 - DEBUG - 未识别到图像: picture//huntu.png
2025-01-25 14:13:08,867 - INFO - 窗口句柄值: 0x804d0, 窗口位置: (863, 161)
2025-01-25 14:13:08,867 - INFO - 开始图像识别，窗口位置: (863, 161)
2025-01-25 14:13:08,984 - DEBUG - 未找到匹配图像，最大匹配度: 0.18
2025-01-25 14:13:08,986 - DEBUG - 未识别到图像: picture//jiangli.png
2025-01-25 14:13:09,487 - INFO - 窗口句柄值: 0x804d0, 窗口位置: (863, 161)
2025-01-25 14:13:09,487 - INFO - 开始图像识别，窗口位置: (863, 161)
2025-01-25 14:13:09,599 - DEBUG - 未找到匹配图像，最大匹配度: 0.13
2025-01-25 14:13:09,600 - DEBUG - 未识别到图像: screenshot.jpg
2025-01-25 14:13:10,101 - INFO - 窗口句柄值: 0x804d0, 窗口位置: (863, 161)
2025-01-25 14:13:10,101 - INFO - 开始图像识别，窗口位置: (863, 161)
2025-01-25 14:13:10,216 - DEBUG - 未找到匹配图像，最大匹配度: 0.28
2025-01-25 14:13:10,218 - DEBUG - 未识别到图像: picture//huntu.png
2025-01-25 14:13:10,719 - INFO - 窗口句柄值: 0x804d0, 窗口位置: (863, 161)
2025-01-25 14:13:10,719 - INFO - 开始图像识别，窗口位置: (863, 161)
2025-01-25 14:13:10,842 - DEBUG - 未找到匹配图像，最大匹配度: 0.18
2025-01-25 14:13:10,844 - DEBUG - 未识别到图像: picture//jiangli.png
2025-01-25 14:13:11,345 - INFO - 窗口句柄值: 0x804d0, 窗口位置: (863, 161)
2025-01-25 14:13:11,345 - INFO - 开始图像识别，窗口位置: (863, 161)
2025-01-25 14:13:11,450 - DEBUG - 未找到匹配图像，最大匹配度: 0.11
2025-01-25 14:13:11,452 - DEBUG - 未识别到图像: screenshot.jpg
2025-01-25 14:13:11,953 - INFO - 窗口句柄值: 0x804d0, 窗口位置: (863, 161)
2025-01-25 14:13:11,953 - INFO - 开始图像识别，窗口位置: (863, 161)
2025-01-25 14:13:12,063 - DEBUG - 未找到匹配图像，最大匹配度: 0.28
2025-01-25 14:13:12,065 - DEBUG - 未识别到图像: picture//huntu.png
2025-01-25 14:13:12,565 - INFO - 窗口句柄值: 0x804d0, 窗口位置: (863, 161)
2025-01-25 14:13:12,565 - INFO - 开始图像识别，窗口位置: (863, 161)
2025-01-25 14:13:12,692 - DEBUG - 未找到匹配图像，最大匹配度: 0.22
2025-01-25 14:13:12,694 - DEBUG - 未识别到图像: picture//jiangli.png
2025-01-25 14:13:13,195 - INFO - 窗口句柄值: 0x804d0, 窗口位置: (863, 161)
2025-01-25 14:13:13,195 - INFO - 开始图像识别，窗口位置: (863, 161)
2025-01-25 14:13:13,322 - DEBUG - 未找到匹配图像，最大匹配度: 0.11
2025-01-25 14:13:13,323 - DEBUG - 未识别到图像: screenshot.jpg
2025-01-25 14:13:13,824 - INFO - 窗口句柄值: 0x804d0, 窗口位置: (863, 161)
2025-01-25 14:13:13,824 - INFO - 开始图像识别，窗口位置: (863, 161)
2025-01-25 14:13:13,934 - DEBUG - 未找到匹配图像，最大匹配度: 0.28
2025-01-25 14:13:13,936 - DEBUG - 未识别到图像: picture//huntu.png
2025-01-25 14:13:14,436 - INFO - 窗口句柄值: 0x804d0, 窗口位置: (863, 161)
2025-01-25 14:13:14,436 - INFO - 开始图像识别，窗口位置: (863, 161)
2025-01-25 14:13:14,576 - DEBUG - 未找到匹配图像，最大匹配度: 0.18
2025-01-25 14:13:14,577 - DEBUG - 未识别到图像: picture//jiangli.png
2025-01-25 14:13:15,078 - INFO - 窗口句柄值: 0x804d0, 窗口位置: (863, 161)
2025-01-25 14:13:15,078 - INFO - 开始图像识别，窗口位置: (863, 161)
2025-01-25 14:13:15,180 - DEBUG - 未找到匹配图像，最大匹配度: 0.11
2025-01-25 14:13:15,180 - DEBUG - 未识别到图像: screenshot.jpg
2025-01-25 14:13:15,682 - INFO - 窗口句柄值: 0x804d0, 窗口位置: (863, 161)
2025-01-25 14:13:15,682 - INFO - 开始图像识别，窗口位置: (863, 161)
2025-01-25 14:13:15,793 - DEBUG - 未找到匹配图像，最大匹配度: 0.28
2025-01-25 14:13:15,795 - DEBUG - 未识别到图像: picture//huntu.png
2025-01-25 14:13:16,296 - INFO - 窗口句柄值: 0x804d0, 窗口位置: (863, 161)
2025-01-25 14:13:16,296 - INFO - 开始图像识别，窗口位置: (863, 161)
2025-01-25 14:13:16,420 - DEBUG - 未找到匹配图像，最大匹配度: 0.18
2025-01-25 14:13:16,422 - DEBUG - 未识别到图像: picture//jiangli.png
2025-01-25 14:13:16,922 - INFO - 窗口句柄值: 0x804d0, 窗口位置: (863, 161)
2025-01-25 14:13:16,922 - INFO - 开始图像识别，窗口位置: (863, 161)
2025-01-25 14:13:17,029 - DEBUG - 未找到匹配图像，最大匹配度: 0.11
2025-01-25 14:13:17,030 - DEBUG - 未识别到图像: screenshot.jpg
2025-01-25 14:13:17,531 - INFO - 窗口句柄值: 0x804d0, 窗口位置: (863, 161)
2025-01-25 14:13:17,531 - INFO - 开始图像识别，窗口位置: (863, 161)
2025-01-25 14:13:17,643 - DEBUG - 未找到匹配图像，最大匹配度: 0.28
2025-01-25 14:13:17,645 - DEBUG - 未识别到图像: picture//huntu.png
2025-01-25 14:13:18,146 - INFO - 窗口句柄值: 0x804d0, 窗口位置: (863, 161)
2025-01-25 14:13:18,146 - INFO - 开始图像识别，窗口位置: (863, 161)
2025-01-25 14:13:18,271 - DEBUG - 未找到匹配图像，最大匹配度: 0.18
2025-01-25 14:13:18,273 - DEBUG - 未识别到图像: picture//jiangli.png
2025-01-25 14:13:18,774 - INFO - 窗口句柄值: 0x804d0, 窗口位置: (863, 161)
2025-01-25 14:13:18,774 - INFO - 开始图像识别，窗口位置: (863, 161)
2025-01-25 14:13:18,880 - DEBUG - 未找到匹配图像，最大匹配度: 0.11
2025-01-25 14:13:18,882 - DEBUG - 未识别到图像: screenshot.jpg
2025-01-25 14:13:19,383 - INFO - 窗口句柄值: 0x804d0, 窗口位置: (863, 161)
2025-01-25 14:13:19,383 - INFO - 开始图像识别，窗口位置: (863, 161)
2025-01-25 14:13:19,490 - DEBUG - 未找到匹配图像，最大匹配度: 0.28
2025-01-25 14:13:19,492 - DEBUG - 未识别到图像: picture//huntu.png
2025-01-25 14:13:19,994 - INFO - 窗口句柄值: 0x804d0, 窗口位置: (863, 161)
2025-01-25 14:13:19,994 - INFO - 开始图像识别，窗口位置: (863, 161)
2025-01-25 14:13:20,114 - DEBUG - 未找到匹配图像，最大匹配度: 0.18
2025-01-25 14:13:20,116 - DEBUG - 未识别到图像: picture//jiangli.png
2025-01-25 14:13:20,618 - INFO - 窗口句柄值: 0x804d0, 窗口位置: (863, 161)
2025-01-25 14:13:20,618 - INFO - 开始图像识别，窗口位置: (863, 161)
2025-01-25 14:13:20,723 - DEBUG - 未找到匹配图像，最大匹配度: 0.10
2025-01-25 14:13:20,724 - DEBUG - 未识别到图像: screenshot.jpg
2025-01-25 14:13:21,225 - INFO - 窗口句柄值: 0x804d0, 窗口位置: (863, 161)
2025-01-25 14:13:21,225 - INFO - 开始图像识别，窗口位置: (863, 161)
2025-01-25 14:13:21,332 - DEBUG - 未找到匹配图像，最大匹配度: 0.28
2025-01-25 14:13:21,334 - DEBUG - 未识别到图像: picture//huntu.png
2025-01-25 14:13:21,835 - INFO - 窗口句柄值: 0x804d0, 窗口位置: (863, 161)
2025-01-25 14:13:21,835 - INFO - 开始图像识别，窗口位置: (863, 161)
2025-01-25 14:13:21,957 - DEBUG - 未找到匹配图像，最大匹配度: 0.18
2025-01-25 14:13:21,960 - DEBUG - 未识别到图像: picture//jiangli.png
2025-01-25 14:13:22,461 - INFO - 窗口句柄值: 0x804d0, 窗口位置: (863, 161)
2025-01-25 14:13:22,461 - INFO - 开始图像识别，窗口位置: (863, 161)
2025-01-25 14:13:22,569 - DEBUG - 未找到匹配图像，最大匹配度: 0.10
2025-01-25 14:13:22,570 - DEBUG - 未识别到图像: screenshot.jpg
2025-01-25 14:13:23,071 - INFO - 窗口句柄值: 0x804d0, 窗口位置: (863, 161)
2025-01-25 14:13:23,071 - INFO - 开始图像识别，窗口位置: (863, 161)
2025-01-25 14:13:23,180 - DEBUG - 未找到匹配图像，最大匹配度: 0.28
2025-01-25 14:13:23,183 - DEBUG - 未识别到图像: picture//huntu.png
2025-01-25 14:13:23,683 - INFO - 窗口句柄值: 0x804d0, 窗口位置: (863, 161)
2025-01-25 14:13:23,683 - INFO - 开始图像识别，窗口位置: (863, 161)
2025-01-25 14:13:23,810 - DEBUG - 未找到匹配图像，最大匹配度: 0.18
2025-01-25 14:13:23,811 - DEBUG - 未识别到图像: picture//jiangli.png
2025-01-25 14:13:24,312 - INFO - 窗口句柄值: 0x804d0, 窗口位置: (863, 161)
2025-01-25 14:13:24,312 - INFO - 开始图像识别，窗口位置: (863, 161)
2025-01-25 14:13:24,420 - DEBUG - 未找到匹配图像，最大匹配度: 0.11
2025-01-25 14:13:24,421 - DEBUG - 未识别到图像: screenshot.jpg
2025-01-25 14:13:24,922 - INFO - 窗口句柄值: 0x804d0, 窗口位置: (863, 161)
2025-01-25 14:13:24,922 - INFO - 开始图像识别，窗口位置: (863, 161)
2025-01-25 14:13:25,031 - DEBUG - 未找到匹配图像，最大匹配度: 0.28
2025-01-25 14:13:25,034 - DEBUG - 未识别到图像: picture//huntu.png
2025-01-25 14:13:25,535 - INFO - 窗口句柄值: 0x804d0, 窗口位置: (863, 161)
2025-01-25 14:13:25,535 - INFO - 开始图像识别，窗口位置: (863, 161)
2025-01-25 14:13:25,663 - DEBUG - 未找到匹配图像，最大匹配度: 0.18
2025-01-25 14:13:25,665 - DEBUG - 未识别到图像: picture//jiangli.png
2025-01-25 14:13:26,166 - INFO - 窗口句柄值: 0x804d0, 窗口位置: (863, 161)
2025-01-25 14:13:26,166 - INFO - 开始图像识别，窗口位置: (863, 161)
2025-01-25 14:13:26,270 - DEBUG - 未找到匹配图像，最大匹配度: 0.12
2025-01-25 14:13:26,273 - DEBUG - 未识别到图像: screenshot.jpg
2025-01-25 14:13:26,774 - INFO - 窗口句柄值: 0x804d0, 窗口位置: (863, 161)
2025-01-25 14:13:26,774 - INFO - 开始图像识别，窗口位置: (863, 161)
2025-01-25 14:13:26,885 - DEBUG - 未找到匹配图像，最大匹配度: 0.28
2025-01-25 14:13:26,887 - DEBUG - 未识别到图像: picture//huntu.png
2025-01-25 14:13:27,388 - INFO - 窗口句柄值: 0x804d0, 窗口位置: (863, 161)
2025-01-25 14:13:27,388 - INFO - 开始图像识别，窗口位置: (863, 161)
2025-01-25 14:13:27,516 - DEBUG - 未找到匹配图像，最大匹配度: 0.18
2025-01-25 14:13:27,518 - DEBUG - 未识别到图像: picture//jiangli.png
2025-01-25 14:13:28,018 - INFO - 窗口句柄值: 0x804d0, 窗口位置: (863, 161)
2025-01-25 14:13:28,018 - INFO - 开始图像识别，窗口位置: (863, 161)
2025-01-25 14:13:28,130 - DEBUG - 未找到匹配图像，最大匹配度: 0.13
2025-01-25 14:13:28,132 - DEBUG - 未识别到图像: screenshot.jpg
2025-01-25 14:13:28,632 - INFO - 窗口句柄值: 0x804d0, 窗口位置: (863, 161)
2025-01-25 14:13:28,632 - INFO - 开始图像识别，窗口位置: (863, 161)
2025-01-25 14:13:28,753 - DEBUG - 未找到匹配图像，最大匹配度: 0.28
2025-01-25 14:13:28,755 - DEBUG - 未识别到图像: picture//huntu.png
2025-01-25 14:13:29,256 - INFO - 窗口句柄值: 0x804d0, 窗口位置: (863, 161)
2025-01-25 14:13:29,256 - INFO - 开始图像识别，窗口位置: (863, 161)
2025-01-25 14:13:29,384 - DEBUG - 未找到匹配图像，最大匹配度: 0.22
2025-01-25 14:13:29,387 - DEBUG - 未识别到图像: picture//jiangli.png
2025-01-25 14:13:29,887 - INFO - 窗口句柄值: 0x804d0, 窗口位置: (863, 161)
2025-01-25 14:13:29,887 - INFO - 开始图像识别，窗口位置: (863, 161)
2025-01-25 14:13:30,000 - DEBUG - 未找到匹配图像，最大匹配度: 0.13
2025-01-25 14:13:30,001 - DEBUG - 未识别到图像: screenshot.jpg
2025-01-25 14:13:30,502 - INFO - 窗口句柄值: 0x804d0, 窗口位置: (863, 161)
2025-01-25 14:13:30,502 - INFO - 开始图像识别，窗口位置: (863, 161)
2025-01-25 14:13:30,613 - DEBUG - 未找到匹配图像，最大匹配度: 0.28
2025-01-25 14:13:30,614 - DEBUG - 未识别到图像: picture//huntu.png
2025-01-25 14:13:31,116 - INFO - 窗口句柄值: 0x804d0, 窗口位置: (863, 161)
2025-01-25 14:13:31,116 - INFO - 开始图像识别，窗口位置: (863, 161)
2025-01-25 14:13:31,260 - DEBUG - 未找到匹配图像，最大匹配度: 0.22
2025-01-25 14:13:31,262 - DEBUG - 未识别到图像: picture//jiangli.png
2025-01-25 14:13:31,763 - INFO - 窗口句柄值: 0x804d0, 窗口位置: (863, 161)
2025-01-25 14:13:31,763 - INFO - 开始图像识别，窗口位置: (863, 161)
2025-01-25 14:13:31,870 - DEBUG - 未找到匹配图像，最大匹配度: 0.13
2025-01-25 14:13:31,871 - DEBUG - 未识别到图像: screenshot.jpg
2025-01-25 14:13:32,372 - INFO - 窗口句柄值: 0x804d0, 窗口位置: (863, 161)
2025-01-25 14:13:32,372 - INFO - 开始图像识别，窗口位置: (863, 161)
2025-01-25 14:13:32,484 - DEBUG - 未找到匹配图像，最大匹配度: 0.28
2025-01-25 14:13:32,486 - DEBUG - 未识别到图像: picture//huntu.png
2025-01-25 14:13:32,987 - INFO - 窗口句柄值: 0x804d0, 窗口位置: (863, 161)
2025-01-25 14:13:32,987 - INFO - 开始图像识别，窗口位置: (863, 161)
2025-01-25 14:13:33,108 - DEBUG - 未找到匹配图像，最大匹配度: 0.18
2025-01-25 14:13:33,110 - DEBUG - 未识别到图像: picture//jiangli.png
2025-01-25 14:13:33,611 - INFO - 窗口句柄值: 0x804d0, 窗口位置: (863, 161)
2025-01-25 14:13:33,611 - INFO - 开始图像识别，窗口位置: (863, 161)
2025-01-25 14:13:33,721 - DEBUG - 未找到匹配图像，最大匹配度: 0.14
2025-01-25 14:13:33,723 - DEBUG - 未识别到图像: screenshot.jpg
2025-01-25 14:13:34,224 - INFO - 窗口句柄值: 0x804d0, 窗口位置: (863, 161)
2025-01-25 14:13:34,224 - INFO - 开始图像识别，窗口位置: (863, 161)
2025-01-25 14:13:34,335 - DEBUG - 未找到匹配图像，最大匹配度: 0.28
2025-01-25 14:13:34,337 - DEBUG - 未识别到图像: picture//huntu.png
2025-01-25 14:13:34,838 - INFO - 窗口句柄值: 0x804d0, 窗口位置: (863, 161)
2025-01-25 14:13:34,838 - INFO - 开始图像识别，窗口位置: (863, 161)
2025-01-25 14:13:34,965 - DEBUG - 未找到匹配图像，最大匹配度: 0.18
2025-01-25 14:13:34,966 - DEBUG - 未识别到图像: picture//jiangli.png
2025-01-25 14:13:35,467 - INFO - 窗口句柄值: 0x804d0, 窗口位置: (863, 161)
2025-01-25 14:13:35,467 - INFO - 开始图像识别，窗口位置: (863, 161)
2025-01-25 14:13:35,584 - DEBUG - 未找到匹配图像，最大匹配度: 0.11
2025-01-25 14:13:35,585 - DEBUG - 未识别到图像: screenshot.jpg
2025-01-25 14:13:36,085 - INFO - 窗口句柄值: 0x804d0, 窗口位置: (863, 161)
2025-01-25 14:13:36,086 - INFO - 开始图像识别，窗口位置: (863, 161)
2025-01-25 14:13:36,196 - DEBUG - 未找到匹配图像，最大匹配度: 0.28
2025-01-25 14:13:36,197 - DEBUG - 未识别到图像: picture//huntu.png
2025-01-25 14:13:36,698 - INFO - 窗口句柄值: 0x804d0, 窗口位置: (863, 161)
2025-01-25 14:13:36,698 - INFO - 开始图像识别，窗口位置: (863, 161)
2025-01-25 14:13:36,818 - DEBUG - 未找到匹配图像，最大匹配度: 0.18
2025-01-25 14:13:36,820 - DEBUG - 未识别到图像: picture//jiangli.png
2025-01-25 14:13:37,322 - INFO - 窗口句柄值: 0x804d0, 窗口位置: (863, 161)
2025-01-25 14:13:37,322 - INFO - 开始图像识别，窗口位置: (863, 161)
2025-01-25 14:13:37,433 - DEBUG - 未找到匹配图像，最大匹配度: 0.09
2025-01-25 14:13:37,434 - DEBUG - 未识别到图像: screenshot.jpg
2025-01-25 14:13:37,935 - INFO - 窗口句柄值: 0x804d0, 窗口位置: (863, 161)
2025-01-25 14:13:37,935 - INFO - 开始图像识别，窗口位置: (863, 161)
2025-01-25 14:13:38,045 - DEBUG - 未找到匹配图像，最大匹配度: 0.28
2025-01-25 14:13:38,046 - DEBUG - 未识别到图像: picture//huntu.png
2025-01-25 14:13:38,547 - INFO - 窗口句柄值: 0x804d0, 窗口位置: (863, 161)
2025-01-25 14:13:38,547 - INFO - 开始图像识别，窗口位置: (863, 161)
2025-01-25 14:13:38,675 - DEBUG - 未找到匹配图像，最大匹配度: 0.18
2025-01-25 14:13:38,678 - DEBUG - 未识别到图像: picture//jiangli.png
2025-01-25 14:13:39,179 - INFO - 窗口句柄值: 0x804d0, 窗口位置: (863, 161)
2025-01-25 14:13:39,179 - INFO - 开始图像识别，窗口位置: (863, 161)
2025-01-25 14:13:39,283 - DEBUG - 未找到匹配图像，最大匹配度: 0.07
2025-01-25 14:13:39,285 - DEBUG - 未识别到图像: screenshot.jpg
2025-01-25 14:13:39,786 - INFO - 窗口句柄值: 0x804d0, 窗口位置: (863, 161)
2025-01-25 14:13:39,786 - INFO - 开始图像识别，窗口位置: (863, 161)
2025-01-25 14:13:39,895 - DEBUG - 未找到匹配图像，最大匹配度: 0.28
2025-01-25 14:13:39,897 - DEBUG - 未识别到图像: picture//huntu.png
2025-01-25 14:13:40,397 - INFO - 窗口句柄值: 0x804d0, 窗口位置: (863, 161)
2025-01-25 14:13:40,397 - INFO - 开始图像识别，窗口位置: (863, 161)
2025-01-25 14:13:40,520 - DEBUG - 未找到匹配图像，最大匹配度: 0.18
2025-01-25 14:13:40,521 - DEBUG - 未识别到图像: picture//jiangli.png
2025-01-25 14:13:41,022 - INFO - 窗口句柄值: 0x804d0, 窗口位置: (863, 161)
2025-01-25 14:13:41,022 - INFO - 开始图像识别，窗口位置: (863, 161)
2025-01-25 14:13:41,126 - DEBUG - 未找到匹配图像，最大匹配度: 0.09
2025-01-25 14:13:41,127 - DEBUG - 未识别到图像: screenshot.jpg
2025-01-25 14:13:41,628 - INFO - 窗口句柄值: 0x804d0, 窗口位置: (863, 161)
2025-01-25 14:13:41,628 - INFO - 开始图像识别，窗口位置: (863, 161)
2025-01-25 14:13:41,740 - DEBUG - 未找到匹配图像，最大匹配度: 0.28
2025-01-25 14:13:41,743 - DEBUG - 未识别到图像: picture//huntu.png
2025-01-25 14:13:42,243 - INFO - 窗口句柄值: 0x804d0, 窗口位置: (863, 161)
2025-01-25 14:13:42,243 - INFO - 开始图像识别，窗口位置: (863, 161)
2025-01-25 14:13:42,362 - DEBUG - 未找到匹配图像，最大匹配度: 0.18
2025-01-25 14:13:42,363 - DEBUG - 未识别到图像: picture//jiangli.png
2025-01-25 14:13:42,864 - INFO - 窗口句柄值: 0x804d0, 窗口位置: (863, 161)
2025-01-25 14:13:42,864 - INFO - 开始图像识别，窗口位置: (863, 161)
2025-01-25 14:13:42,969 - DEBUG - 未找到匹配图像，最大匹配度: 0.10
2025-01-25 14:13:42,970 - DEBUG - 未识别到图像: screenshot.jpg
2025-01-25 14:13:43,472 - INFO - 窗口句柄值: 0x804d0, 窗口位置: (863, 161)
2025-01-25 14:13:43,472 - INFO - 开始图像识别，窗口位置: (863, 161)
2025-01-25 14:13:43,581 - DEBUG - 未找到匹配图像，最大匹配度: 0.28
2025-01-25 14:13:43,583 - DEBUG - 未识别到图像: picture//huntu.png
2025-01-25 14:13:44,083 - INFO - 窗口句柄值: 0x804d0, 窗口位置: (863, 161)
2025-01-25 14:13:44,083 - INFO - 开始图像识别，窗口位置: (863, 161)
2025-01-25 14:13:44,203 - DEBUG - 未找到匹配图像，最大匹配度: 0.18
2025-01-25 14:13:44,205 - DEBUG - 未识别到图像: picture//jiangli.png
2025-01-25 14:13:44,705 - INFO - 窗口句柄值: 0x804d0, 窗口位置: (863, 161)
2025-01-25 14:13:44,705 - INFO - 开始图像识别，窗口位置: (863, 161)
2025-01-25 14:13:44,818 - DEBUG - 未找到匹配图像，最大匹配度: 0.09
2025-01-25 14:13:44,819 - DEBUG - 未识别到图像: screenshot.jpg
2025-01-25 14:13:45,320 - INFO - 窗口句柄值: 0x804d0, 窗口位置: (863, 161)
2025-01-25 14:13:45,320 - INFO - 开始图像识别，窗口位置: (863, 161)
2025-01-25 14:13:45,433 - DEBUG - 未找到匹配图像，最大匹配度: 0.28
2025-01-25 14:13:45,435 - DEBUG - 未识别到图像: picture//huntu.png
2025-01-25 14:13:45,935 - INFO - 窗口句柄值: 0x804d0, 窗口位置: (863, 161)
2025-01-25 14:13:45,935 - INFO - 开始图像识别，窗口位置: (863, 161)
2025-01-25 14:13:46,060 - DEBUG - 未找到匹配图像，最大匹配度: 0.18
2025-01-25 14:13:46,063 - DEBUG - 未识别到图像: picture//jiangli.png
2025-01-25 14:13:46,564 - INFO - 窗口句柄值: 0x804d0, 窗口位置: (863, 161)
2025-01-25 14:13:46,564 - INFO - 开始图像识别，窗口位置: (863, 161)
2025-01-25 14:13:46,666 - DEBUG - 未找到匹配图像，最大匹配度: 0.09
2025-01-25 14:13:46,667 - DEBUG - 未识别到图像: screenshot.jpg
2025-01-25 14:13:47,169 - INFO - 窗口句柄值: 0x804d0, 窗口位置: (863, 161)
2025-01-25 14:13:47,169 - INFO - 开始图像识别，窗口位置: (863, 161)
2025-01-25 14:13:47,280 - DEBUG - 未找到匹配图像，最大匹配度: 0.28
2025-01-25 14:13:47,283 - DEBUG - 未识别到图像: picture//huntu.png
2025-01-25 14:13:47,783 - INFO - 窗口句柄值: 0x804d0, 窗口位置: (863, 161)
2025-01-25 14:13:47,783 - INFO - 开始图像识别，窗口位置: (863, 161)
2025-01-25 14:13:47,906 - DEBUG - 未找到匹配图像，最大匹配度: 0.18
2025-01-25 14:13:47,908 - DEBUG - 未识别到图像: picture//jiangli.png
2025-01-25 14:13:48,410 - INFO - 窗口句柄值: 0x804d0, 窗口位置: (863, 161)
2025-01-25 14:13:48,410 - INFO - 开始图像识别，窗口位置: (863, 161)
2025-01-25 14:13:48,515 - DEBUG - 未找到匹配图像，最大匹配度: 0.09
2025-01-25 14:13:48,517 - DEBUG - 未识别到图像: screenshot.jpg
2025-01-25 14:13:49,018 - INFO - 窗口句柄值: 0x804d0, 窗口位置: (863, 161)
2025-01-25 14:13:49,018 - INFO - 开始图像识别，窗口位置: (863, 161)
2025-01-25 14:13:49,133 - DEBUG - 未找到匹配图像，最大匹配度: 0.28
2025-01-25 14:13:49,135 - DEBUG - 未识别到图像: picture//huntu.png
2025-01-25 14:13:49,637 - INFO - 窗口句柄值: 0x804d0, 窗口位置: (863, 161)
2025-01-25 14:13:49,637 - INFO - 开始图像识别，窗口位置: (863, 161)
2025-01-25 14:13:49,760 - DEBUG - 未找到匹配图像，最大匹配度: 0.18
2025-01-25 14:13:49,763 - DEBUG - 未识别到图像: picture//jiangli.png
2025-01-25 14:13:50,264 - INFO - 窗口句柄值: 0x804d0, 窗口位置: (863, 161)
2025-01-25 14:13:50,264 - INFO - 开始图像识别，窗口位置: (863, 161)
2025-01-25 14:13:50,369 - DEBUG - 未找到匹配图像，最大匹配度: 0.09
2025-01-25 14:13:50,370 - DEBUG - 未识别到图像: screenshot.jpg
2025-01-25 14:13:50,871 - INFO - 窗口句柄值: 0x804d0, 窗口位置: (863, 161)
2025-01-25 14:13:50,871 - INFO - 开始图像识别，窗口位置: (863, 161)
2025-01-25 14:13:50,987 - DEBUG - 未找到匹配图像，最大匹配度: 0.28
2025-01-25 14:13:50,989 - DEBUG - 未识别到图像: picture//huntu.png
2025-01-25 14:13:51,490 - INFO - 窗口句柄值: 0x804d0, 窗口位置: (863, 161)
2025-01-25 14:13:51,490 - INFO - 开始图像识别，窗口位置: (863, 161)
2025-01-25 14:13:51,613 - DEBUG - 未找到匹配图像，最大匹配度: 0.18
2025-01-25 14:13:51,615 - DEBUG - 未识别到图像: picture//jiangli.png
2025-01-25 14:13:52,116 - INFO - 窗口句柄值: 0x804d0, 窗口位置: (863, 161)
2025-01-25 14:13:52,116 - INFO - 开始图像识别，窗口位置: (863, 161)
2025-01-25 14:13:52,246 - DEBUG - 未找到匹配图像，最大匹配度: 0.08
2025-01-25 14:13:52,247 - DEBUG - 未识别到图像: screenshot.jpg
2025-01-25 14:13:52,747 - INFO - 窗口句柄值: 0x804d0, 窗口位置: (863, 161)
2025-01-25 14:13:52,747 - INFO - 开始图像识别，窗口位置: (863, 161)
2025-01-25 14:13:52,858 - DEBUG - 未找到匹配图像，最大匹配度: 0.28
2025-01-25 14:13:52,860 - DEBUG - 未识别到图像: picture//huntu.png
2025-01-25 14:13:53,361 - INFO - 窗口句柄值: 0x804d0, 窗口位置: (863, 161)
2025-01-25 14:13:53,361 - INFO - 开始图像识别，窗口位置: (863, 161)
2025-01-25 14:13:53,489 - DEBUG - 未找到匹配图像，最大匹配度: 0.33
2025-01-25 14:13:53,491 - DEBUG - 未识别到图像: picture//jiangli.png
2025-01-25 14:13:53,992 - INFO - 窗口句柄值: 0x804d0, 窗口位置: (863, 161)
2025-01-25 14:13:53,992 - INFO - 开始图像识别，窗口位置: (863, 161)
2025-01-25 14:13:54,108 - DEBUG - 未找到匹配图像，最大匹配度: 0.12
2025-01-25 14:13:54,109 - DEBUG - 未识别到图像: screenshot.jpg
2025-01-25 14:13:54,610 - INFO - 窗口句柄值: 0x804d0, 窗口位置: (863, 161)
2025-01-25 14:13:54,610 - INFO - 开始图像识别，窗口位置: (863, 161)
2025-01-25 14:13:54,725 - DEBUG - 未找到匹配图像，最大匹配度: 0.28
2025-01-25 14:13:54,727 - DEBUG - 未识别到图像: picture//huntu.png
2025-01-25 14:13:55,228 - INFO - 窗口句柄值: 0x804d0, 窗口位置: (863, 161)
2025-01-25 14:13:55,228 - INFO - 开始图像识别，窗口位置: (863, 161)
2025-01-25 14:13:55,353 - DEBUG - 未找到匹配图像，最大匹配度: 0.18
2025-01-25 14:13:55,356 - DEBUG - 未识别到图像: picture//jiangli.png
2025-01-25 14:13:55,857 - INFO - 窗口句柄值: 0x804d0, 窗口位置: (863, 161)
2025-01-25 14:13:55,857 - INFO - 开始图像识别，窗口位置: (863, 161)
2025-01-25 14:13:55,968 - DEBUG - 未找到匹配图像，最大匹配度: 0.09
2025-01-25 14:13:55,969 - DEBUG - 未识别到图像: screenshot.jpg
2025-01-25 14:13:56,470 - INFO - 窗口句柄值: 0x804d0, 窗口位置: (863, 161)
2025-01-25 14:13:56,470 - INFO - 开始图像识别，窗口位置: (863, 161)
2025-01-25 14:13:56,583 - DEBUG - 未找到匹配图像，最大匹配度: 0.28
2025-01-25 14:13:56,586 - DEBUG - 未识别到图像: picture//huntu.png
2025-01-25 14:13:57,086 - INFO - 窗口句柄值: 0x804d0, 窗口位置: (863, 161)
2025-01-25 14:13:57,086 - INFO - 开始图像识别，窗口位置: (863, 161)
2025-01-25 14:13:57,231 - DEBUG - 未找到匹配图像，最大匹配度: 0.18
2025-01-25 14:13:57,232 - DEBUG - 未识别到图像: picture//jiangli.png
2025-01-25 14:13:57,733 - INFO - 窗口句柄值: 0x804d0, 窗口位置: (863, 161)
2025-01-25 14:13:57,733 - INFO - 开始图像识别，窗口位置: (863, 161)
2025-01-25 14:13:57,835 - DEBUG - 未找到匹配图像，最大匹配度: 0.08
2025-01-25 14:13:57,836 - DEBUG - 未识别到图像: screenshot.jpg
2025-01-25 14:13:58,337 - INFO - 窗口句柄值: 0x804d0, 窗口位置: (863, 161)
2025-01-25 14:13:58,337 - INFO - 开始图像识别，窗口位置: (863, 161)
2025-01-25 14:13:58,445 - DEBUG - 未找到匹配图像，最大匹配度: 0.28
2025-01-25 14:13:58,447 - DEBUG - 未识别到图像: picture//huntu.png
2025-01-25 14:13:58,948 - INFO - 窗口句柄值: 0x804d0, 窗口位置: (863, 161)
2025-01-25 14:13:58,948 - INFO - 开始图像识别，窗口位置: (863, 161)
2025-01-25 14:13:59,076 - DEBUG - 未找到匹配图像，最大匹配度: 0.17
2025-01-25 14:13:59,078 - DEBUG - 未识别到图像: picture//jiangli.png
2025-01-25 14:13:59,578 - INFO - 窗口句柄值: 0x804d0, 窗口位置: (863, 161)
2025-01-25 14:13:59,578 - INFO - 开始图像识别，窗口位置: (863, 161)
2025-01-25 14:13:59,684 - DEBUG - 未找到匹配图像，最大匹配度: 0.09
2025-01-25 14:13:59,686 - DEBUG - 未识别到图像: screenshot.jpg
2025-01-25 14:14:00,186 - INFO - 窗口句柄值: 0x804d0, 窗口位置: (863, 161)
2025-01-25 14:14:00,186 - INFO - 开始图像识别，窗口位置: (863, 161)
2025-01-25 14:14:00,300 - DEBUG - 未找到匹配图像，最大匹配度: 0.28
2025-01-25 14:14:00,302 - DEBUG - 未识别到图像: picture//huntu.png
2025-01-25 14:14:00,803 - INFO - 窗口句柄值: 0x804d0, 窗口位置: (863, 161)
2025-01-25 14:14:00,803 - INFO - 开始图像识别，窗口位置: (863, 161)
2025-01-25 14:14:00,930 - DEBUG - 未找到匹配图像，最大匹配度: 0.17
2025-01-25 14:14:00,932 - DEBUG - 未识别到图像: picture//jiangli.png
2025-01-25 14:14:01,434 - INFO - 窗口句柄值: 0x804d0, 窗口位置: (863, 161)
2025-01-25 14:14:01,434 - INFO - 开始图像识别，窗口位置: (863, 161)
2025-01-25 14:14:01,537 - DEBUG - 未找到匹配图像，最大匹配度: 0.09
2025-01-25 14:14:01,538 - DEBUG - 未识别到图像: screenshot.jpg
2025-01-25 14:14:02,040 - INFO - 窗口句柄值: 0x804d0, 窗口位置: (863, 161)
2025-01-25 14:14:02,040 - INFO - 开始图像识别，窗口位置: (863, 161)
2025-01-25 14:14:02,150 - DEBUG - 未找到匹配图像，最大匹配度: 0.28
2025-01-25 14:14:02,152 - DEBUG - 未识别到图像: picture//huntu.png
2025-01-25 14:14:02,653 - INFO - 窗口句柄值: 0x804d0, 窗口位置: (863, 161)
2025-01-25 14:14:02,653 - INFO - 开始图像识别，窗口位置: (863, 161)
2025-01-25 14:14:02,778 - DEBUG - 未找到匹配图像，最大匹配度: 0.17
2025-01-25 14:14:02,781 - DEBUG - 未识别到图像: picture//jiangli.png
2025-01-25 14:14:03,281 - INFO - 窗口句柄值: 0x804d0, 窗口位置: (863, 161)
2025-01-25 14:14:03,281 - INFO - 开始图像识别，窗口位置: (863, 161)
2025-01-25 14:14:03,385 - DEBUG - 未找到匹配图像，最大匹配度: 0.09
2025-01-25 14:14:03,387 - DEBUG - 未识别到图像: screenshot.jpg
2025-01-25 14:14:03,888 - INFO - 窗口句柄值: 0x804d0, 窗口位置: (863, 161)
2025-01-25 14:14:03,888 - INFO - 开始图像识别，窗口位置: (863, 161)
2025-01-25 14:14:04,002 - DEBUG - 未找到匹配图像，最大匹配度: 0.28
2025-01-25 14:14:04,005 - DEBUG - 未识别到图像: picture//huntu.png
2025-01-25 14:14:04,506 - INFO - 窗口句柄值: 0x804d0, 窗口位置: (863, 161)
2025-01-25 14:14:04,506 - INFO - 开始图像识别，窗口位置: (863, 161)
2025-01-25 14:14:04,630 - DEBUG - 未找到匹配图像，最大匹配度: 0.17
2025-01-25 14:14:04,631 - DEBUG - 未识别到图像: picture//jiangli.png
2025-01-25 14:14:05,132 - INFO - 窗口句柄值: 0x804d0, 窗口位置: (863, 161)
2025-01-25 14:14:05,132 - INFO - 开始图像识别，窗口位置: (863, 161)
2025-01-25 14:14:05,237 - DEBUG - 未找到匹配图像，最大匹配度: 0.08
2025-01-25 14:14:05,238 - DEBUG - 未识别到图像: screenshot.jpg
2025-01-25 14:14:05,739 - INFO - 窗口句柄值: 0x804d0, 窗口位置: (863, 161)
2025-01-25 14:14:05,739 - INFO - 开始图像识别，窗口位置: (863, 161)
2025-01-25 14:14:05,849 - DEBUG - 未找到匹配图像，最大匹配度: 0.28
2025-01-25 14:14:05,851 - DEBUG - 未识别到图像: picture//huntu.png
2025-01-25 14:14:06,352 - INFO - 窗口句柄值: 0x804d0, 窗口位置: (863, 161)
2025-01-25 14:14:06,352 - INFO - 开始图像识别，窗口位置: (863, 161)
2025-01-25 14:14:06,477 - DEBUG - 未找到匹配图像，最大匹配度: 0.17
2025-01-25 14:14:06,479 - DEBUG - 未识别到图像: picture//jiangli.png
2025-01-25 14:14:06,980 - INFO - 窗口句柄值: 0x804d0, 窗口位置: (863, 161)
2025-01-25 14:14:06,980 - INFO - 开始图像识别，窗口位置: (863, 161)
2025-01-25 14:14:07,088 - DEBUG - 未找到匹配图像，最大匹配度: 0.09
2025-01-25 14:14:07,091 - DEBUG - 未识别到图像: screenshot.jpg
2025-01-25 14:14:07,591 - INFO - 窗口句柄值: 0x804d0, 窗口位置: (863, 161)
2025-01-25 14:14:07,592 - INFO - 开始图像识别，窗口位置: (863, 161)
2025-01-25 14:14:07,698 - DEBUG - 未找到匹配图像，最大匹配度: 0.28
2025-01-25 14:14:07,700 - DEBUG - 未识别到图像: picture//huntu.png
2025-01-25 14:14:08,201 - INFO - 窗口句柄值: 0x804d0, 窗口位置: (863, 161)
2025-01-25 14:14:08,201 - INFO - 开始图像识别，窗口位置: (863, 161)
2025-01-25 14:14:08,317 - DEBUG - 未找到匹配图像，最大匹配度: 0.17
2025-01-25 14:14:08,320 - DEBUG - 未识别到图像: picture//jiangli.png
2025-01-25 14:14:08,821 - INFO - 窗口句柄值: 0x804d0, 窗口位置: (863, 161)
2025-01-25 14:14:08,821 - INFO - 开始图像识别，窗口位置: (863, 161)
2025-01-25 14:14:08,928 - DEBUG - 未找到匹配图像，最大匹配度: 0.09
2025-01-25 14:14:08,930 - DEBUG - 未识别到图像: screenshot.jpg
2025-01-25 14:14:09,431 - INFO - 窗口句柄值: 0x804d0, 窗口位置: (863, 161)
2025-01-25 14:14:09,431 - INFO - 开始图像识别，窗口位置: (863, 161)
2025-01-25 14:14:09,539 - DEBUG - 未找到匹配图像，最大匹配度: 0.28
2025-01-25 14:14:09,541 - DEBUG - 未识别到图像: picture//huntu.png
2025-01-25 14:14:10,042 - INFO - 窗口句柄值: 0x804d0, 窗口位置: (863, 161)
2025-01-25 14:14:10,042 - INFO - 开始图像识别，窗口位置: (863, 161)
2025-01-25 14:14:10,159 - DEBUG - 未找到匹配图像，最大匹配度: 0.17
2025-01-25 14:14:10,161 - DEBUG - 未识别到图像: picture//jiangli.png
2025-01-25 14:14:10,662 - INFO - 窗口句柄值: 0x804d0, 窗口位置: (863, 161)
2025-01-25 14:14:10,662 - INFO - 开始图像识别，窗口位置: (863, 161)
2025-01-25 14:14:10,771 - DEBUG - 未找到匹配图像，最大匹配度: 0.09
2025-01-25 14:14:10,772 - DEBUG - 未识别到图像: screenshot.jpg
2025-01-25 14:14:11,273 - INFO - 窗口句柄值: 0x804d0, 窗口位置: (863, 161)
2025-01-25 14:14:11,273 - INFO - 开始图像识别，窗口位置: (863, 161)
2025-01-25 14:14:11,382 - DEBUG - 未找到匹配图像，最大匹配度: 0.28
2025-01-25 14:14:11,384 - DEBUG - 未识别到图像: picture//huntu.png
2025-01-25 14:14:11,886 - INFO - 窗口句柄值: 0x804d0, 窗口位置: (863, 161)
2025-01-25 14:14:11,886 - INFO - 开始图像识别，窗口位置: (863, 161)
2025-01-25 14:14:12,006 - DEBUG - 未找到匹配图像，最大匹配度: 0.17
2025-01-25 14:14:12,009 - DEBUG - 未识别到图像: picture//jiangli.png
2025-01-25 14:14:12,509 - INFO - 窗口句柄值: 0x804d0, 窗口位置: (863, 161)
2025-01-25 14:14:12,509 - INFO - 开始图像识别，窗口位置: (863, 161)
2025-01-25 14:14:12,608 - DEBUG - 未找到匹配图像，最大匹配度: 0.09
2025-01-25 14:14:12,610 - DEBUG - 未识别到图像: screenshot.jpg
2025-01-25 14:14:13,110 - INFO - 窗口句柄值: 0x804d0, 窗口位置: (863, 161)
2025-01-25 14:14:13,110 - INFO - 开始图像识别，窗口位置: (863, 161)
2025-01-25 14:14:13,217 - DEBUG - 未找到匹配图像，最大匹配度: 0.28
2025-01-25 14:14:13,220 - DEBUG - 未识别到图像: picture//huntu.png
2025-01-25 14:14:13,720 - INFO - 窗口句柄值: 0x804d0, 窗口位置: (863, 161)
2025-01-25 14:14:13,720 - INFO - 开始图像识别，窗口位置: (863, 161)
2025-01-25 14:14:13,837 - DEBUG - 未找到匹配图像，最大匹配度: 0.17
2025-01-25 14:14:13,840 - DEBUG - 未识别到图像: picture//jiangli.png
2025-01-25 14:14:14,341 - INFO - 窗口句柄值: 0x804d0, 窗口位置: (863, 161)
2025-01-25 14:14:14,341 - INFO - 开始图像识别，窗口位置: (863, 161)
2025-01-25 14:14:14,450 - DEBUG - 未找到匹配图像，最大匹配度: 0.09
2025-01-25 14:14:14,452 - DEBUG - 未识别到图像: screenshot.jpg
2025-01-25 14:14:14,952 - INFO - 窗口句柄值: 0x804d0, 窗口位置: (863, 161)
2025-01-25 14:14:14,952 - INFO - 开始图像识别，窗口位置: (863, 161)
2025-01-25 14:14:15,063 - DEBUG - 未找到匹配图像，最大匹配度: 0.28
2025-01-25 14:14:15,065 - DEBUG - 未识别到图像: picture//huntu.png
2025-01-25 14:14:15,565 - INFO - 窗口句柄值: 0x804d0, 窗口位置: (863, 161)
2025-01-25 14:14:15,565 - INFO - 开始图像识别，窗口位置: (863, 161)
2025-01-25 14:14:15,691 - DEBUG - 未找到匹配图像，最大匹配度: 0.17
2025-01-25 14:14:15,693 - DEBUG - 未识别到图像: picture//jiangli.png
2025-01-25 14:14:16,194 - INFO - 窗口句柄值: 0x804d0, 窗口位置: (863, 161)
2025-01-25 14:14:16,194 - INFO - 开始图像识别，窗口位置: (863, 161)
2025-01-25 14:14:16,302 - DEBUG - 未找到匹配图像，最大匹配度: 0.09
2025-01-25 14:14:16,303 - DEBUG - 未识别到图像: screenshot.jpg
2025-01-25 14:14:16,803 - INFO - 窗口句柄值: 0x804d0, 窗口位置: (863, 161)
2025-01-25 14:14:16,804 - INFO - 开始图像识别，窗口位置: (863, 161)
2025-01-25 14:14:16,912 - DEBUG - 未找到匹配图像，最大匹配度: 0.28
2025-01-25 14:14:16,915 - DEBUG - 未识别到图像: picture//huntu.png
2025-01-25 14:14:17,416 - INFO - 窗口句柄值: 0x804d0, 窗口位置: (863, 161)
2025-01-25 14:14:17,416 - INFO - 开始图像识别，窗口位置: (863, 161)
2025-01-25 14:14:17,537 - DEBUG - 未找到匹配图像，最大匹配度: 0.17
2025-01-25 14:14:17,539 - DEBUG - 未识别到图像: picture//jiangli.png
2025-01-25 14:14:18,040 - INFO - 窗口句柄值: 0x804d0, 窗口位置: (863, 161)
2025-01-25 14:14:18,040 - INFO - 开始图像识别，窗口位置: (863, 161)
2025-01-25 14:14:18,144 - DEBUG - 未找到匹配图像，最大匹配度: 0.09
2025-01-25 14:14:18,145 - DEBUG - 未识别到图像: screenshot.jpg
2025-01-25 14:14:18,646 - INFO - 窗口句柄值: 0x804d0, 窗口位置: (863, 161)
2025-01-25 14:14:18,646 - INFO - 开始图像识别，窗口位置: (863, 161)
2025-01-25 14:14:18,759 - DEBUG - 未找到匹配图像，最大匹配度: 0.28
2025-01-25 14:14:18,760 - DEBUG - 未识别到图像: picture//huntu.png
2025-01-25 14:14:19,261 - INFO - 窗口句柄值: 0x804d0, 窗口位置: (863, 161)
2025-01-25 14:14:19,261 - INFO - 开始图像识别，窗口位置: (863, 161)
2025-01-25 14:14:19,383 - DEBUG - 未找到匹配图像，最大匹配度: 0.17
2025-01-25 14:14:19,385 - DEBUG - 未识别到图像: picture//jiangli.png
2025-01-25 14:14:19,885 - INFO - 窗口句柄值: 0x804d0, 窗口位置: (863, 161)
2025-01-25 14:14:19,885 - INFO - 开始图像识别，窗口位置: (863, 161)
2025-01-25 14:14:19,995 - DEBUG - 未找到匹配图像，最大匹配度: 0.09
2025-01-25 14:14:19,996 - DEBUG - 未识别到图像: screenshot.jpg
2025-01-25 14:14:20,497 - INFO - 窗口句柄值: 0x804d0, 窗口位置: (863, 161)
2025-01-25 14:14:20,497 - INFO - 开始图像识别，窗口位置: (863, 161)
2025-01-25 14:14:20,608 - DEBUG - 未找到匹配图像，最大匹配度: 0.28
2025-01-25 14:14:20,610 - DEBUG - 未识别到图像: picture//huntu.png
2025-01-25 14:14:21,112 - INFO - 窗口句柄值: 0x804d0, 窗口位置: (863, 161)
2025-01-25 14:14:21,112 - INFO - 开始图像识别，窗口位置: (863, 161)
2025-01-25 14:14:21,243 - DEBUG - 未找到匹配图像，最大匹配度: 0.30
2025-01-25 14:14:21,244 - DEBUG - 未识别到图像: picture//jiangli.png
2025-01-25 14:14:21,746 - INFO - 窗口句柄值: 0x804d0, 窗口位置: (863, 161)
2025-01-25 14:14:21,746 - INFO - 开始图像识别，窗口位置: (863, 161)
2025-01-25 14:14:21,854 - DEBUG - 未找到匹配图像，最大匹配度: 0.11
2025-01-25 14:14:21,855 - DEBUG - 未识别到图像: screenshot.jpg
2025-01-25 14:14:22,356 - INFO - 窗口句柄值: 0x804d0, 窗口位置: (863, 161)
2025-01-25 14:14:22,356 - INFO - 开始图像识别，窗口位置: (863, 161)
2025-01-25 14:14:22,465 - DEBUG - 未找到匹配图像，最大匹配度: 0.28
2025-01-25 14:14:22,467 - DEBUG - 未识别到图像: picture//huntu.png
2025-01-25 14:14:22,967 - INFO - 窗口句柄值: 0x804d0, 窗口位置: (863, 161)
2025-01-25 14:14:22,967 - INFO - 开始图像识别，窗口位置: (863, 161)
2025-01-25 14:14:23,092 - DEBUG - 未找到匹配图像，最大匹配度: 0.30
2025-01-25 14:14:23,094 - DEBUG - 未识别到图像: picture//jiangli.png
2025-01-25 14:14:23,596 - INFO - 窗口句柄值: 0x804d0, 窗口位置: (863, 161)
2025-01-25 14:14:23,596 - INFO - 开始图像识别，窗口位置: (863, 161)
2025-01-25 14:14:23,704 - DEBUG - 未找到匹配图像，最大匹配度: 0.11
2025-01-25 14:14:23,705 - DEBUG - 未识别到图像: screenshot.jpg
2025-01-25 14:14:24,206 - INFO - 窗口句柄值: 0x804d0, 窗口位置: (863, 161)
2025-01-25 14:14:24,207 - INFO - 开始图像识别，窗口位置: (863, 161)
2025-01-25 14:14:24,313 - DEBUG - 未找到匹配图像，最大匹配度: 0.28
2025-01-25 14:14:24,316 - DEBUG - 未识别到图像: picture//huntu.png
2025-01-25 14:14:24,817 - INFO - 窗口句柄值: 0x804d0, 窗口位置: (863, 161)
2025-01-25 14:14:24,817 - INFO - 开始图像识别，窗口位置: (863, 161)
2025-01-25 14:14:24,935 - DEBUG - 未找到匹配图像，最大匹配度: 0.30
2025-01-25 14:14:24,937 - DEBUG - 未识别到图像: picture//jiangli.png
2025-01-25 14:14:25,437 - INFO - 窗口句柄值: 0x804d0, 窗口位置: (863, 161)
2025-01-25 14:14:25,437 - INFO - 开始图像识别，窗口位置: (863, 161)
2025-01-25 14:14:25,542 - DEBUG - 未找到匹配图像，最大匹配度: 0.11
2025-01-25 14:14:25,544 - DEBUG - 未识别到图像: screenshot.jpg
2025-01-25 14:14:26,045 - INFO - 窗口句柄值: 0x804d0, 窗口位置: (863, 161)
2025-01-25 14:14:26,045 - INFO - 开始图像识别，窗口位置: (863, 161)
2025-01-25 14:14:26,159 - DEBUG - 未找到匹配图像，最大匹配度: 0.28
2025-01-25 14:14:26,160 - DEBUG - 未识别到图像: picture//huntu.png
2025-01-25 14:14:26,661 - INFO - 窗口句柄值: 0x804d0, 窗口位置: (863, 161)
2025-01-25 14:14:26,661 - INFO - 开始图像识别，窗口位置: (863, 161)
2025-01-25 14:14:26,784 - DEBUG - 未找到匹配图像，最大匹配度: 0.29
2025-01-25 14:14:26,786 - DEBUG - 未识别到图像: picture//jiangli.png
2025-01-25 14:14:27,287 - INFO - 窗口句柄值: 0x804d0, 窗口位置: (863, 161)
2025-01-25 14:14:27,287 - INFO - 开始图像识别，窗口位置: (863, 161)
2025-01-25 14:14:27,394 - DEBUG - 未找到匹配图像，最大匹配度: 0.14
2025-01-25 14:14:27,395 - DEBUG - 未识别到图像: screenshot.jpg
2025-01-25 14:14:27,896 - INFO - 窗口句柄值: 0x804d0, 窗口位置: (863, 161)
2025-01-25 14:14:27,896 - INFO - 开始图像识别，窗口位置: (863, 161)
2025-01-25 14:14:28,007 - DEBUG - 未找到匹配图像，最大匹配度: 0.28
2025-01-25 14:14:28,010 - DEBUG - 未识别到图像: picture//huntu.png
2025-01-25 14:14:28,511 - INFO - 窗口句柄值: 0x804d0, 窗口位置: (863, 161)
2025-01-25 14:14:28,511 - INFO - 开始图像识别，窗口位置: (863, 161)
2025-01-25 14:14:28,643 - DEBUG - 未找到匹配图像，最大匹配度: 0.29
2025-01-25 14:14:28,645 - DEBUG - 未识别到图像: picture//jiangli.png
2025-01-25 14:14:29,146 - INFO - 窗口句柄值: 0x804d0, 窗口位置: (863, 161)
2025-01-25 14:14:29,146 - INFO - 开始图像识别，窗口位置: (863, 161)
2025-01-25 14:14:29,254 - DEBUG - 未找到匹配图像，最大匹配度: 0.12
2025-01-25 14:14:29,255 - DEBUG - 未识别到图像: screenshot.jpg
2025-01-25 14:14:29,756 - INFO - 窗口句柄值: 0x804d0, 窗口位置: (863, 161)
2025-01-25 14:14:29,756 - INFO - 开始图像识别，窗口位置: (863, 161)
2025-01-25 14:14:29,866 - DEBUG - 未找到匹配图像，最大匹配度: 0.28
2025-01-25 14:14:29,867 - DEBUG - 未识别到图像: picture//huntu.png
2025-01-25 14:14:30,368 - INFO - 窗口句柄值: 0x804d0, 窗口位置: (863, 161)
2025-01-25 14:14:30,368 - INFO - 开始图像识别，窗口位置: (863, 161)
2025-01-25 14:14:30,493 - DEBUG - 未找到匹配图像，最大匹配度: 0.29
2025-01-25 14:14:30,495 - DEBUG - 未识别到图像: picture//jiangli.png
2025-01-25 14:14:30,996 - INFO - 窗口句柄值: 0x804d0, 窗口位置: (863, 161)
2025-01-25 14:14:30,996 - INFO - 开始图像识别，窗口位置: (863, 161)
2025-01-25 14:14:31,106 - DEBUG - 未找到匹配图像，最大匹配度: 0.11
2025-01-25 14:14:31,107 - DEBUG - 未识别到图像: screenshot.jpg
2025-01-25 14:14:31,608 - INFO - 窗口句柄值: 0x804d0, 窗口位置: (863, 161)
2025-01-25 14:14:31,608 - INFO - 开始图像识别，窗口位置: (863, 161)
2025-01-25 14:14:31,715 - DEBUG - 未找到匹配图像，最大匹配度: 0.28
2025-01-25 14:14:31,716 - DEBUG - 未识别到图像: picture//huntu.png
2025-01-25 14:14:32,217 - INFO - 窗口句柄值: 0x804d0, 窗口位置: (863, 161)
2025-01-25 14:14:32,217 - INFO - 开始图像识别，窗口位置: (863, 161)
2025-01-25 14:14:32,342 - DEBUG - 未找到匹配图像，最大匹配度: 0.18
2025-01-25 14:14:32,344 - DEBUG - 未识别到图像: picture//jiangli.png
2025-01-25 14:14:32,844 - INFO - 窗口句柄值: 0x804d0, 窗口位置: (863, 161)
2025-01-25 14:14:32,844 - INFO - 开始图像识别，窗口位置: (863, 161)
2025-01-25 14:14:32,950 - DEBUG - 未找到匹配图像，最大匹配度: 0.08
2025-01-25 14:14:32,951 - DEBUG - 未识别到图像: screenshot.jpg
2025-01-25 14:14:33,452 - INFO - 窗口句柄值: 0x804d0, 窗口位置: (863, 161)
2025-01-25 14:14:33,452 - INFO - 开始图像识别，窗口位置: (863, 161)
2025-01-25 14:14:33,569 - DEBUG - 未找到匹配图像，最大匹配度: 0.28
2025-01-25 14:14:33,572 - DEBUG - 未识别到图像: picture//huntu.png
2025-01-25 14:14:34,073 - INFO - 窗口句柄值: 0x804d0, 窗口位置: (863, 161)
2025-01-25 14:14:34,073 - INFO - 开始图像识别，窗口位置: (863, 161)
2025-01-25 14:14:34,205 - DEBUG - 未找到匹配图像，最大匹配度: 0.17
2025-01-25 14:14:34,207 - DEBUG - 未识别到图像: picture//jiangli.png
2025-01-25 14:14:34,708 - INFO - 窗口句柄值: 0x804d0, 窗口位置: (863, 161)
2025-01-25 14:14:34,708 - INFO - 开始图像识别，窗口位置: (863, 161)
2025-01-25 14:14:34,811 - DEBUG - 未找到匹配图像，最大匹配度: 0.07
2025-01-25 14:14:34,813 - DEBUG - 未识别到图像: screenshot.jpg
2025-01-25 14:14:35,314 - INFO - 窗口句柄值: 0x804d0, 窗口位置: (863, 161)
2025-01-25 14:14:35,314 - INFO - 开始图像识别，窗口位置: (863, 161)
2025-01-25 14:14:35,426 - DEBUG - 未找到匹配图像，最大匹配度: 0.28
2025-01-25 14:14:35,428 - DEBUG - 未识别到图像: picture//huntu.png
2025-01-25 14:14:35,929 - INFO - 窗口句柄值: 0x804d0, 窗口位置: (863, 161)
2025-01-25 14:14:35,929 - INFO - 开始图像识别，窗口位置: (863, 161)
2025-01-25 14:14:36,058 - DEBUG - 未找到匹配图像，最大匹配度: 0.17
2025-01-25 14:14:36,060 - DEBUG - 未识别到图像: picture//jiangli.png
2025-01-25 14:14:36,561 - INFO - 窗口句柄值: 0x804d0, 窗口位置: (863, 161)
2025-01-25 14:14:36,561 - INFO - 开始图像识别，窗口位置: (863, 161)
2025-01-25 14:14:36,674 - DEBUG - 未找到匹配图像，最大匹配度: 0.08
2025-01-25 14:14:36,675 - DEBUG - 未识别到图像: screenshot.jpg
2025-01-25 14:14:37,175 - INFO - 窗口句柄值: 0x804d0, 窗口位置: (863, 161)
2025-01-25 14:14:37,175 - INFO - 开始图像识别，窗口位置: (863, 161)
2025-01-25 14:14:37,285 - DEBUG - 未找到匹配图像，最大匹配度: 0.28
2025-01-25 14:14:37,287 - DEBUG - 未识别到图像: picture//huntu.png
2025-01-25 14:14:37,788 - INFO - 窗口句柄值: 0x804d0, 窗口位置: (863, 161)
2025-01-25 14:14:37,788 - INFO - 开始图像识别，窗口位置: (863, 161)
2025-01-25 14:14:37,922 - DEBUG - 未找到匹配图像，最大匹配度: 0.21
2025-01-25 14:14:37,924 - DEBUG - 未识别到图像: picture//jiangli.png
2025-01-25 14:14:38,425 - INFO - 窗口句柄值: 0x804d0, 窗口位置: (863, 161)
2025-01-25 14:14:38,425 - INFO - 开始图像识别，窗口位置: (863, 161)
2025-01-25 14:14:38,529 - DEBUG - 未找到匹配图像，最大匹配度: 0.07
2025-01-25 14:14:38,531 - DEBUG - 未识别到图像: screenshot.jpg
2025-01-25 14:14:39,032 - INFO - 窗口句柄值: 0x804d0, 窗口位置: (863, 161)
2025-01-25 14:14:39,032 - INFO - 开始图像识别，窗口位置: (863, 161)
2025-01-25 14:14:39,140 - DEBUG - 未找到匹配图像，最大匹配度: 0.28
2025-01-25 14:14:39,142 - DEBUG - 未识别到图像: picture//huntu.png
2025-01-25 14:14:39,643 - INFO - 窗口句柄值: 0x804d0, 窗口位置: (863, 161)
2025-01-25 14:14:39,643 - INFO - 开始图像识别，窗口位置: (863, 161)
2025-01-25 14:14:39,766 - DEBUG - 未找到匹配图像，最大匹配度: 0.20
2025-01-25 14:14:39,768 - DEBUG - 未识别到图像: picture//jiangli.png
2025-01-25 14:14:40,269 - INFO - 窗口句柄值: 0x804d0, 窗口位置: (863, 161)
2025-01-25 14:14:40,269 - INFO - 开始图像识别，窗口位置: (863, 161)
2025-01-25 14:14:40,375 - DEBUG - 未找到匹配图像，最大匹配度: 0.12
2025-01-25 14:14:40,377 - DEBUG - 未识别到图像: screenshot.jpg
2025-01-25 14:14:40,877 - INFO - 窗口句柄值: 0x804d0, 窗口位置: (863, 161)
2025-01-25 14:14:40,877 - INFO - 开始图像识别，窗口位置: (863, 161)
2025-01-25 14:14:40,990 - DEBUG - 未找到匹配图像，最大匹配度: 0.28
2025-01-25 14:14:40,992 - DEBUG - 未识别到图像: picture//huntu.png
2025-01-25 14:14:41,493 - INFO - 窗口句柄值: 0x804d0, 窗口位置: (863, 161)
2025-01-25 14:14:41,493 - INFO - 开始图像识别，窗口位置: (863, 161)
2025-01-25 14:14:41,617 - DEBUG - 未找到匹配图像，最大匹配度: 0.18
2025-01-25 14:14:41,620 - DEBUG - 未识别到图像: picture//jiangli.png
2025-01-25 14:14:42,121 - INFO - 窗口句柄值: 0x804d0, 窗口位置: (863, 161)
2025-01-25 14:14:42,121 - INFO - 开始图像识别，窗口位置: (863, 161)
2025-01-25 14:14:42,231 - DEBUG - 未找到匹配图像，最大匹配度: 0.09
2025-01-25 14:14:42,232 - DEBUG - 未识别到图像: screenshot.jpg
2025-01-25 14:14:42,733 - INFO - 窗口句柄值: 0x804d0, 窗口位置: (863, 161)
2025-01-25 14:14:42,733 - INFO - 开始图像识别，窗口位置: (863, 161)
2025-01-25 14:14:42,838 - DEBUG - 未找到匹配图像，最大匹配度: 0.28
2025-01-25 14:14:42,841 - DEBUG - 未识别到图像: picture//huntu.png
2025-01-25 14:14:43,342 - INFO - 窗口句柄值: 0x804d0, 窗口位置: (863, 161)
2025-01-25 14:14:43,342 - INFO - 开始图像识别，窗口位置: (863, 161)
2025-01-25 14:14:43,473 - DEBUG - 未找到匹配图像，最大匹配度: 0.17
2025-01-25 14:14:43,475 - DEBUG - 未识别到图像: picture//jiangli.png
2025-01-25 14:14:43,976 - INFO - 窗口句柄值: 0x804d0, 窗口位置: (863, 161)
2025-01-25 14:14:43,976 - INFO - 开始图像识别，窗口位置: (863, 161)
2025-01-25 14:14:44,090 - DEBUG - 未找到匹配图像，最大匹配度: 0.09
2025-01-25 14:14:44,091 - DEBUG - 未识别到图像: screenshot.jpg
2025-01-25 14:14:44,592 - INFO - 窗口句柄值: 0x804d0, 窗口位置: (863, 161)
2025-01-25 14:14:44,592 - INFO - 开始图像识别，窗口位置: (863, 161)
2025-01-25 14:14:44,707 - DEBUG - 未找到匹配图像，最大匹配度: 0.28
2025-01-25 14:14:44,710 - DEBUG - 未识别到图像: picture//huntu.png
2025-01-25 14:14:45,210 - INFO - 窗口句柄值: 0x804d0, 窗口位置: (863, 161)
2025-01-25 14:14:45,210 - INFO - 开始图像识别，窗口位置: (863, 161)
2025-01-25 14:14:45,350 - DEBUG - 未找到匹配图像，最大匹配度: 0.17
2025-01-25 14:14:45,352 - DEBUG - 未识别到图像: picture//jiangli.png
2025-01-25 14:14:45,853 - INFO - 窗口句柄值: 0x804d0, 窗口位置: (863, 161)
2025-01-25 14:14:45,853 - INFO - 开始图像识别，窗口位置: (863, 161)
2025-01-25 14:14:45,958 - DEBUG - 未找到匹配图像，最大匹配度: 0.10
2025-01-25 14:14:45,959 - DEBUG - 未识别到图像: screenshot.jpg
2025-01-25 14:14:46,460 - INFO - 窗口句柄值: 0x804d0, 窗口位置: (863, 161)
2025-01-25 14:14:46,460 - INFO - 开始图像识别，窗口位置: (863, 161)
2025-01-25 14:14:46,568 - DEBUG - 未找到匹配图像，最大匹配度: 0.28
2025-01-25 14:14:46,570 - DEBUG - 未识别到图像: picture//huntu.png
2025-01-25 14:14:47,071 - INFO - 窗口句柄值: 0x804d0, 窗口位置: (863, 161)
2025-01-25 14:14:47,071 - INFO - 开始图像识别，窗口位置: (863, 161)
2025-01-25 14:14:47,219 - DEBUG - 未找到匹配图像，最大匹配度: 0.25
2025-01-25 14:14:47,222 - DEBUG - 未识别到图像: picture//jiangli.png
2025-01-25 14:14:47,722 - INFO - 窗口句柄值: 0x804d0, 窗口位置: (863, 161)
2025-01-25 14:14:47,722 - INFO - 开始图像识别，窗口位置: (863, 161)
2025-01-25 14:14:47,836 - DEBUG - 未找到匹配图像，最大匹配度: 0.13
2025-01-25 14:14:47,837 - DEBUG - 未识别到图像: screenshot.jpg
2025-01-25 14:14:48,338 - INFO - 窗口句柄值: 0x804d0, 窗口位置: (863, 161)
2025-01-25 14:14:48,338 - INFO - 开始图像识别，窗口位置: (863, 161)
2025-01-25 14:14:48,446 - DEBUG - 未找到匹配图像，最大匹配度: 0.28
2025-01-25 14:14:48,450 - DEBUG - 未识别到图像: picture//huntu.png
2025-01-25 14:14:48,950 - INFO - 窗口句柄值: 0x804d0, 窗口位置: (863, 161)
2025-01-25 14:14:48,950 - INFO - 开始图像识别，窗口位置: (863, 161)
2025-01-25 14:14:49,084 - DEBUG - 未找到匹配图像，最大匹配度: 0.31
2025-01-25 14:14:49,086 - DEBUG - 未识别到图像: picture//jiangli.png
2025-01-25 14:14:49,587 - INFO - 窗口句柄值: 0x804d0, 窗口位置: (863, 161)
2025-01-25 14:14:49,587 - INFO - 开始图像识别，窗口位置: (863, 161)
2025-01-25 14:14:49,707 - DEBUG - 未找到匹配图像，最大匹配度: 0.10
2025-01-25 14:14:49,708 - DEBUG - 未识别到图像: screenshot.jpg
2025-01-25 14:14:50,209 - INFO - 窗口句柄值: 0x804d0, 窗口位置: (863, 161)
2025-01-25 14:14:50,209 - INFO - 开始图像识别，窗口位置: (863, 161)
2025-01-25 14:14:50,318 - DEBUG - 未找到匹配图像，最大匹配度: 0.28
2025-01-25 14:14:50,322 - DEBUG - 未识别到图像: picture//huntu.png
2025-01-25 14:14:50,822 - INFO - 窗口句柄值: 0x804d0, 窗口位置: (863, 161)
2025-01-25 14:14:50,822 - INFO - 开始图像识别，窗口位置: (863, 161)
2025-01-25 14:14:50,945 - DEBUG - 未找到匹配图像，最大匹配度: 0.29
2025-01-25 14:14:50,947 - DEBUG - 未识别到图像: picture//jiangli.png
2025-01-25 14:14:51,448 - INFO - 窗口句柄值: 0x804d0, 窗口位置: (863, 161)
2025-01-25 14:14:51,448 - INFO - 开始图像识别，窗口位置: (863, 161)
2025-01-25 14:14:51,568 - DEBUG - 未找到匹配图像，最大匹配度: 0.10
2025-01-25 14:14:51,570 - DEBUG - 未识别到图像: screenshot.jpg
2025-01-25 14:14:52,071 - INFO - 窗口句柄值: 0x804d0, 窗口位置: (863, 161)
2025-01-25 14:14:52,071 - INFO - 开始图像识别，窗口位置: (863, 161)
2025-01-25 14:14:52,180 - DEBUG - 未找到匹配图像，最大匹配度: 0.28
2025-01-25 14:14:52,182 - DEBUG - 未识别到图像: picture//huntu.png
2025-01-25 14:14:52,683 - INFO - 窗口句柄值: 0x804d0, 窗口位置: (863, 161)
2025-01-25 14:14:52,683 - INFO - 开始图像识别，窗口位置: (863, 161)
2025-01-25 14:14:52,822 - DEBUG - 未找到匹配图像，最大匹配度: 0.29
2025-01-25 14:14:52,824 - DEBUG - 未识别到图像: picture//jiangli.png
2025-01-25 14:14:53,324 - INFO - 窗口句柄值: 0x804d0, 窗口位置: (863, 161)
2025-01-25 14:14:53,324 - INFO - 开始图像识别，窗口位置: (863, 161)
2025-01-25 14:14:53,433 - DEBUG - 未找到匹配图像，最大匹配度: 0.08
2025-01-25 14:14:53,435 - DEBUG - 未识别到图像: screenshot.jpg
2025-01-25 14:14:53,935 - INFO - 窗口句柄值: 0x804d0, 窗口位置: (863, 161)
2025-01-25 14:14:53,935 - INFO - 开始图像识别，窗口位置: (863, 161)
2025-01-25 14:14:54,045 - DEBUG - 未找到匹配图像，最大匹配度: 0.28
2025-01-25 14:14:54,047 - DEBUG - 未识别到图像: picture//huntu.png
2025-01-25 14:14:54,548 - INFO - 窗口句柄值: 0x804d0, 窗口位置: (863, 161)
2025-01-25 14:14:54,548 - INFO - 开始图像识别，窗口位置: (863, 161)
2025-01-25 14:14:54,708 - DEBUG - 未找到匹配图像，最大匹配度: 0.29
2025-01-25 14:14:54,711 - DEBUG - 未识别到图像: picture//jiangli.png
2025-01-25 14:14:55,211 - INFO - 窗口句柄值: 0x804d0, 窗口位置: (863, 161)
2025-01-25 14:14:55,211 - INFO - 开始图像识别，窗口位置: (863, 161)
2025-01-25 14:14:55,321 - DEBUG - 未找到匹配图像，最大匹配度: 0.08
2025-01-25 14:14:55,322 - DEBUG - 未识别到图像: screenshot.jpg
2025-01-25 14:14:55,822 - INFO - 窗口句柄值: 0x804d0, 窗口位置: (863, 161)
2025-01-25 14:14:55,823 - INFO - 开始图像识别，窗口位置: (863, 161)
2025-01-25 14:14:55,933 - DEBUG - 未找到匹配图像，最大匹配度: 0.28
2025-01-25 14:14:55,935 - DEBUG - 未识别到图像: picture//huntu.png
2025-01-25 14:14:56,435 - INFO - 窗口句柄值: 0x804d0, 窗口位置: (863, 161)
2025-01-25 14:14:56,435 - INFO - 开始图像识别，窗口位置: (863, 161)
2025-01-25 14:14:56,595 - DEBUG - 未找到匹配图像，最大匹配度: 0.29
2025-01-25 14:14:56,596 - DEBUG - 未识别到图像: picture//jiangli.png
2025-01-25 14:14:57,097 - INFO - 窗口句柄值: 0x804d0, 窗口位置: (863, 161)
2025-01-25 14:14:57,097 - INFO - 开始图像识别，窗口位置: (863, 161)
2025-01-25 14:14:57,214 - DEBUG - 未找到匹配图像，最大匹配度: 0.08
2025-01-25 14:14:57,215 - DEBUG - 未识别到图像: screenshot.jpg
2025-01-25 14:14:57,716 - INFO - 窗口句柄值: 0x804d0, 窗口位置: (863, 161)
2025-01-25 14:14:57,716 - INFO - 开始图像识别，窗口位置: (863, 161)
2025-01-25 14:14:57,835 - DEBUG - 未找到匹配图像，最大匹配度: 0.28
2025-01-25 14:14:57,836 - DEBUG - 未识别到图像: picture//huntu.png
2025-01-25 14:14:58,337 - INFO - 窗口句柄值: 0x804d0, 窗口位置: (863, 161)
2025-01-25 14:14:58,337 - INFO - 开始图像识别，窗口位置: (863, 161)
2025-01-25 14:14:58,484 - DEBUG - 未找到匹配图像，最大匹配度: 0.29
2025-01-25 14:14:58,485 - DEBUG - 未识别到图像: picture//jiangli.png
2025-01-25 14:14:58,986 - INFO - 窗口句柄值: 0x804d0, 窗口位置: (863, 161)
2025-01-25 14:14:58,986 - INFO - 开始图像识别，窗口位置: (863, 161)
2025-01-25 14:14:59,106 - DEBUG - 未找到匹配图像，最大匹配度: 0.09
2025-01-25 14:14:59,107 - DEBUG - 未识别到图像: screenshot.jpg
2025-01-25 14:14:59,608 - INFO - 窗口句柄值: 0x804d0, 窗口位置: (863, 161)
2025-01-25 14:14:59,608 - INFO - 开始图像识别，窗口位置: (863, 161)
2025-01-25 14:14:59,711 - DEBUG - 未找到匹配图像，最大匹配度: 0.25
2025-01-25 14:14:59,713 - DEBUG - 未识别到图像: picture//huntu.png
