2025-01-25 14:07:18,508 - INFO - 日志系统初始化完成
2025-01-25 14:07:18,520 - INFO - 程序启动
2025-01-25 14:07:18,607 - INFO - 热键设置完成 - 暂停/继续: f9, 退出: esc
2025-01-25 14:07:18,608 - INFO - 游戏控制器初始化完成
2025-01-25 14:07:18,608 - INFO - 窗口句柄值: 0x804d0, 窗口位置: (783, 149)
2025-01-25 14:07:22,387 - INFO - 用户设置攻打次数: 2
2025-01-25 14:07:22,388 - INFO - 开始任务追踪，总任务数: 2
2025-01-25 14:07:22,388 - INFO - 窗口句柄值: 0x804d0, 窗口位置: (783, 149)
2025-01-25 14:07:22,388 - INFO - 开始图像识别，窗口位置: (783, 149)
2025-01-25 14:07:22,506 - DEBUG - 未找到匹配图像，最大匹配度: 0.25
2025-01-25 14:07:22,508 - DEBUG - 未识别到图像: picture//huntu.png
2025-01-25 14:07:23,010 - INFO - 窗口句柄值: 0x804d0, 窗口位置: (783, 149)
2025-01-25 14:07:23,010 - INFO - 开始图像识别，窗口位置: (783, 149)
2025-01-25 14:07:23,131 - DEBUG - 未找到匹配图像，最大匹配度: 0.19
2025-01-25 14:07:23,132 - DEBUG - 未识别到图像: picture//jiangli.png
2025-01-25 14:07:23,634 - INFO - 窗口句柄值: 0x804d0, 窗口位置: (783, 149)
2025-01-25 14:07:23,634 - INFO - 开始图像识别，窗口位置: (783, 149)
2025-01-25 14:07:23,740 - DEBUG - 未找到匹配图像，最大匹配度: 0.42
2025-01-25 14:07:23,742 - DEBUG - 未识别到图像: screenshot.jpg
2025-01-25 14:07:24,244 - INFO - 窗口句柄值: 0x804d0, 窗口位置: (783, 149)
2025-01-25 14:07:24,244 - INFO - 开始图像识别，窗口位置: (783, 149)
2025-01-25 14:07:24,354 - INFO - 图像识别成功，匹配度: 0.99
2025-01-25 14:07:24,354 - DEBUG - 匹配位置 - 左上角: (2292, 1009), 右下角: (2381, 1090)
2025-01-25 14:07:24,356 - INFO - 成功识别图像: picture//huntu.png
2025-01-25 14:07:24,356 - DEBUG - 移动鼠标到: (2336, 1048), 偏移量: (0, -1)
2025-01-25 14:07:25,659 - INFO - 成功点击位置: (2336, 1049)
2025-01-25 14:07:25,659 - INFO - 识别到魂土图片，等待23秒
2025-01-25 14:07:48,660 - INFO - 窗口句柄值: 0x804d0, 窗口位置: (783, 149)
2025-01-25 14:07:48,660 - INFO - 开始图像识别，窗口位置: (783, 149)
2025-01-25 14:07:48,782 - DEBUG - 未找到匹配图像，最大匹配度: 0.42
2025-01-25 14:07:48,785 - DEBUG - 未识别到图像: picture//jiangli.png
2025-01-25 14:07:49,285 - INFO - 窗口句柄值: 0x804d0, 窗口位置: (783, 149)
2025-01-25 14:07:49,285 - INFO - 开始图像识别，窗口位置: (783, 149)
2025-01-25 14:07:49,390 - DEBUG - 未找到匹配图像，最大匹配度: 0.36
2025-01-25 14:07:49,391 - DEBUG - 未识别到图像: screenshot.jpg
2025-01-25 14:07:49,893 - INFO - 窗口句柄值: 0x804d0, 窗口位置: (783, 149)
2025-01-25 14:07:49,893 - INFO - 开始图像识别，窗口位置: (783, 149)
2025-01-25 14:07:50,002 - DEBUG - 未找到匹配图像，最大匹配度: 0.32
2025-01-25 14:07:50,005 - DEBUG - 未识别到图像: picture//huntu.png
2025-01-25 14:07:50,506 - INFO - 窗口句柄值: 0x804d0, 窗口位置: (783, 149)
2025-01-25 14:07:50,506 - INFO - 开始图像识别，窗口位置: (783, 149)
2025-01-25 14:07:50,630 - INFO - 图像识别成功，匹配度: 0.90
2025-01-25 14:07:50,631 - DEBUG - 匹配位置 - 左上角: (1472, 741), 右下角: (1811, 1031)
2025-01-25 14:07:50,632 - INFO - 成功识别图像: picture//jiangli.png
2025-01-25 14:07:50,634 - DEBUG - 移动鼠标到: (1645, 879), 偏移量: (4, -7)
2025-01-25 14:07:52,082 - INFO - 成功点击位置: (1641, 886)
2025-01-25 14:07:52,082 - INFO - 识别到奖励，剩余次数: 1
2025-01-25 14:07:52,083 - INFO - 窗口句柄值: 0x804d0, 窗口位置: (783, 149)
2025-01-25 14:07:52,083 - INFO - 开始图像识别，窗口位置: (783, 149)
2025-01-25 14:07:52,189 - DEBUG - 未找到匹配图像，最大匹配度: 0.41
2025-01-25 14:07:52,191 - DEBUG - 未识别到图像: screenshot.jpg
2025-01-25 14:07:52,691 - INFO - 窗口句柄值: 0x804d0, 窗口位置: (783, 149)
2025-01-25 14:07:52,691 - INFO - 开始图像识别，窗口位置: (783, 149)
2025-01-25 14:07:52,806 - INFO - 图像识别成功，匹配度: 0.99
2025-01-25 14:07:52,806 - DEBUG - 匹配位置 - 左上角: (2292, 1009), 右下角: (2381, 1090)
2025-01-25 14:07:52,809 - INFO - 成功识别图像: picture//huntu.png
2025-01-25 14:07:52,809 - DEBUG - 移动鼠标到: (2336, 1047), 偏移量: (0, -2)
2025-01-25 14:07:55,274 - INFO - 成功点击位置: (2336, 1049)
2025-01-25 14:07:55,274 - INFO - 识别到魂土图片，等待23秒
2025-01-25 14:08:18,275 - INFO - 窗口句柄值: 0x804d0, 窗口位置: (783, 149)
2025-01-25 14:08:18,275 - INFO - 开始图像识别，窗口位置: (783, 149)
2025-01-25 14:08:18,400 - DEBUG - 未找到匹配图像，最大匹配度: 0.42
2025-01-25 14:08:18,402 - DEBUG - 未识别到图像: picture//jiangli.png
2025-01-25 14:08:18,904 - INFO - 窗口句柄值: 0x804d0, 窗口位置: (783, 149)
2025-01-25 14:08:18,904 - INFO - 开始图像识别，窗口位置: (783, 149)
2025-01-25 14:08:19,020 - DEBUG - 未找到匹配图像，最大匹配度: 0.36
2025-01-25 14:08:19,021 - DEBUG - 未识别到图像: screenshot.jpg
2025-01-25 14:08:19,522 - INFO - 窗口句柄值: 0x804d0, 窗口位置: (783, 149)
2025-01-25 14:08:19,522 - INFO - 开始图像识别，窗口位置: (783, 149)
2025-01-25 14:08:19,632 - DEBUG - 未找到匹配图像，最大匹配度: 0.32
2025-01-25 14:08:19,634 - DEBUG - 未识别到图像: picture//huntu.png
2025-01-25 14:08:20,135 - INFO - 窗口句柄值: 0x804d0, 窗口位置: (783, 149)
2025-01-25 14:08:20,135 - INFO - 开始图像识别，窗口位置: (783, 149)
2025-01-25 14:08:20,256 - INFO - 图像识别成功，匹配度: 0.93
2025-01-25 14:08:20,256 - DEBUG - 匹配位置 - 左上角: (1472, 741), 右下角: (1811, 1031)
2025-01-25 14:08:20,259 - INFO - 成功识别图像: picture//jiangli.png
2025-01-25 14:08:20,259 - DEBUG - 移动鼠标到: (1650, 877), 偏移量: (9, -9)
2025-01-25 14:08:22,898 - INFO - 成功点击位置: (1641, 886)
2025-01-25 14:08:22,898 - INFO - 识别到奖励，剩余次数: 0
2025-01-25 14:08:22,898 - INFO - 窗口句柄值: 0x804d0, 窗口位置: (783, 149)
2025-01-25 14:08:22,899 - INFO - 开始图像识别，窗口位置: (783, 149)
2025-01-25 14:08:23,008 - DEBUG - 未找到匹配图像，最大匹配度: 0.32
2025-01-25 14:08:23,010 - DEBUG - 未识别到图像: screenshot.jpg
2025-01-25 14:08:23,511 - INFO - 当前循环完成
2025-01-25 14:08:23,511 - INFO - 窗口句柄值: 0x804d0, 窗口位置: (783, 149)
