2025-01-25 14:15:01,550 - INFO - 日志系统初始化完成
2025-01-25 14:15:01,563 - INFO - 程序启动
2025-01-25 14:15:01,646 - INFO - 热键设置完成 - 暂停/继续: f9, 退出: esc
2025-01-25 14:15:01,646 - INFO - 游戏控制器初始化完成
2025-01-25 14:15:01,646 - INFO - 窗口句柄值: 0x804d0, 窗口位置: (863, 161)
2025-01-25 14:15:05,122 - INFO - 用户设置攻打次数: 3
2025-01-25 14:15:05,123 - INFO - 开始任务追踪，总任务数: 3
2025-01-25 14:15:05,123 - INFO - 窗口句柄值: 0x804d0, 窗口位置: (863, 161)
2025-01-25 14:15:05,123 - INFO - 开始图像识别，窗口位置: (863, 161)
2025-01-25 14:15:05,240 - DEBUG - 未找到匹配图像，最大匹配度: 0.25
2025-01-25 14:15:05,242 - DEBUG - 未识别到图像: picture//huntu.png
2025-01-25 14:15:05,743 - INFO - 窗口句柄值: 0x804d0, 窗口位置: (863, 161)
2025-01-25 14:15:05,743 - INFO - 开始图像识别，窗口位置: (863, 161)
2025-01-25 14:15:05,868 - DEBUG - 未找到匹配图像，最大匹配度: 0.29
2025-01-25 14:15:05,870 - DEBUG - 未识别到图像: picture//jiangli.png
2025-01-25 14:15:06,370 - INFO - 窗口句柄值: 0x804d0, 窗口位置: (863, 161)
2025-01-25 14:15:06,370 - INFO - 开始图像识别，窗口位置: (863, 161)
2025-01-25 14:15:06,474 - DEBUG - 未找到匹配图像，最大匹配度: 0.09
2025-01-25 14:15:06,475 - DEBUG - 未识别到图像: screenshot.jpg
2025-01-25 14:15:06,976 - INFO - 窗口句柄值: 0x804d0, 窗口位置: (863, 161)
2025-01-25 14:15:06,976 - INFO - 开始图像识别，窗口位置: (863, 161)
2025-01-25 14:15:07,082 - DEBUG - 未找到匹配图像，最大匹配度: 0.25
2025-01-25 14:15:07,084 - DEBUG - 未识别到图像: picture//huntu.png
2025-01-25 14:15:07,585 - INFO - 窗口句柄值: 0x804d0, 窗口位置: (863, 161)
2025-01-25 14:15:07,585 - INFO - 开始图像识别，窗口位置: (863, 161)
2025-01-25 14:15:07,703 - DEBUG - 未找到匹配图像，最大匹配度: 0.29
2025-01-25 14:15:07,705 - DEBUG - 未识别到图像: picture//jiangli.png
2025-01-25 14:15:08,206 - INFO - 窗口句柄值: 0x804d0, 窗口位置: (863, 161)
2025-01-25 14:15:08,206 - INFO - 开始图像识别，窗口位置: (863, 161)
2025-01-25 14:15:08,314 - DEBUG - 未找到匹配图像，最大匹配度: 0.09
2025-01-25 14:15:08,315 - DEBUG - 未识别到图像: screenshot.jpg
2025-01-25 14:15:08,816 - INFO - 窗口句柄值: 0x804d0, 窗口位置: (863, 161)
2025-01-25 14:15:08,816 - INFO - 开始图像识别，窗口位置: (863, 161)
2025-01-25 14:15:08,925 - DEBUG - 未找到匹配图像，最大匹配度: 0.25
2025-01-25 14:15:08,928 - DEBUG - 未识别到图像: picture//huntu.png
2025-01-25 14:15:09,429 - INFO - 窗口句柄值: 0x804d0, 窗口位置: (863, 161)
2025-01-25 14:15:09,429 - INFO - 开始图像识别，窗口位置: (863, 161)
2025-01-25 14:15:09,548 - DEBUG - 未找到匹配图像，最大匹配度: 0.29
2025-01-25 14:15:09,550 - DEBUG - 未识别到图像: picture//jiangli.png
2025-01-25 14:15:10,051 - INFO - 窗口句柄值: 0x804d0, 窗口位置: (863, 161)
2025-01-25 14:15:10,051 - INFO - 开始图像识别，窗口位置: (863, 161)
2025-01-25 14:15:10,165 - DEBUG - 未找到匹配图像，最大匹配度: 0.09
2025-01-25 14:15:10,167 - DEBUG - 未识别到图像: screenshot.jpg
2025-01-25 14:15:10,668 - INFO - 窗口句柄值: 0x804d0, 窗口位置: (863, 161)
2025-01-25 14:15:10,668 - INFO - 开始图像识别，窗口位置: (863, 161)
2025-01-25 14:15:10,802 - DEBUG - 未找到匹配图像，最大匹配度: 0.37
2025-01-25 14:15:10,803 - DEBUG - 未识别到图像: picture//huntu.png
2025-01-25 14:15:11,304 - INFO - 窗口句柄值: 0x804d0, 窗口位置: (863, 161)
2025-01-25 14:15:11,304 - INFO - 开始图像识别，窗口位置: (863, 161)
2025-01-25 14:15:11,449 - INFO - 图像识别成功，匹配度: 0.99
2025-01-25 14:15:11,450 - DEBUG - 匹配位置 - 左上角: (1552, 753), 右下角: (1891, 1043)
2025-01-25 14:15:11,452 - INFO - 成功识别图像: picture//jiangli.png
2025-01-25 14:15:11,452 - DEBUG - 移动鼠标到: (1721, 898), 偏移量: (0, 0)
2025-01-25 14:15:13,815 - INFO - 成功点击位置: (1721, 898)
2025-01-25 14:15:13,815 - INFO - 识别到奖励，剩余次数: 2
2025-01-25 14:15:13,815 - INFO - 窗口句柄值: 0x804d0, 窗口位置: (863, 161)
2025-01-25 14:15:13,815 - INFO - 开始图像识别，窗口位置: (863, 161)
2025-01-25 14:15:13,921 - DEBUG - 未找到匹配图像，最大匹配度: 0.38
2025-01-25 14:15:13,922 - DEBUG - 未识别到图像: screenshot.jpg
2025-01-25 14:15:14,423 - INFO - 窗口句柄值: 0x804d0, 窗口位置: (863, 161)
2025-01-25 14:15:14,423 - INFO - 开始图像识别，窗口位置: (863, 161)
2025-01-25 14:15:14,536 - INFO - 图像识别成功，匹配度: 0.99
2025-01-25 14:15:14,536 - DEBUG - 匹配位置 - 左上角: (2372, 1021), 右下角: (2461, 1102)
2025-01-25 14:15:14,538 - INFO - 成功识别图像: picture//huntu.png
2025-01-25 14:15:14,538 - DEBUG - 移动鼠标到: (2420, 1058), 偏移量: (4, -3)
2025-01-25 14:15:15,814 - INFO - 成功点击位置: (2416, 1061)
2025-01-25 14:15:15,814 - INFO - 识别到魂土图片，等待23秒
2025-01-25 14:15:38,815 - INFO - 窗口句柄值: 0x804d0, 窗口位置: (863, 161)
2025-01-25 14:15:38,815 - INFO - 开始图像识别，窗口位置: (863, 161)
2025-01-25 14:15:38,936 - DEBUG - 未找到匹配图像，最大匹配度: 0.39
2025-01-25 14:15:38,938 - DEBUG - 未识别到图像: picture//jiangli.png
2025-01-25 14:15:39,439 - INFO - 窗口句柄值: 0x804d0, 窗口位置: (863, 161)
2025-01-25 14:15:39,439 - INFO - 开始图像识别，窗口位置: (863, 161)
2025-01-25 14:15:39,544 - DEBUG - 未找到匹配图像，最大匹配度: 0.38
2025-01-25 14:15:39,545 - DEBUG - 未识别到图像: screenshot.jpg
2025-01-25 14:15:40,046 - INFO - 窗口句柄值: 0x804d0, 窗口位置: (863, 161)
2025-01-25 14:15:40,046 - INFO - 开始图像识别，窗口位置: (863, 161)
2025-01-25 14:15:40,154 - DEBUG - 未找到匹配图像，最大匹配度: 0.33
2025-01-25 14:15:40,157 - DEBUG - 未识别到图像: picture//huntu.png
2025-01-25 14:15:40,658 - INFO - 窗口句柄值: 0x804d0, 窗口位置: (863, 161)
2025-01-25 14:15:40,658 - INFO - 开始图像识别，窗口位置: (863, 161)
2025-01-25 14:15:40,778 - DEBUG - 未找到匹配图像，最大匹配度: 0.61
2025-01-25 14:15:40,780 - DEBUG - 未识别到图像: picture//jiangli.png
2025-01-25 14:15:41,281 - INFO - 窗口句柄值: 0x804d0, 窗口位置: (863, 161)
2025-01-25 14:15:41,281 - INFO - 开始图像识别，窗口位置: (863, 161)
2025-01-25 14:15:41,386 - DEBUG - 未找到匹配图像，最大匹配度: 0.48
2025-01-25 14:15:41,388 - DEBUG - 未识别到图像: screenshot.jpg
2025-01-25 14:15:41,889 - INFO - 窗口句柄值: 0x804d0, 窗口位置: (863, 161)
2025-01-25 14:15:41,889 - INFO - 开始图像识别，窗口位置: (863, 161)
2025-01-25 14:15:42,003 - DEBUG - 未找到匹配图像，最大匹配度: 0.34
2025-01-25 14:15:42,006 - DEBUG - 未识别到图像: picture//huntu.png
2025-01-25 14:15:42,506 - INFO - 窗口句柄值: 0x804d0, 窗口位置: (863, 161)
2025-01-25 14:15:42,506 - INFO - 开始图像识别，窗口位置: (863, 161)
2025-01-25 14:15:42,671 - INFO - 图像识别成功，匹配度: 0.99
2025-01-25 14:15:42,671 - DEBUG - 匹配位置 - 左上角: (1552, 753), 右下角: (1891, 1043)
2025-01-25 14:15:42,673 - INFO - 成功识别图像: picture//jiangli.png
2025-01-25 14:15:42,673 - DEBUG - 移动鼠标到: (1727, 901), 偏移量: (6, 3)
2025-01-25 14:15:44,271 - INFO - 成功点击位置: (1721, 898)
2025-01-25 14:15:44,271 - INFO - 识别到奖励，剩余次数: 1
2025-01-25 14:15:44,271 - INFO - 窗口句柄值: 0x804d0, 窗口位置: (863, 161)
2025-01-25 14:15:44,271 - INFO - 开始图像识别，窗口位置: (863, 161)
2025-01-25 14:15:44,394 - DEBUG - 未找到匹配图像，最大匹配度: 0.39
2025-01-25 14:15:44,395 - DEBUG - 未识别到图像: screenshot.jpg
2025-01-25 14:15:44,897 - INFO - 窗口句柄值: 0x804d0, 窗口位置: (863, 161)
2025-01-25 14:15:44,897 - INFO - 开始图像识别，窗口位置: (863, 161)
2025-01-25 14:15:45,013 - DEBUG - 未找到匹配图像，最大匹配度: 0.34
2025-01-25 14:15:45,014 - DEBUG - 未识别到图像: picture//huntu.png
2025-01-25 14:15:45,515 - INFO - 窗口句柄值: 0x804d0, 窗口位置: (863, 161)
2025-01-25 14:15:45,515 - INFO - 开始图像识别，窗口位置: (863, 161)
2025-01-25 14:15:45,678 - DEBUG - 未找到匹配图像，最大匹配度: 0.49
2025-01-25 14:15:45,681 - DEBUG - 未识别到图像: picture//jiangli.png
2025-01-25 14:15:46,182 - INFO - 窗口句柄值: 0x804d0, 窗口位置: (863, 161)
2025-01-25 14:15:46,182 - INFO - 开始图像识别，窗口位置: (863, 161)
2025-01-25 14:15:46,291 - DEBUG - 未找到匹配图像，最大匹配度: 0.44
2025-01-25 14:15:46,293 - DEBUG - 未识别到图像: screenshot.jpg
2025-01-25 14:15:46,793 - INFO - 窗口句柄值: 0x804d0, 窗口位置: (863, 161)
2025-01-25 14:15:46,793 - INFO - 开始图像识别，窗口位置: (863, 161)
2025-01-25 14:15:46,903 - INFO - 图像识别成功，匹配度: 0.99
2025-01-25 14:15:46,903 - DEBUG - 匹配位置 - 左上角: (2372, 1021), 右下角: (2461, 1102)
2025-01-25 14:15:46,905 - INFO - 成功识别图像: picture//huntu.png
2025-01-25 14:15:46,905 - DEBUG - 移动鼠标到: (2423, 1065), 偏移量: (7, 4)
2025-01-25 14:15:49,089 - INFO - 成功点击位置: (2416, 1061)
2025-01-25 14:15:49,089 - INFO - 识别到魂土图片，等待23秒
2025-01-25 14:16:12,090 - INFO - 窗口句柄值: 0x804d0, 窗口位置: (863, 161)
2025-01-25 14:16:12,090 - INFO - 开始图像识别，窗口位置: (863, 161)
2025-01-25 14:16:12,238 - DEBUG - 未找到匹配图像，最大匹配度: 0.41
2025-01-25 14:16:12,239 - DEBUG - 未识别到图像: picture//jiangli.png
2025-01-25 14:16:12,741 - INFO - 窗口句柄值: 0x804d0, 窗口位置: (863, 161)
2025-01-25 14:16:12,741 - INFO - 开始图像识别，窗口位置: (863, 161)
2025-01-25 14:16:12,848 - DEBUG - 未找到匹配图像，最大匹配度: 0.37
2025-01-25 14:16:12,849 - DEBUG - 未识别到图像: screenshot.jpg
2025-01-25 14:16:13,350 - INFO - 窗口句柄值: 0x804d0, 窗口位置: (863, 161)
2025-01-25 14:16:13,351 - INFO - 开始图像识别，窗口位置: (863, 161)
2025-01-25 14:16:13,472 - DEBUG - 未找到匹配图像，最大匹配度: 0.35
2025-01-25 14:16:13,474 - DEBUG - 未识别到图像: picture//huntu.png
2025-01-25 14:16:13,975 - INFO - 窗口句柄值: 0x804d0, 窗口位置: (863, 161)
2025-01-25 14:16:13,975 - INFO - 开始图像识别，窗口位置: (863, 161)
2025-01-25 14:16:14,096 - INFO - 图像识别成功，匹配度: 0.86
2025-01-25 14:16:14,096 - DEBUG - 匹配位置 - 左上角: (1552, 753), 右下角: (1891, 1043)
2025-01-25 14:16:14,098 - INFO - 成功识别图像: picture//jiangli.png
2025-01-25 14:16:14,098 - DEBUG - 移动鼠标到: (1724, 906), 偏移量: (3, 8)
2025-01-25 14:16:16,449 - INFO - 成功点击位置: (1721, 898)
2025-01-25 14:16:16,449 - INFO - 识别到奖励，剩余次数: 0
2025-01-25 14:16:16,449 - INFO - 窗口句柄值: 0x804d0, 窗口位置: (863, 161)
2025-01-25 14:16:16,449 - INFO - 开始图像识别，窗口位置: (863, 161)
2025-01-25 14:16:16,557 - DEBUG - 未找到匹配图像，最大匹配度: 0.39
2025-01-25 14:16:16,558 - DEBUG - 未识别到图像: screenshot.jpg
2025-01-25 14:16:17,059 - INFO - 当前循环完成
2025-01-25 14:16:17,059 - INFO - 窗口句柄值: 0x804d0, 窗口位置: (863, 161)
