2025-01-25 14:30:06,589 - INFO - 日志系统初始化完成
2025-01-25 14:30:06,604 - INFO - 程序启动
2025-01-25 14:30:06,691 - INFO - 热键设置完成 - 暂停/继续: f9, 退出: esc
2025-01-25 14:30:06,691 - INFO - 游戏控制器初始化完成
2025-01-25 14:30:06,691 - INFO - 窗口句柄值: 0x804d0, 窗口位置: (863, 161)
2025-01-25 14:30:09,291 - INFO - 用户设置攻打次数: 3
2025-01-25 14:30:09,292 - INFO - 开始任务追踪，总任务数: 3
2025-01-25 14:30:09,292 - INFO - 窗口句柄值: 0x804d0, 窗口位置: (863, 161)
2025-01-25 14:30:09,292 - INFO - 开始图像识别，窗口位置: (863, 161)
2025-01-25 14:30:09,426 - DEBUG - 未找到匹配图像，最大匹配度: 0.23
2025-01-25 14:30:09,429 - DEBUG - 未识别到图像: picture//huntu.png
2025-01-25 14:30:09,930 - INFO - 窗口句柄值: 0x804d0, 窗口位置: (863, 161)
2025-01-25 14:30:09,930 - INFO - 开始图像识别，窗口位置: (863, 161)
2025-01-25 14:30:10,050 - DEBUG - 未找到匹配图像，最大匹配度: 0.21
2025-01-25 14:30:10,052 - DEBUG - 未识别到图像: picture//jiangli.png
2025-01-25 14:30:10,553 - INFO - 窗口句柄值: 0x804d0, 窗口位置: (863, 161)
2025-01-25 14:30:10,553 - INFO - 开始图像识别，窗口位置: (863, 161)
2025-01-25 14:30:10,658 - DEBUG - 未找到匹配图像，最大匹配度: 0.07
2025-01-25 14:30:10,660 - DEBUG - 未识别到图像: screenshot.jpg
2025-01-25 14:30:11,161 - INFO - 窗口句柄值: 0x804d0, 窗口位置: (863, 161)
2025-01-25 14:30:11,161 - INFO - 开始图像识别，窗口位置: (863, 161)
2025-01-25 14:30:11,283 - DEBUG - 未找到匹配图像，最大匹配度: 0.23
2025-01-25 14:30:11,286 - DEBUG - 未识别到图像: picture//huntu.png
2025-01-25 14:30:11,787 - INFO - 窗口句柄值: 0x804d0, 窗口位置: (863, 161)
2025-01-25 14:30:11,787 - INFO - 开始图像识别，窗口位置: (863, 161)
2025-01-25 14:30:11,913 - DEBUG - 未找到匹配图像，最大匹配度: 0.49
2025-01-25 14:30:11,915 - DEBUG - 未识别到图像: picture//jiangli.png
2025-01-25 14:30:12,415 - INFO - 窗口句柄值: 0x804d0, 窗口位置: (863, 161)
2025-01-25 14:30:12,415 - INFO - 开始图像识别，窗口位置: (863, 161)
2025-01-25 14:30:12,520 - DEBUG - 未找到匹配图像，最大匹配度: 0.42
2025-01-25 14:30:12,522 - DEBUG - 未识别到图像: screenshot.jpg
2025-01-25 14:30:13,022 - INFO - 窗口句柄值: 0x804d0, 窗口位置: (863, 161)
2025-01-25 14:30:13,022 - INFO - 开始图像识别，窗口位置: (863, 161)
2025-01-25 14:30:13,134 - INFO - 图像识别成功，匹配度: 0.99
2025-01-25 14:30:13,135 - DEBUG - 匹配位置 - 左上角: (2372, 1021), 右下角: (2461, 1102)
2025-01-25 14:30:13,137 - INFO - 成功识别图像: picture//huntu.png
2025-01-25 14:30:13,137 - DEBUG - 移动鼠标到: (2419, 1059), 偏移量: (3, -2)
2025-01-25 14:30:15,314 - INFO - 成功点击位置: (2416, 1061)
2025-01-25 14:30:15,314 - INFO - 识别到魂土图片，等待20秒
2025-01-25 14:30:15,314 - ERROR - 执行点击操作时发生错误: module 'func.progress' has no attribute '_clear_line'
2025-01-25 14:30:15,814 - INFO - 窗口句柄值: 0x804d0, 窗口位置: (863, 161)
2025-01-25 14:30:15,814 - INFO - 开始图像识别，窗口位置: (863, 161)
2025-01-25 14:30:15,946 - DEBUG - 未找到匹配图像，最大匹配度: 0.55
2025-01-25 14:30:15,949 - DEBUG - 未识别到图像: picture//jiangli.png
2025-01-25 14:30:16,449 - INFO - 窗口句柄值: 0x804d0, 窗口位置: (863, 161)
2025-01-25 14:30:16,449 - INFO - 开始图像识别，窗口位置: (863, 161)
2025-01-25 14:30:16,546 - DEBUG - 未找到匹配图像，最大匹配度: 0.24
2025-01-25 14:30:16,547 - DEBUG - 未识别到图像: screenshot.jpg
2025-01-25 14:30:17,048 - INFO - 窗口句柄值: 0x804d0, 窗口位置: (863, 161)
2025-01-25 14:30:17,048 - INFO - 开始图像识别，窗口位置: (863, 161)
2025-01-25 14:30:17,159 - DEBUG - 未找到匹配图像，最大匹配度: 0.32
2025-01-25 14:30:17,160 - DEBUG - 未识别到图像: picture//huntu.png
2025-01-25 14:30:17,662 - INFO - 窗口句柄值: 0x804d0, 窗口位置: (863, 161)
2025-01-25 14:30:17,662 - INFO - 开始图像识别，窗口位置: (863, 161)
2025-01-25 14:30:17,782 - DEBUG - 未找到匹配图像，最大匹配度: 0.42
2025-01-25 14:30:17,785 - DEBUG - 未识别到图像: picture//jiangli.png
2025-01-25 14:30:18,285 - INFO - 窗口句柄值: 0x804d0, 窗口位置: (863, 161)
2025-01-25 14:30:18,285 - INFO - 开始图像识别，窗口位置: (863, 161)
2025-01-25 14:30:18,395 - DEBUG - 未找到匹配图像，最大匹配度: 0.40
2025-01-25 14:30:18,396 - DEBUG - 未识别到图像: screenshot.jpg
2025-01-25 14:30:18,897 - INFO - 窗口句柄值: 0x804d0, 窗口位置: (863, 161)
2025-01-25 14:30:18,897 - INFO - 开始图像识别，窗口位置: (863, 161)
2025-01-25 14:30:19,012 - DEBUG - 未找到匹配图像，最大匹配度: 0.37
2025-01-25 14:30:19,014 - DEBUG - 未识别到图像: picture//huntu.png
2025-01-25 14:30:19,514 - INFO - 窗口句柄值: 0x804d0, 窗口位置: (863, 161)
2025-01-25 14:30:19,514 - INFO - 开始图像识别，窗口位置: (863, 161)
2025-01-25 14:30:19,639 - DEBUG - 未找到匹配图像，最大匹配度: 0.48
2025-01-25 14:30:19,642 - DEBUG - 未识别到图像: picture//jiangli.png
2025-01-25 14:30:20,143 - INFO - 窗口句柄值: 0x804d0, 窗口位置: (863, 161)
2025-01-25 14:30:20,143 - INFO - 开始图像识别，窗口位置: (863, 161)
2025-01-25 14:30:20,249 - DEBUG - 未找到匹配图像，最大匹配度: 0.28
2025-01-25 14:30:20,250 - DEBUG - 未识别到图像: screenshot.jpg
2025-01-25 14:30:20,751 - INFO - 窗口句柄值: 0x804d0, 窗口位置: (863, 161)
2025-01-25 14:30:20,751 - INFO - 开始图像识别，窗口位置: (863, 161)
2025-01-25 14:30:20,870 - DEBUG - 未找到匹配图像，最大匹配度: 0.35
2025-01-25 14:30:20,872 - DEBUG - 未识别到图像: picture//huntu.png
2025-01-25 14:30:21,373 - INFO - 窗口句柄值: 0x804d0, 窗口位置: (863, 161)
2025-01-25 14:30:21,373 - INFO - 开始图像识别，窗口位置: (863, 161)
2025-01-25 14:30:21,559 - DEBUG - 未找到匹配图像，最大匹配度: 0.42
2025-01-25 14:30:21,561 - DEBUG - 未识别到图像: picture//jiangli.png
2025-01-25 14:30:22,062 - INFO - 窗口句柄值: 0x804d0, 窗口位置: (863, 161)
2025-01-25 14:30:22,062 - INFO - 开始图像识别，窗口位置: (863, 161)
2025-01-25 14:30:22,176 - DEBUG - 未找到匹配图像，最大匹配度: 0.26
2025-01-25 14:30:22,178 - DEBUG - 未识别到图像: screenshot.jpg
2025-01-25 14:30:22,679 - INFO - 窗口句柄值: 0x804d0, 窗口位置: (863, 161)
2025-01-25 14:30:22,679 - INFO - 开始图像识别，窗口位置: (863, 161)
2025-01-25 14:30:22,794 - DEBUG - 未找到匹配图像，最大匹配度: 0.36
2025-01-25 14:30:22,796 - DEBUG - 未识别到图像: picture//huntu.png
2025-01-25 14:30:23,296 - INFO - 窗口句柄值: 0x804d0, 窗口位置: (863, 161)
2025-01-25 14:30:23,296 - INFO - 开始图像识别，窗口位置: (863, 161)
2025-01-25 14:30:23,430 - DEBUG - 未找到匹配图像，最大匹配度: 0.48
2025-01-25 14:30:23,431 - DEBUG - 未识别到图像: picture//jiangli.png
2025-01-25 14:30:23,932 - INFO - 窗口句柄值: 0x804d0, 窗口位置: (863, 161)
2025-01-25 14:30:23,932 - INFO - 开始图像识别，窗口位置: (863, 161)
2025-01-25 14:30:24,056 - DEBUG - 未找到匹配图像，最大匹配度: 0.26
2025-01-25 14:30:24,058 - DEBUG - 未识别到图像: screenshot.jpg
2025-01-25 14:30:24,559 - INFO - 窗口句柄值: 0x804d0, 窗口位置: (863, 161)
2025-01-25 14:30:24,559 - INFO - 开始图像识别，窗口位置: (863, 161)
2025-01-25 14:30:24,678 - DEBUG - 未找到匹配图像，最大匹配度: 0.34
2025-01-25 14:30:24,680 - DEBUG - 未识别到图像: picture//huntu.png
2025-01-25 14:30:25,181 - INFO - 窗口句柄值: 0x804d0, 窗口位置: (863, 161)
2025-01-25 14:30:25,181 - INFO - 开始图像识别，窗口位置: (863, 161)
2025-01-25 14:30:25,324 - DEBUG - 未找到匹配图像，最大匹配度: 0.43
2025-01-25 14:30:25,327 - DEBUG - 未识别到图像: picture//jiangli.png
2025-01-25 14:30:25,828 - INFO - 窗口句柄值: 0x804d0, 窗口位置: (863, 161)
2025-01-25 14:30:25,828 - INFO - 开始图像识别，窗口位置: (863, 161)
2025-01-25 14:30:25,942 - DEBUG - 未找到匹配图像，最大匹配度: 0.27
2025-01-25 14:30:25,943 - DEBUG - 未识别到图像: screenshot.jpg
2025-01-25 14:30:26,443 - INFO - 窗口句柄值: 0x804d0, 窗口位置: (863, 161)
2025-01-25 14:30:26,443 - INFO - 开始图像识别，窗口位置: (863, 161)
2025-01-25 14:30:26,565 - DEBUG - 未找到匹配图像，最大匹配度: 0.35
2025-01-25 14:30:26,567 - DEBUG - 未识别到图像: picture//huntu.png
2025-01-25 14:30:27,068 - INFO - 窗口句柄值: 0x804d0, 窗口位置: (863, 161)
2025-01-25 14:30:27,068 - INFO - 开始图像识别，窗口位置: (863, 161)
2025-01-25 14:30:27,242 - DEBUG - 未找到匹配图像，最大匹配度: 0.46
2025-01-25 14:30:27,244 - DEBUG - 未识别到图像: picture//jiangli.png
2025-01-25 14:30:27,745 - INFO - 窗口句柄值: 0x804d0, 窗口位置: (863, 161)
2025-01-25 14:30:27,745 - INFO - 开始图像识别，窗口位置: (863, 161)
2025-01-25 14:30:27,846 - DEBUG - 未找到匹配图像，最大匹配度: 0.16
2025-01-25 14:30:27,847 - DEBUG - 未识别到图像: screenshot.jpg
2025-01-25 14:30:28,348 - INFO - 窗口句柄值: 0x804d0, 窗口位置: (863, 161)
2025-01-25 14:30:28,348 - INFO - 开始图像识别，窗口位置: (863, 161)
2025-01-25 14:30:28,457 - DEBUG - 未找到匹配图像，最大匹配度: 0.39
2025-01-25 14:30:28,460 - DEBUG - 未识别到图像: picture//huntu.png
2025-01-25 14:30:28,961 - INFO - 窗口句柄值: 0x804d0, 窗口位置: (863, 161)
2025-01-25 14:30:28,961 - INFO - 开始图像识别，窗口位置: (863, 161)
2025-01-25 14:30:29,084 - DEBUG - 未找到匹配图像，最大匹配度: 0.44
2025-01-25 14:30:29,085 - DEBUG - 未识别到图像: picture//jiangli.png
2025-01-25 14:30:29,586 - INFO - 窗口句柄值: 0x804d0, 窗口位置: (863, 161)
2025-01-25 14:30:29,586 - INFO - 开始图像识别，窗口位置: (863, 161)
2025-01-25 14:30:29,694 - DEBUG - 未找到匹配图像，最大匹配度: 0.47
2025-01-25 14:30:29,695 - DEBUG - 未识别到图像: screenshot.jpg
2025-01-25 14:30:30,196 - INFO - 窗口句柄值: 0x804d0, 窗口位置: (863, 161)
2025-01-25 14:30:30,196 - INFO - 开始图像识别，窗口位置: (863, 161)
2025-01-25 14:30:30,305 - DEBUG - 未找到匹配图像，最大匹配度: 0.33
2025-01-25 14:30:30,307 - DEBUG - 未识别到图像: picture//huntu.png
2025-01-25 14:30:30,808 - INFO - 窗口句柄值: 0x804d0, 窗口位置: (863, 161)
2025-01-25 14:30:30,808 - INFO - 开始图像识别，窗口位置: (863, 161)
2025-01-25 14:30:30,927 - DEBUG - 未找到匹配图像，最大匹配度: 0.48
2025-01-25 14:30:30,929 - DEBUG - 未识别到图像: picture//jiangli.png
2025-01-25 14:30:31,430 - INFO - 窗口句柄值: 0x804d0, 窗口位置: (863, 161)
2025-01-25 14:30:31,430 - INFO - 开始图像识别，窗口位置: (863, 161)
2025-01-25 14:30:31,534 - DEBUG - 未找到匹配图像，最大匹配度: 0.29
2025-01-25 14:30:31,535 - DEBUG - 未识别到图像: screenshot.jpg
2025-01-25 14:30:32,036 - INFO - 窗口句柄值: 0x804d0, 窗口位置: (863, 161)
2025-01-25 14:30:32,037 - INFO - 开始图像识别，窗口位置: (863, 161)
2025-01-25 14:30:32,154 - DEBUG - 未找到匹配图像，最大匹配度: 0.36
2025-01-25 14:30:32,156 - DEBUG - 未识别到图像: picture//huntu.png
2025-01-25 14:30:32,657 - INFO - 窗口句柄值: 0x804d0, 窗口位置: (863, 161)
2025-01-25 14:30:32,657 - INFO - 开始图像识别，窗口位置: (863, 161)
2025-01-25 14:30:32,778 - DEBUG - 未找到匹配图像，最大匹配度: 0.45
2025-01-25 14:30:32,780 - DEBUG - 未识别到图像: picture//jiangli.png
2025-01-25 14:30:33,281 - INFO - 窗口句柄值: 0x804d0, 窗口位置: (863, 161)
2025-01-25 14:30:33,281 - INFO - 开始图像识别，窗口位置: (863, 161)
2025-01-25 14:30:33,391 - DEBUG - 未找到匹配图像，最大匹配度: 0.23
2025-01-25 14:30:33,392 - DEBUG - 未识别到图像: screenshot.jpg
2025-01-25 14:30:33,893 - INFO - 窗口句柄值: 0x804d0, 窗口位置: (863, 161)
2025-01-25 14:30:33,893 - INFO - 开始图像识别，窗口位置: (863, 161)
2025-01-25 14:30:34,004 - DEBUG - 未找到匹配图像，最大匹配度: 0.32
2025-01-25 14:30:34,006 - DEBUG - 未识别到图像: picture//huntu.png
2025-01-25 14:30:34,507 - INFO - 窗口句柄值: 0x804d0, 窗口位置: (863, 161)
2025-01-25 14:30:34,507 - INFO - 开始图像识别，窗口位置: (863, 161)
2025-01-25 14:30:34,631 - DEBUG - 未找到匹配图像，最大匹配度: 0.46
2025-01-25 14:30:34,632 - DEBUG - 未识别到图像: picture//jiangli.png
2025-01-25 14:30:35,133 - INFO - 窗口句柄值: 0x804d0, 窗口位置: (863, 161)
2025-01-25 14:30:35,133 - INFO - 开始图像识别，窗口位置: (863, 161)
2025-01-25 14:30:35,240 - DEBUG - 未找到匹配图像，最大匹配度: 0.26
2025-01-25 14:30:35,243 - DEBUG - 未识别到图像: screenshot.jpg
2025-01-25 14:30:35,743 - INFO - 窗口句柄值: 0x804d0, 窗口位置: (863, 161)
2025-01-25 14:30:35,743 - INFO - 开始图像识别，窗口位置: (863, 161)
2025-01-25 14:30:35,859 - DEBUG - 未找到匹配图像，最大匹配度: 0.34
2025-01-25 14:30:35,861 - DEBUG - 未识别到图像: picture//huntu.png
2025-01-25 14:30:36,362 - INFO - 窗口句柄值: 0x804d0, 窗口位置: (863, 161)
2025-01-25 14:30:36,362 - INFO - 开始图像识别，窗口位置: (863, 161)
2025-01-25 14:30:36,478 - DEBUG - 未找到匹配图像，最大匹配度: 0.44
2025-01-25 14:30:36,480 - DEBUG - 未识别到图像: picture//jiangli.png
2025-01-25 14:30:36,981 - INFO - 窗口句柄值: 0x804d0, 窗口位置: (863, 161)
2025-01-25 14:30:36,981 - INFO - 开始图像识别，窗口位置: (863, 161)
2025-01-25 14:30:37,088 - DEBUG - 未找到匹配图像，最大匹配度: 0.16
2025-01-25 14:30:37,090 - DEBUG - 未识别到图像: screenshot.jpg
2025-01-25 14:30:37,590 - INFO - 窗口句柄值: 0x804d0, 窗口位置: (863, 161)
2025-01-25 14:30:37,590 - INFO - 开始图像识别，窗口位置: (863, 161)
2025-01-25 14:30:37,702 - DEBUG - 未找到匹配图像，最大匹配度: 0.33
2025-01-25 14:30:37,704 - DEBUG - 未识别到图像: picture//huntu.png
2025-01-25 14:30:38,205 - INFO - 窗口句柄值: 0x804d0, 窗口位置: (863, 161)
2025-01-25 14:30:38,205 - INFO - 开始图像识别，窗口位置: (863, 161)
2025-01-25 14:30:38,342 - DEBUG - 未找到匹配图像，最大匹配度: 0.42
2025-01-25 14:30:38,343 - DEBUG - 未识别到图像: picture//jiangli.png
2025-01-25 14:30:38,845 - INFO - 窗口句柄值: 0x804d0, 窗口位置: (863, 161)
2025-01-25 14:30:38,845 - INFO - 开始图像识别，窗口位置: (863, 161)
2025-01-25 14:30:38,951 - DEBUG - 未找到匹配图像，最大匹配度: 0.38
2025-01-25 14:30:38,953 - DEBUG - 未识别到图像: screenshot.jpg
2025-01-25 14:30:39,454 - INFO - 窗口句柄值: 0x804d0, 窗口位置: (863, 161)
2025-01-25 14:30:39,454 - INFO - 开始图像识别，窗口位置: (863, 161)
2025-01-25 14:30:39,563 - DEBUG - 未找到匹配图像，最大匹配度: 0.32
2025-01-25 14:30:39,565 - DEBUG - 未识别到图像: picture//huntu.png
2025-01-25 14:30:40,066 - INFO - 窗口句柄值: 0x804d0, 窗口位置: (863, 161)
2025-01-25 14:30:40,066 - INFO - 开始图像识别，窗口位置: (863, 161)
2025-01-25 14:30:40,187 - INFO - 图像识别成功，匹配度: 0.91
2025-01-25 14:30:40,187 - DEBUG - 匹配位置 - 左上角: (1552, 753), 右下角: (1891, 1043)
2025-01-25 14:30:40,190 - INFO - 成功识别图像: picture//jiangli.png
2025-01-25 14:30:40,190 - DEBUG - 移动鼠标到: (1714, 894), 偏移量: (-7, -4)
2025-01-25 14:30:41,917 - INFO - 成功点击位置: (1721, 898)
2025-01-25 14:30:41,917 - INFO - 识别到奖励，剩余次数: 2
2025-01-25 14:30:41,917 - INFO - 窗口句柄值: 0x804d0, 窗口位置: (863, 161)
2025-01-25 14:30:41,917 - INFO - 开始图像识别，窗口位置: (863, 161)
2025-01-25 14:30:42,021 - DEBUG - 未找到匹配图像，最大匹配度: 0.44
2025-01-25 14:30:42,022 - DEBUG - 未识别到图像: screenshot.jpg
2025-01-25 14:30:42,524 - INFO - 窗口句柄值: 0x804d0, 窗口位置: (863, 161)
2025-01-25 14:30:42,524 - INFO - 开始图像识别，窗口位置: (863, 161)
2025-01-25 14:30:42,637 - INFO - 图像识别成功，匹配度: 0.99
2025-01-25 14:30:42,637 - DEBUG - 匹配位置 - 左上角: (2372, 1021), 右下角: (2461, 1102)
2025-01-25 14:30:42,640 - INFO - 成功识别图像: picture//huntu.png
2025-01-25 14:30:42,640 - DEBUG - 移动鼠标到: (2408, 1063), 偏移量: (-8, 2)
2025-01-25 14:30:44,536 - INFO - 成功点击位置: (2416, 1061)
2025-01-25 14:30:44,536 - INFO - 识别到魂土图片，等待20秒
2025-01-25 14:30:44,536 - ERROR - 执行点击操作时发生错误: module 'func.progress' has no attribute '_clear_line'
2025-01-25 14:30:45,037 - INFO - 窗口句柄值: 0x804d0, 窗口位置: (863, 161)
2025-01-25 14:30:45,037 - INFO - 开始图像识别，窗口位置: (863, 161)
2025-01-25 14:30:45,151 - DEBUG - 未找到匹配图像，最大匹配度: 0.56
2025-01-25 14:30:45,154 - DEBUG - 未识别到图像: picture//jiangli.png
2025-01-25 14:30:45,655 - INFO - 窗口句柄值: 0x804d0, 窗口位置: (863, 161)
2025-01-25 14:30:45,655 - INFO - 开始图像识别，窗口位置: (863, 161)
2025-01-25 14:30:45,762 - DEBUG - 未找到匹配图像，最大匹配度: 0.43
2025-01-25 14:30:45,764 - DEBUG - 未识别到图像: screenshot.jpg
2025-01-25 14:30:46,264 - INFO - 窗口句柄值: 0x804d0, 窗口位置: (863, 161)
2025-01-25 14:30:46,264 - INFO - 开始图像识别，窗口位置: (863, 161)
2025-01-25 14:30:46,375 - DEBUG - 未找到匹配图像，最大匹配度: 0.32
2025-01-25 14:30:46,377 - DEBUG - 未识别到图像: picture//huntu.png
2025-01-25 14:30:46,878 - INFO - 窗口句柄值: 0x804d0, 窗口位置: (863, 161)
2025-01-25 14:30:46,878 - INFO - 开始图像识别，窗口位置: (863, 161)
2025-01-25 14:30:46,999 - DEBUG - 未找到匹配图像，最大匹配度: 0.42
2025-01-25 14:30:47,001 - DEBUG - 未识别到图像: picture//jiangli.png
2025-01-25 14:30:47,502 - INFO - 窗口句柄值: 0x804d0, 窗口位置: (863, 161)
2025-01-25 14:30:47,502 - INFO - 开始图像识别，窗口位置: (863, 161)
2025-01-25 14:30:47,615 - DEBUG - 未找到匹配图像，最大匹配度: 0.42
2025-01-25 14:30:47,616 - DEBUG - 未识别到图像: screenshot.jpg
2025-01-25 14:30:48,117 - INFO - 窗口句柄值: 0x804d0, 窗口位置: (863, 161)
2025-01-25 14:30:48,117 - INFO - 开始图像识别，窗口位置: (863, 161)
2025-01-25 14:30:48,228 - DEBUG - 未找到匹配图像，最大匹配度: 0.37
2025-01-25 14:30:48,230 - DEBUG - 未识别到图像: picture//huntu.png
2025-01-25 14:30:48,731 - INFO - 窗口句柄值: 0x804d0, 窗口位置: (863, 161)
2025-01-25 14:30:48,731 - INFO - 开始图像识别，窗口位置: (863, 161)
2025-01-25 14:30:48,851 - DEBUG - 未找到匹配图像，最大匹配度: 0.44
2025-01-25 14:30:48,853 - DEBUG - 未识别到图像: picture//jiangli.png
2025-01-25 14:30:49,354 - INFO - 窗口句柄值: 0x804d0, 窗口位置: (863, 161)
2025-01-25 14:30:49,354 - INFO - 开始图像识别，窗口位置: (863, 161)
2025-01-25 14:30:49,463 - DEBUG - 未找到匹配图像，最大匹配度: 0.28
2025-01-25 14:30:49,464 - DEBUG - 未识别到图像: screenshot.jpg
2025-01-25 14:30:49,966 - INFO - 窗口句柄值: 0x804d0, 窗口位置: (863, 161)
2025-01-25 14:30:49,966 - INFO - 开始图像识别，窗口位置: (863, 161)
2025-01-25 14:30:50,079 - DEBUG - 未找到匹配图像，最大匹配度: 0.36
2025-01-25 14:30:50,083 - DEBUG - 未识别到图像: picture//huntu.png
2025-01-25 14:30:50,583 - INFO - 窗口句柄值: 0x804d0, 窗口位置: (863, 161)
2025-01-25 14:30:50,583 - INFO - 开始图像识别，窗口位置: (863, 161)
2025-01-25 14:30:50,707 - DEBUG - 未找到匹配图像，最大匹配度: 0.46
2025-01-25 14:30:50,709 - DEBUG - 未识别到图像: picture//jiangli.png
2025-01-25 14:30:51,210 - INFO - 窗口句柄值: 0x804d0, 窗口位置: (863, 161)
2025-01-25 14:30:51,210 - INFO - 开始图像识别，窗口位置: (863, 161)
2025-01-25 14:30:51,317 - DEBUG - 未找到匹配图像，最大匹配度: 0.26
2025-01-25 14:30:51,319 - DEBUG - 未识别到图像: screenshot.jpg
2025-01-25 14:30:51,820 - INFO - 窗口句柄值: 0x804d0, 窗口位置: (863, 161)
2025-01-25 14:30:51,820 - INFO - 开始图像识别，窗口位置: (863, 161)
2025-01-25 14:30:51,931 - DEBUG - 未找到匹配图像，最大匹配度: 0.34
2025-01-25 14:30:51,934 - DEBUG - 未识别到图像: picture//huntu.png
2025-01-25 14:30:52,434 - INFO - 窗口句柄值: 0x804d0, 窗口位置: (863, 161)
2025-01-25 14:30:52,434 - INFO - 开始图像识别，窗口位置: (863, 161)
2025-01-25 14:30:52,555 - DEBUG - 未找到匹配图像，最大匹配度: 0.48
2025-01-25 14:30:52,557 - DEBUG - 未识别到图像: picture//jiangli.png
2025-01-25 14:30:53,058 - INFO - 窗口句柄值: 0x804d0, 窗口位置: (863, 161)
2025-01-25 14:30:53,058 - INFO - 开始图像识别，窗口位置: (863, 161)
2025-01-25 14:30:53,163 - DEBUG - 未找到匹配图像，最大匹配度: 0.27
2025-01-25 14:30:53,164 - DEBUG - 未识别到图像: screenshot.jpg
2025-01-25 14:30:53,664 - INFO - 窗口句柄值: 0x804d0, 窗口位置: (863, 161)
2025-01-25 14:30:53,664 - INFO - 开始图像识别，窗口位置: (863, 161)
2025-01-25 14:30:53,776 - DEBUG - 未找到匹配图像，最大匹配度: 0.34
2025-01-25 14:30:53,778 - DEBUG - 未识别到图像: picture//huntu.png
2025-01-25 14:30:54,279 - INFO - 窗口句柄值: 0x804d0, 窗口位置: (863, 161)
2025-01-25 14:30:54,279 - INFO - 开始图像识别，窗口位置: (863, 161)
2025-01-25 14:30:54,410 - DEBUG - 未找到匹配图像，最大匹配度: 0.46
2025-01-25 14:30:54,412 - DEBUG - 未识别到图像: picture//jiangli.png
2025-01-25 14:30:54,912 - INFO - 窗口句柄值: 0x804d0, 窗口位置: (863, 161)
2025-01-25 14:30:54,912 - INFO - 开始图像识别，窗口位置: (863, 161)
2025-01-25 14:30:55,020 - DEBUG - 未找到匹配图像，最大匹配度: 0.29
2025-01-25 14:30:55,021 - DEBUG - 未识别到图像: screenshot.jpg
2025-01-25 14:30:55,521 - INFO - 窗口句柄值: 0x804d0, 窗口位置: (863, 161)
2025-01-25 14:30:55,522 - INFO - 开始图像识别，窗口位置: (863, 161)
2025-01-25 14:30:55,640 - DEBUG - 未找到匹配图像，最大匹配度: 0.34
2025-01-25 14:30:55,642 - DEBUG - 未识别到图像: picture//huntu.png
2025-01-25 14:30:56,144 - INFO - 窗口句柄值: 0x804d0, 窗口位置: (863, 161)
2025-01-25 14:30:56,144 - INFO - 开始图像识别，窗口位置: (863, 161)
2025-01-25 14:30:56,270 - DEBUG - 未找到匹配图像，最大匹配度: 0.44
2025-01-25 14:30:56,272 - DEBUG - 未识别到图像: picture//jiangli.png
2025-01-25 14:30:56,772 - INFO - 窗口句柄值: 0x804d0, 窗口位置: (863, 161)
2025-01-25 14:30:56,772 - INFO - 开始图像识别，窗口位置: (863, 161)
2025-01-25 14:30:56,877 - DEBUG - 未找到匹配图像，最大匹配度: 0.20
2025-01-25 14:30:56,879 - DEBUG - 未识别到图像: screenshot.jpg
2025-01-25 14:30:57,379 - INFO - 窗口句柄值: 0x804d0, 窗口位置: (863, 161)
2025-01-25 14:30:57,379 - INFO - 开始图像识别，窗口位置: (863, 161)
2025-01-25 14:30:57,491 - DEBUG - 未找到匹配图像，最大匹配度: 0.37
2025-01-25 14:30:57,493 - DEBUG - 未识别到图像: picture//huntu.png
2025-01-25 14:30:57,994 - INFO - 窗口句柄值: 0x804d0, 窗口位置: (863, 161)
2025-01-25 14:30:57,994 - INFO - 开始图像识别，窗口位置: (863, 161)
2025-01-25 14:30:58,119 - DEBUG - 未找到匹配图像，最大匹配度: 0.46
2025-01-25 14:30:58,121 - DEBUG - 未识别到图像: picture//jiangli.png
2025-01-25 14:30:58,622 - INFO - 窗口句柄值: 0x804d0, 窗口位置: (863, 161)
2025-01-25 14:30:58,622 - INFO - 开始图像识别，窗口位置: (863, 161)
2025-01-25 14:30:58,727 - DEBUG - 未找到匹配图像，最大匹配度: 0.22
2025-01-25 14:30:58,728 - DEBUG - 未识别到图像: screenshot.jpg
2025-01-25 14:30:59,229 - INFO - 窗口句柄值: 0x804d0, 窗口位置: (863, 161)
2025-01-25 14:30:59,229 - INFO - 开始图像识别，窗口位置: (863, 161)
2025-01-25 14:30:59,339 - DEBUG - 未找到匹配图像，最大匹配度: 0.35
2025-01-25 14:30:59,342 - DEBUG - 未识别到图像: picture//huntu.png
2025-01-25 14:30:59,843 - INFO - 窗口句柄值: 0x804d0, 窗口位置: (863, 161)
2025-01-25 14:30:59,844 - INFO - 开始图像识别，窗口位置: (863, 161)
2025-01-25 14:30:59,968 - DEBUG - 未找到匹配图像，最大匹配度: 0.46
2025-01-25 14:30:59,970 - DEBUG - 未识别到图像: picture//jiangli.png
2025-01-25 14:31:00,471 - INFO - 窗口句柄值: 0x804d0, 窗口位置: (863, 161)
2025-01-25 14:31:00,471 - INFO - 开始图像识别，窗口位置: (863, 161)
2025-01-25 14:31:00,577 - DEBUG - 未找到匹配图像，最大匹配度: 0.28
2025-01-25 14:31:00,578 - DEBUG - 未识别到图像: screenshot.jpg
2025-01-25 14:31:01,079 - INFO - 窗口句柄值: 0x804d0, 窗口位置: (863, 161)
2025-01-25 14:31:01,079 - INFO - 开始图像识别，窗口位置: (863, 161)
2025-01-25 14:31:01,198 - DEBUG - 未找到匹配图像，最大匹配度: 0.34
2025-01-25 14:31:01,199 - DEBUG - 未识别到图像: picture//huntu.png
2025-01-25 14:31:01,700 - INFO - 窗口句柄值: 0x804d0, 窗口位置: (863, 161)
2025-01-25 14:31:01,700 - INFO - 开始图像识别，窗口位置: (863, 161)
2025-01-25 14:31:01,825 - DEBUG - 未找到匹配图像，最大匹配度: 0.46
2025-01-25 14:31:01,827 - DEBUG - 未识别到图像: picture//jiangli.png
2025-01-25 14:31:02,328 - INFO - 窗口句柄值: 0x804d0, 窗口位置: (863, 161)
2025-01-25 14:31:02,328 - INFO - 开始图像识别，窗口位置: (863, 161)
2025-01-25 14:31:02,436 - DEBUG - 未找到匹配图像，最大匹配度: 0.26
2025-01-25 14:31:02,438 - DEBUG - 未识别到图像: screenshot.jpg
2025-01-25 14:31:02,939 - INFO - 窗口句柄值: 0x804d0, 窗口位置: (863, 161)
2025-01-25 14:31:02,939 - INFO - 开始图像识别，窗口位置: (863, 161)
2025-01-25 14:31:03,056 - DEBUG - 未找到匹配图像，最大匹配度: 0.31
2025-01-25 14:31:03,059 - DEBUG - 未识别到图像: picture//huntu.png
2025-01-25 14:31:03,560 - INFO - 窗口句柄值: 0x804d0, 窗口位置: (863, 161)
2025-01-25 14:31:03,560 - INFO - 开始图像识别，窗口位置: (863, 161)
2025-01-25 14:31:03,715 - DEBUG - 未找到匹配图像，最大匹配度: 0.45
2025-01-25 14:31:03,716 - DEBUG - 未识别到图像: picture//jiangli.png
2025-01-25 14:31:04,217 - INFO - 窗口句柄值: 0x804d0, 窗口位置: (863, 161)
2025-01-25 14:31:04,217 - INFO - 开始图像识别，窗口位置: (863, 161)
2025-01-25 14:31:04,335 - DEBUG - 未找到匹配图像，最大匹配度: 0.21
2025-01-25 14:31:04,336 - DEBUG - 未识别到图像: screenshot.jpg
2025-01-25 14:31:04,837 - INFO - 窗口句柄值: 0x804d0, 窗口位置: (863, 161)
2025-01-25 14:31:04,837 - INFO - 开始图像识别，窗口位置: (863, 161)
2025-01-25 14:31:04,947 - DEBUG - 未找到匹配图像，最大匹配度: 0.36
2025-01-25 14:31:04,950 - DEBUG - 未识别到图像: picture//huntu.png
2025-01-25 14:31:05,451 - INFO - 窗口句柄值: 0x804d0, 窗口位置: (863, 161)
2025-01-25 14:31:05,451 - INFO - 开始图像识别，窗口位置: (863, 161)
2025-01-25 14:31:05,611 - DEBUG - 未找到匹配图像，最大匹配度: 0.44
2025-01-25 14:31:05,612 - DEBUG - 未识别到图像: picture//jiangli.png
2025-01-25 14:31:06,114 - INFO - 窗口句柄值: 0x804d0, 窗口位置: (863, 161)
2025-01-25 14:31:06,114 - INFO - 开始图像识别，窗口位置: (863, 161)
2025-01-25 14:31:06,234 - DEBUG - 未找到匹配图像，最大匹配度: 0.16
2025-01-25 14:31:06,235 - DEBUG - 未识别到图像: screenshot.jpg
2025-01-25 14:31:06,736 - INFO - 窗口句柄值: 0x804d0, 窗口位置: (863, 161)
2025-01-25 14:31:06,737 - INFO - 开始图像识别，窗口位置: (863, 161)
2025-01-25 14:31:06,850 - DEBUG - 未找到匹配图像，最大匹配度: 0.33
2025-01-25 14:31:06,852 - DEBUG - 未识别到图像: picture//huntu.png
2025-01-25 14:31:07,354 - INFO - 窗口句柄值: 0x804d0, 窗口位置: (863, 161)
2025-01-25 14:31:07,354 - INFO - 开始图像识别，窗口位置: (863, 161)
2025-01-25 14:31:07,496 - DEBUG - 未找到匹配图像，最大匹配度: 0.41
2025-01-25 14:31:07,497 - DEBUG - 未识别到图像: picture//jiangli.png
2025-01-25 14:31:07,998 - INFO - 窗口句柄值: 0x804d0, 窗口位置: (863, 161)
2025-01-25 14:31:07,998 - INFO - 开始图像识别，窗口位置: (863, 161)
2025-01-25 14:31:08,117 - DEBUG - 未找到匹配图像，最大匹配度: 0.38
2025-01-25 14:31:08,118 - DEBUG - 未识别到图像: screenshot.jpg
2025-01-25 14:31:08,619 - INFO - 窗口句柄值: 0x804d0, 窗口位置: (863, 161)
2025-01-25 14:31:08,619 - INFO - 开始图像识别，窗口位置: (863, 161)
2025-01-25 14:31:08,730 - DEBUG - 未找到匹配图像，最大匹配度: 0.35
2025-01-25 14:31:08,733 - DEBUG - 未识别到图像: picture//huntu.png
2025-01-25 14:31:09,234 - INFO - 窗口句柄值: 0x804d0, 窗口位置: (863, 161)
2025-01-25 14:31:09,234 - INFO - 开始图像识别，窗口位置: (863, 161)
2025-01-25 14:31:09,366 - INFO - 图像识别成功，匹配度: 0.86
2025-01-25 14:31:09,367 - DEBUG - 匹配位置 - 左上角: (1552, 753), 右下角: (1891, 1043)
2025-01-25 14:31:09,369 - INFO - 成功识别图像: picture//jiangli.png
2025-01-25 14:31:09,369 - DEBUG - 移动鼠标到: (1714, 890), 偏移量: (-7, -8)
2025-01-25 14:31:12,014 - INFO - 成功点击位置: (1721, 898)
2025-01-25 14:31:12,014 - INFO - 识别到奖励，剩余次数: 1
2025-01-25 14:31:12,014 - INFO - 窗口句柄值: 0x804d0, 窗口位置: (863, 161)
2025-01-25 14:31:12,014 - INFO - 开始图像识别，窗口位置: (863, 161)
2025-01-25 14:31:12,137 - DEBUG - 未找到匹配图像，最大匹配度: 0.40
2025-01-25 14:31:12,138 - DEBUG - 未识别到图像: screenshot.jpg
2025-01-25 14:31:12,639 - INFO - 窗口句柄值: 0x804d0, 窗口位置: (863, 161)
2025-01-25 14:31:12,639 - INFO - 开始图像识别，窗口位置: (863, 161)
2025-01-25 14:31:12,751 - INFO - 图像识别成功，匹配度: 0.99
2025-01-25 14:31:12,751 - DEBUG - 匹配位置 - 左上角: (2372, 1021), 右下角: (2461, 1102)
2025-01-25 14:31:12,752 - INFO - 成功识别图像: picture//huntu.png
2025-01-25 14:31:12,752 - DEBUG - 移动鼠标到: (2423, 1058), 偏移量: (7, -3)
2025-01-25 14:31:14,064 - INFO - 成功点击位置: (2416, 1061)
2025-01-25 14:31:14,064 - INFO - 识别到魂土图片，等待20秒
2025-01-25 14:31:14,064 - ERROR - 执行点击操作时发生错误: module 'func.progress' has no attribute '_clear_line'
2025-01-25 14:31:14,565 - INFO - 窗口句柄值: 0x804d0, 窗口位置: (863, 161)
2025-01-25 14:31:14,565 - INFO - 开始图像识别，窗口位置: (863, 161)
2025-01-25 14:31:14,684 - DEBUG - 未找到匹配图像，最大匹配度: 0.50
2025-01-25 14:31:14,686 - DEBUG - 未识别到图像: picture//jiangli.png
2025-01-25 14:31:15,186 - INFO - 窗口句柄值: 0x804d0, 窗口位置: (863, 161)
2025-01-25 14:31:15,186 - INFO - 开始图像识别，窗口位置: (863, 161)
2025-01-25 14:31:15,285 - DEBUG - 未找到匹配图像，最大匹配度: 0.43
2025-01-25 14:31:15,288 - DEBUG - 未识别到图像: screenshot.jpg
2025-01-25 14:31:15,788 - INFO - 窗口句柄值: 0x804d0, 窗口位置: (863, 161)
2025-01-25 14:31:15,788 - INFO - 开始图像识别，窗口位置: (863, 161)
2025-01-25 14:31:15,898 - DEBUG - 未找到匹配图像，最大匹配度: 0.32
2025-01-25 14:31:15,900 - DEBUG - 未识别到图像: picture//huntu.png
2025-01-25 14:31:16,400 - INFO - 窗口句柄值: 0x804d0, 窗口位置: (863, 161)
2025-01-25 14:31:16,400 - INFO - 开始图像识别，窗口位置: (863, 161)
2025-01-25 14:31:16,518 - DEBUG - 未找到匹配图像，最大匹配度: 0.40
2025-01-25 14:31:16,521 - DEBUG - 未识别到图像: picture//jiangli.png
2025-01-25 14:31:17,021 - INFO - 窗口句柄值: 0x804d0, 窗口位置: (863, 161)
2025-01-25 14:31:17,021 - INFO - 开始图像识别，窗口位置: (863, 161)
2025-01-25 14:31:17,127 - DEBUG - 未找到匹配图像，最大匹配度: 0.28
2025-01-25 14:31:17,129 - DEBUG - 未识别到图像: screenshot.jpg
2025-01-25 14:31:17,629 - INFO - 窗口句柄值: 0x804d0, 窗口位置: (863, 161)
2025-01-25 14:31:17,629 - INFO - 开始图像识别，窗口位置: (863, 161)
2025-01-25 14:31:17,744 - DEBUG - 未找到匹配图像，最大匹配度: 0.35
2025-01-25 14:31:17,746 - DEBUG - 未识别到图像: picture//huntu.png
2025-01-25 14:31:18,247 - INFO - 窗口句柄值: 0x804d0, 窗口位置: (863, 161)
2025-01-25 14:31:18,247 - INFO - 开始图像识别，窗口位置: (863, 161)
2025-01-25 14:31:18,365 - DEBUG - 未找到匹配图像，最大匹配度: 0.50
2025-01-25 14:31:18,367 - DEBUG - 未识别到图像: picture//jiangli.png
2025-01-25 14:31:18,868 - INFO - 窗口句柄值: 0x804d0, 窗口位置: (863, 161)
2025-01-25 14:31:18,868 - INFO - 开始图像识别，窗口位置: (863, 161)
2025-01-25 14:31:18,974 - DEBUG - 未找到匹配图像，最大匹配度: 0.29
2025-01-25 14:31:18,975 - DEBUG - 未识别到图像: screenshot.jpg
2025-01-25 14:31:19,477 - INFO - 窗口句柄值: 0x804d0, 窗口位置: (863, 161)
2025-01-25 14:31:19,477 - INFO - 开始图像识别，窗口位置: (863, 161)
2025-01-25 14:31:19,585 - DEBUG - 未找到匹配图像，最大匹配度: 0.33
2025-01-25 14:31:19,588 - DEBUG - 未识别到图像: picture//huntu.png
2025-01-25 14:31:20,088 - INFO - 窗口句柄值: 0x804d0, 窗口位置: (863, 161)
2025-01-25 14:31:20,088 - INFO - 开始图像识别，窗口位置: (863, 161)
2025-01-25 14:31:20,211 - DEBUG - 未找到匹配图像，最大匹配度: 0.46
2025-01-25 14:31:20,212 - DEBUG - 未识别到图像: picture//jiangli.png
2025-01-25 14:31:20,714 - INFO - 窗口句柄值: 0x804d0, 窗口位置: (863, 161)
2025-01-25 14:31:20,714 - INFO - 开始图像识别，窗口位置: (863, 161)
2025-01-25 14:31:20,819 - DEBUG - 未找到匹配图像，最大匹配度: 0.25
2025-01-25 14:31:20,820 - DEBUG - 未识别到图像: screenshot.jpg
2025-01-25 14:31:21,321 - INFO - 窗口句柄值: 0x804d0, 窗口位置: (863, 161)
2025-01-25 14:31:21,321 - INFO - 开始图像识别，窗口位置: (863, 161)
2025-01-25 14:31:21,431 - DEBUG - 未找到匹配图像，最大匹配度: 0.34
2025-01-25 14:31:21,433 - DEBUG - 未识别到图像: picture//huntu.png
2025-01-25 14:31:21,934 - INFO - 窗口句柄值: 0x804d0, 窗口位置: (863, 161)
2025-01-25 14:31:21,934 - INFO - 开始图像识别，窗口位置: (863, 161)
2025-01-25 14:31:22,054 - DEBUG - 未找到匹配图像，最大匹配度: 0.48
2025-01-25 14:31:22,056 - DEBUG - 未识别到图像: picture//jiangli.png
2025-01-25 14:31:22,557 - INFO - 窗口句柄值: 0x804d0, 窗口位置: (863, 161)
2025-01-25 14:31:22,557 - INFO - 开始图像识别，窗口位置: (863, 161)
2025-01-25 14:31:22,690 - DEBUG - 未找到匹配图像，最大匹配度: 0.21
2025-01-25 14:31:22,692 - DEBUG - 未识别到图像: screenshot.jpg
2025-01-25 14:31:23,192 - INFO - 窗口句柄值: 0x804d0, 窗口位置: (863, 161)
2025-01-25 14:31:23,192 - INFO - 开始图像识别，窗口位置: (863, 161)
2025-01-25 14:31:23,314 - DEBUG - 未找到匹配图像，最大匹配度: 0.34
2025-01-25 14:31:23,317 - DEBUG - 未识别到图像: picture//huntu.png
2025-01-25 14:31:23,817 - INFO - 窗口句柄值: 0x804d0, 窗口位置: (863, 161)
2025-01-25 14:31:23,817 - INFO - 开始图像识别，窗口位置: (863, 161)
2025-01-25 14:31:23,974 - DEBUG - 未找到匹配图像，最大匹配度: 0.35
2025-01-25 14:31:23,976 - DEBUG - 未识别到图像: picture//jiangli.png
2025-01-25 14:31:24,477 - INFO - 窗口句柄值: 0x804d0, 窗口位置: (863, 161)
2025-01-25 14:31:24,477 - INFO - 开始图像识别，窗口位置: (863, 161)
2025-01-25 14:31:24,603 - DEBUG - 未找到匹配图像，最大匹配度: 0.12
2025-01-25 14:31:24,604 - DEBUG - 未识别到图像: screenshot.jpg
2025-01-25 14:31:25,104 - INFO - 窗口句柄值: 0x804d0, 窗口位置: (863, 161)
2025-01-25 14:31:25,104 - INFO - 开始图像识别，窗口位置: (863, 161)
2025-01-25 14:31:25,226 - DEBUG - 未找到匹配图像，最大匹配度: 0.35
2025-01-25 14:31:25,227 - DEBUG - 未识别到图像: picture//huntu.png
2025-01-25 14:31:25,729 - INFO - 窗口句柄值: 0x804d0, 窗口位置: (863, 161)
2025-01-25 14:31:25,729 - INFO - 开始图像识别，窗口位置: (863, 161)
2025-01-25 14:31:25,874 - DEBUG - 未找到匹配图像，最大匹配度: 0.34
2025-01-25 14:31:25,876 - DEBUG - 未识别到图像: picture//jiangli.png
2025-01-25 14:31:26,377 - INFO - 窗口句柄值: 0x804d0, 窗口位置: (863, 161)
2025-01-25 14:31:26,377 - INFO - 开始图像识别，窗口位置: (863, 161)
2025-01-25 14:31:26,494 - DEBUG - 未找到匹配图像，最大匹配度: 0.12
2025-01-25 14:31:26,495 - DEBUG - 未识别到图像: screenshot.jpg
2025-01-25 14:31:26,996 - INFO - 窗口句柄值: 0x804d0, 窗口位置: (863, 161)
2025-01-25 14:31:26,996 - INFO - 开始图像识别，窗口位置: (863, 161)
2025-01-25 14:31:27,120 - DEBUG - 未找到匹配图像，最大匹配度: 0.24
2025-01-25 14:31:27,123 - DEBUG - 未识别到图像: picture//huntu.png
2025-01-25 14:31:27,623 - INFO - 窗口句柄值: 0x804d0, 窗口位置: (863, 161)
2025-01-25 14:31:27,623 - INFO - 开始图像识别，窗口位置: (863, 161)
2025-01-25 14:31:27,755 - DEBUG - 未找到匹配图像，最大匹配度: 0.21
2025-01-25 14:31:27,758 - DEBUG - 未识别到图像: picture//jiangli.png
2025-01-25 14:31:28,258 - INFO - 窗口句柄值: 0x804d0, 窗口位置: (863, 161)
2025-01-25 14:31:28,258 - INFO - 开始图像识别，窗口位置: (863, 161)
2025-01-25 14:31:28,374 - DEBUG - 未找到匹配图像，最大匹配度: 0.23
2025-01-25 14:31:28,376 - DEBUG - 未识别到图像: screenshot.jpg
2025-01-25 14:31:28,877 - INFO - 窗口句柄值: 0x804d0, 窗口位置: (863, 161)
2025-01-25 14:31:28,877 - INFO - 开始图像识别，窗口位置: (863, 161)
2025-01-25 14:31:29,010 - DEBUG - 未找到匹配图像，最大匹配度: 0.34
2025-01-25 14:31:29,013 - DEBUG - 未识别到图像: picture//huntu.png
2025-01-25 14:31:29,513 - INFO - 窗口句柄值: 0x804d0, 窗口位置: (863, 161)
2025-01-25 14:31:29,513 - INFO - 开始图像识别，窗口位置: (863, 161)
2025-01-25 14:31:29,642 - DEBUG - 未找到匹配图像，最大匹配度: 0.47
2025-01-25 14:31:29,644 - DEBUG - 未识别到图像: picture//jiangli.png
2025-01-25 14:31:30,145 - INFO - 窗口句柄值: 0x804d0, 窗口位置: (863, 161)
2025-01-25 14:31:30,145 - INFO - 开始图像识别，窗口位置: (863, 161)
2025-01-25 14:31:30,253 - DEBUG - 未找到匹配图像，最大匹配度: 0.26
2025-01-25 14:31:30,255 - DEBUG - 未识别到图像: screenshot.jpg
2025-01-25 14:31:30,755 - INFO - 窗口句柄值: 0x804d0, 窗口位置: (863, 161)
2025-01-25 14:31:30,755 - INFO - 开始图像识别，窗口位置: (863, 161)
2025-01-25 14:31:30,869 - DEBUG - 未找到匹配图像，最大匹配度: 0.34
2025-01-25 14:31:30,870 - DEBUG - 未识别到图像: picture//huntu.png
2025-01-25 14:31:31,371 - INFO - 窗口句柄值: 0x804d0, 窗口位置: (863, 161)
2025-01-25 14:31:31,371 - INFO - 开始图像识别，窗口位置: (863, 161)
2025-01-25 14:31:31,499 - DEBUG - 未找到匹配图像，最大匹配度: 0.46
2025-01-25 14:31:31,502 - DEBUG - 未识别到图像: picture//jiangli.png
2025-01-25 14:31:32,002 - INFO - 窗口句柄值: 0x804d0, 窗口位置: (863, 161)
2025-01-25 14:31:32,002 - INFO - 开始图像识别，窗口位置: (863, 161)
2025-01-25 14:31:32,112 - DEBUG - 未找到匹配图像，最大匹配度: 0.32
2025-01-25 14:31:32,113 - DEBUG - 未识别到图像: screenshot.jpg
2025-01-25 14:31:32,614 - INFO - 窗口句柄值: 0x804d0, 窗口位置: (863, 161)
2025-01-25 14:31:32,614 - INFO - 开始图像识别，窗口位置: (863, 161)
2025-01-25 14:31:32,729 - DEBUG - 未找到匹配图像，最大匹配度: 0.31
2025-01-25 14:31:32,732 - DEBUG - 未识别到图像: picture//huntu.png
2025-01-25 14:31:33,233 - INFO - 窗口句柄值: 0x804d0, 窗口位置: (863, 161)
2025-01-25 14:31:33,233 - INFO - 开始图像识别，窗口位置: (863, 161)
2025-01-25 14:31:33,360 - DEBUG - 未找到匹配图像，最大匹配度: 0.45
2025-01-25 14:31:33,363 - DEBUG - 未识别到图像: picture//jiangli.png
2025-01-25 14:31:33,864 - INFO - 窗口句柄值: 0x804d0, 窗口位置: (863, 161)
2025-01-25 14:31:33,864 - INFO - 开始图像识别，窗口位置: (863, 161)
2025-01-25 14:31:33,969 - DEBUG - 未找到匹配图像，最大匹配度: 0.21
2025-01-25 14:31:33,970 - DEBUG - 未识别到图像: screenshot.jpg
2025-01-25 14:31:34,471 - INFO - 窗口句柄值: 0x804d0, 窗口位置: (863, 161)
2025-01-25 14:31:34,471 - INFO - 开始图像识别，窗口位置: (863, 161)
2025-01-25 14:31:34,584 - DEBUG - 未找到匹配图像，最大匹配度: 0.38
2025-01-25 14:31:34,586 - DEBUG - 未识别到图像: picture//huntu.png
2025-01-25 14:31:35,086 - INFO - 窗口句柄值: 0x804d0, 窗口位置: (863, 161)
2025-01-25 14:31:35,086 - INFO - 开始图像识别，窗口位置: (863, 161)
2025-01-25 14:31:35,210 - DEBUG - 未找到匹配图像，最大匹配度: 0.44
2025-01-25 14:31:35,212 - DEBUG - 未识别到图像: picture//jiangli.png
2025-01-25 14:31:35,712 - INFO - 窗口句柄值: 0x804d0, 窗口位置: (863, 161)
2025-01-25 14:31:35,712 - INFO - 开始图像识别，窗口位置: (863, 161)
2025-01-25 14:31:35,818 - DEBUG - 未找到匹配图像，最大匹配度: 0.16
2025-01-25 14:31:35,819 - DEBUG - 未识别到图像: screenshot.jpg
2025-01-25 14:31:36,320 - INFO - 窗口句柄值: 0x804d0, 窗口位置: (863, 161)
2025-01-25 14:31:36,320 - INFO - 开始图像识别，窗口位置: (863, 161)
2025-01-25 14:31:36,429 - DEBUG - 未找到匹配图像，最大匹配度: 0.33
2025-01-25 14:31:36,432 - DEBUG - 未识别到图像: picture//huntu.png
2025-01-25 14:31:36,933 - INFO - 窗口句柄值: 0x804d0, 窗口位置: (863, 161)
2025-01-25 14:31:36,933 - INFO - 开始图像识别，窗口位置: (863, 161)
2025-01-25 14:31:37,052 - DEBUG - 未找到匹配图像，最大匹配度: 0.39
2025-01-25 14:31:37,055 - DEBUG - 未识别到图像: picture//jiangli.png
2025-01-25 14:31:37,556 - INFO - 窗口句柄值: 0x804d0, 窗口位置: (863, 161)
2025-01-25 14:31:37,556 - INFO - 开始图像识别，窗口位置: (863, 161)
2025-01-25 14:31:37,662 - DEBUG - 未找到匹配图像，最大匹配度: 0.38
2025-01-25 14:31:37,664 - DEBUG - 未识别到图像: screenshot.jpg
2025-01-25 14:31:38,165 - INFO - 窗口句柄值: 0x804d0, 窗口位置: (863, 161)
2025-01-25 14:31:38,165 - INFO - 开始图像识别，窗口位置: (863, 161)
2025-01-25 14:31:38,279 - DEBUG - 未找到匹配图像，最大匹配度: 0.34
2025-01-25 14:31:38,281 - DEBUG - 未识别到图像: picture//huntu.png
2025-01-25 14:31:38,782 - INFO - 窗口句柄值: 0x804d0, 窗口位置: (863, 161)
2025-01-25 14:31:38,782 - INFO - 开始图像识别，窗口位置: (863, 161)
2025-01-25 14:31:38,907 - INFO - 图像识别成功，匹配度: 0.81
2025-01-25 14:31:38,907 - DEBUG - 匹配位置 - 左上角: (1552, 723), 右下角: (1891, 1013)
2025-01-25 14:31:38,910 - INFO - 成功识别图像: picture//jiangli.png
2025-01-25 14:31:38,910 - DEBUG - 移动鼠标到: (1720, 875), 偏移量: (-1, 7)
2025-01-25 14:31:40,492 - INFO - 成功点击位置: (1721, 868)
2025-01-25 14:31:40,492 - INFO - 识别到奖励，剩余次数: 0
2025-01-25 14:31:40,492 - INFO - 窗口句柄值: 0x804d0, 窗口位置: (863, 161)
2025-01-25 14:31:40,492 - INFO - 开始图像识别，窗口位置: (863, 161)
2025-01-25 14:31:40,597 - DEBUG - 未找到匹配图像，最大匹配度: 0.36
2025-01-25 14:31:40,598 - DEBUG - 未识别到图像: screenshot.jpg
2025-01-25 14:31:41,098 - INFO - 当前循环完成
2025-01-25 14:31:41,098 - INFO - 窗口句柄值: 0x804d0, 窗口位置: (863, 161)
