2025-01-25 14:10:37,525 - INFO - 日志系统初始化完成
2025-01-25 14:10:37,537 - INFO - 程序启动
2025-01-25 14:10:37,622 - INFO - 热键设置完成 - 暂停/继续: f9, 退出: esc
2025-01-25 14:10:37,622 - INFO - 游戏控制器初始化完成
2025-01-25 14:10:37,622 - INFO - 窗口句柄值: 0x804d0, 窗口位置: (783, 149)
2025-01-25 14:10:40,765 - INFO - 用户设置攻打次数: 2
2025-01-25 14:10:40,767 - INFO - 开始任务追踪，总任务数: 2
2025-01-25 14:10:40,767 - INFO - 窗口句柄值: 0x804d0, 窗口位置: (783, 149)
2025-01-25 14:10:40,767 - INFO - 开始图像识别，窗口位置: (783, 149)
2025-01-25 14:10:40,882 - DEBUG - 未找到匹配图像，最大匹配度: 0.25
2025-01-25 14:10:40,884 - DEBUG - 未识别到图像: picture//huntu.png
2025-01-25 14:10:41,385 - INFO - 窗口句柄值: 0x804d0, 窗口位置: (783, 149)
2025-01-25 14:10:41,385 - INFO - 开始图像识别，窗口位置: (783, 149)
2025-01-25 14:10:41,504 - DEBUG - 未找到匹配图像，最大匹配度: 0.19
2025-01-25 14:10:41,506 - DEBUG - 未识别到图像: picture//jiangli.png
2025-01-25 14:10:42,006 - INFO - 窗口句柄值: 0x804d0, 窗口位置: (783, 149)
2025-01-25 14:10:42,006 - INFO - 开始图像识别，窗口位置: (783, 149)
2025-01-25 14:10:42,108 - DEBUG - 未找到匹配图像，最大匹配度: 0.12
2025-01-25 14:10:42,110 - DEBUG - 未识别到图像: screenshot.jpg
2025-01-25 14:10:42,611 - INFO - 窗口句柄值: 0x804d0, 窗口位置: (783, 149)
2025-01-25 14:10:42,611 - INFO - 开始图像识别，窗口位置: (783, 149)
2025-01-25 14:10:42,740 - DEBUG - 未找到匹配图像，最大匹配度: 0.23
2025-01-25 14:10:42,742 - DEBUG - 未识别到图像: picture//huntu.png
2025-01-25 14:10:43,243 - INFO - 窗口句柄值: 0x804d0, 窗口位置: (783, 149)
2025-01-25 14:10:43,243 - INFO - 开始图像识别，窗口位置: (783, 149)
2025-01-25 14:10:43,379 - DEBUG - 未找到匹配图像，最大匹配度: 0.50
2025-01-25 14:10:43,381 - DEBUG - 未识别到图像: picture//jiangli.png
2025-01-25 14:10:43,882 - INFO - 窗口句柄值: 0x804d0, 窗口位置: (783, 149)
2025-01-25 14:10:43,882 - INFO - 开始图像识别，窗口位置: (783, 149)
2025-01-25 14:10:43,990 - DEBUG - 未找到匹配图像，最大匹配度: 0.43
2025-01-25 14:10:43,991 - DEBUG - 未识别到图像: screenshot.jpg
2025-01-25 14:10:44,492 - INFO - 窗口句柄值: 0x804d0, 窗口位置: (783, 149)
2025-01-25 14:10:44,492 - INFO - 开始图像识别，窗口位置: (783, 149)
2025-01-25 14:10:44,604 - INFO - 图像识别成功，匹配度: 0.99
2025-01-25 14:10:44,604 - DEBUG - 匹配位置 - 左上角: (2292, 1009), 右下角: (2381, 1090)
2025-01-25 14:10:44,606 - INFO - 成功识别图像: picture//huntu.png
2025-01-25 14:10:44,606 - DEBUG - 移动鼠标到: (2338, 1052), 偏移量: (2, 3)
2025-01-25 14:10:47,105 - INFO - 成功点击位置: (2336, 1049)
2025-01-25 14:10:47,105 - INFO - 识别到魂土图片，等待23秒
2025-01-25 14:11:10,106 - INFO - 窗口句柄值: 0x804d0, 窗口位置: (783, 149)
2025-01-25 14:11:10,106 - INFO - 开始图像识别，窗口位置: (783, 149)
2025-01-25 14:11:10,226 - DEBUG - 未找到匹配图像，最大匹配度: 0.41
2025-01-25 14:11:10,228 - DEBUG - 未识别到图像: picture//jiangli.png
2025-01-25 14:11:10,728 - INFO - 窗口句柄值: 0x804d0, 窗口位置: (783, 149)
2025-01-25 14:11:10,728 - INFO - 开始图像识别，窗口位置: (783, 149)
2025-01-25 14:11:10,834 - DEBUG - 未找到匹配图像，最大匹配度: 0.38
2025-01-25 14:11:10,835 - DEBUG - 未识别到图像: screenshot.jpg
2025-01-25 14:11:11,337 - INFO - 窗口句柄值: 0x804d0, 窗口位置: (783, 149)
2025-01-25 14:11:11,337 - INFO - 开始图像识别，窗口位置: (783, 149)
2025-01-25 14:11:11,451 - DEBUG - 未找到匹配图像，最大匹配度: 0.33
2025-01-25 14:11:11,453 - DEBUG - 未识别到图像: picture//huntu.png
2025-01-25 14:11:11,954 - INFO - 窗口句柄值: 0x804d0, 窗口位置: (783, 149)
2025-01-25 14:11:11,954 - INFO - 开始图像识别，窗口位置: (783, 149)
2025-01-25 14:11:12,073 - INFO - 图像识别成功，匹配度: 0.86
2025-01-25 14:11:12,073 - DEBUG - 匹配位置 - 左上角: (1472, 741), 右下角: (1811, 1031)
2025-01-25 14:11:12,076 - INFO - 成功识别图像: picture//jiangli.png
2025-01-25 14:11:12,076 - DEBUG - 移动鼠标到: (1645, 877), 偏移量: (4, -9)
2025-01-25 14:11:13,512 - INFO - 成功点击位置: (1641, 886)
2025-01-25 14:11:13,512 - INFO - 识别到奖励，剩余次数: 1
2025-01-25 14:11:13,512 - INFO - 窗口句柄值: 0x804d0, 窗口位置: (783, 149)
2025-01-25 14:11:13,512 - INFO - 开始图像识别，窗口位置: (783, 149)
2025-01-25 14:11:13,622 - DEBUG - 未找到匹配图像，最大匹配度: 0.42
2025-01-25 14:11:13,624 - DEBUG - 未识别到图像: screenshot.jpg
2025-01-25 14:11:14,124 - INFO - 窗口句柄值: 0x804d0, 窗口位置: (783, 149)
2025-01-25 14:11:14,124 - INFO - 开始图像识别，窗口位置: (783, 149)
2025-01-25 14:11:14,233 - DEBUG - 未找到匹配图像，最大匹配度: 0.34
2025-01-25 14:11:14,235 - DEBUG - 未识别到图像: picture//huntu.png
2025-01-25 14:11:14,736 - INFO - 窗口句柄值: 0x804d0, 窗口位置: (783, 149)
2025-01-25 14:11:14,736 - INFO - 开始图像识别，窗口位置: (783, 149)
2025-01-25 14:11:14,855 - DEBUG - 未找到匹配图像，最大匹配度: 0.50
2025-01-25 14:11:14,858 - DEBUG - 未识别到图像: picture//jiangli.png
2025-01-25 14:11:15,359 - INFO - 窗口句柄值: 0x804d0, 窗口位置: (783, 149)
2025-01-25 14:11:15,359 - INFO - 开始图像识别，窗口位置: (783, 149)
2025-01-25 14:11:15,464 - DEBUG - 未找到匹配图像，最大匹配度: 0.43
2025-01-25 14:11:15,465 - DEBUG - 未识别到图像: screenshot.jpg
2025-01-25 14:11:15,966 - INFO - 窗口句柄值: 0x804d0, 窗口位置: (783, 149)
2025-01-25 14:11:15,967 - INFO - 开始图像识别，窗口位置: (783, 149)
2025-01-25 14:11:16,075 - INFO - 图像识别成功，匹配度: 0.99
2025-01-25 14:11:16,075 - DEBUG - 匹配位置 - 左上角: (2292, 1009), 右下角: (2381, 1090)
2025-01-25 14:11:16,077 - INFO - 成功识别图像: picture//huntu.png
2025-01-25 14:11:16,077 - DEBUG - 移动鼠标到: (2345, 1049), 偏移量: (9, 0)
2025-01-25 14:11:18,280 - INFO - 成功点击位置: (2336, 1049)
2025-01-25 14:11:18,280 - INFO - 识别到魂土图片，等待23秒
2025-01-25 14:11:22,610 - INFO - 用户触发停止命令
