2025-01-25 14:04:21,295 - INFO - 日志系统初始化完成
2025-01-25 14:04:21,308 - INFO - 程序启动
2025-01-25 14:04:21,393 - INFO - 热键设置完成 - 暂停/继续: f9, 退出: esc
2025-01-25 14:04:21,393 - INFO - 游戏控制器初始化完成
2025-01-25 14:04:21,393 - INFO - 窗口句柄值: 0x804d0, 窗口位置: (783, 149)
2025-01-25 14:04:23,909 - INFO - 用户设置攻打次数: 2
2025-01-25 14:04:23,910 - INFO - 开始任务追踪，总任务数: 2
2025-01-25 14:04:23,910 - INFO - 窗口句柄值: 0x804d0, 窗口位置: (783, 149)
2025-01-25 14:04:23,910 - INFO - 开始图像识别，窗口位置: (783, 149)
2025-01-25 14:04:24,030 - DEBUG - 未找到匹配图像，最大匹配度: 0.25
2025-01-25 14:04:24,032 - DEBUG - 未识别到图像: picture//huntu.png
2025-01-25 14:04:24,533 - INFO - 窗口句柄值: 0x804d0, 窗口位置: (783, 149)
2025-01-25 14:04:24,533 - INFO - 开始图像识别，窗口位置: (783, 149)
2025-01-25 14:04:24,697 - DEBUG - 未找到匹配图像，最大匹配度: 0.18
2025-01-25 14:04:24,699 - DEBUG - 未识别到图像: picture//jiangli.png
2025-01-25 14:04:25,200 - INFO - 窗口句柄值: 0x804d0, 窗口位置: (783, 149)
2025-01-25 14:04:25,200 - INFO - 开始图像识别，窗口位置: (783, 149)
2025-01-25 14:04:25,310 - DEBUG - 未找到匹配图像，最大匹配度: 0.05
2025-01-25 14:04:25,312 - DEBUG - 未识别到图像: screenshot.jpg
2025-01-25 14:04:25,812 - INFO - 窗口句柄值: 0x804d0, 窗口位置: (783, 149)
2025-01-25 14:04:25,812 - INFO - 开始图像识别，窗口位置: (783, 149)
2025-01-25 14:04:25,930 - INFO - 图像识别成功，匹配度: 0.99
2025-01-25 14:04:25,930 - DEBUG - 匹配位置 - 左上角: (2292, 1009), 右下角: (2381, 1090)
2025-01-25 14:04:25,932 - INFO - 成功识别图像: picture//huntu.png
2025-01-25 14:04:25,932 - DEBUG - 移动鼠标到: (2327, 1044), 偏移量: (-9, -5)
2025-01-25 14:04:28,134 - INFO - 成功点击位置: (2336, 1049)
2025-01-25 14:04:28,134 - INFO - 识别到魂土图片，等待20秒
2025-01-25 14:04:48,136 - INFO - 窗口句柄值: 0x804d0, 窗口位置: (783, 149)
2025-01-25 14:04:48,136 - INFO - 开始图像识别，窗口位置: (783, 149)
2025-01-25 14:04:48,288 - DEBUG - 未找到匹配图像，最大匹配度: 0.42
2025-01-25 14:04:48,291 - DEBUG - 未识别到图像: picture//jiangli.png
2025-01-25 14:04:48,792 - INFO - 窗口句柄值: 0x804d0, 窗口位置: (783, 149)
2025-01-25 14:04:48,792 - INFO - 开始图像识别，窗口位置: (783, 149)
2025-01-25 14:04:48,901 - DEBUG - 未找到匹配图像，最大匹配度: 0.44
2025-01-25 14:04:48,902 - DEBUG - 未识别到图像: screenshot.jpg
2025-01-25 14:04:49,403 - INFO - 窗口句柄值: 0x804d0, 窗口位置: (783, 149)
2025-01-25 14:04:49,403 - INFO - 开始图像识别，窗口位置: (783, 149)
2025-01-25 14:04:49,513 - DEBUG - 未找到匹配图像，最大匹配度: 0.35
2025-01-25 14:04:49,515 - DEBUG - 未识别到图像: picture//huntu.png
2025-01-25 14:04:50,017 - INFO - 窗口句柄值: 0x804d0, 窗口位置: (783, 149)
2025-01-25 14:04:50,017 - INFO - 开始图像识别，窗口位置: (783, 149)
2025-01-25 14:04:50,176 - DEBUG - 未找到匹配图像，最大匹配度: 0.41
2025-01-25 14:04:50,179 - DEBUG - 未识别到图像: picture//jiangli.png
2025-01-25 14:04:50,680 - INFO - 窗口句柄值: 0x804d0, 窗口位置: (783, 149)
2025-01-25 14:04:50,680 - INFO - 开始图像识别，窗口位置: (783, 149)
2025-01-25 14:04:50,787 - DEBUG - 未找到匹配图像，最大匹配度: 0.29
2025-01-25 14:04:50,789 - DEBUG - 未识别到图像: screenshot.jpg
2025-01-25 14:04:51,289 - INFO - 窗口句柄值: 0x804d0, 窗口位置: (783, 149)
2025-01-25 14:04:51,289 - INFO - 开始图像识别，窗口位置: (783, 149)
2025-01-25 14:04:51,406 - DEBUG - 未找到匹配图像，最大匹配度: 0.36
2025-01-25 14:04:51,409 - DEBUG - 未识别到图像: picture//huntu.png
2025-01-25 14:04:51,910 - INFO - 窗口句柄值: 0x804d0, 窗口位置: (783, 149)
2025-01-25 14:04:51,910 - INFO - 开始图像识别，窗口位置: (783, 149)
2025-01-25 14:04:52,075 - DEBUG - 未找到匹配图像，最大匹配度: 0.41
2025-01-25 14:04:52,076 - DEBUG - 未识别到图像: picture//jiangli.png
2025-01-25 14:04:52,578 - INFO - 窗口句柄值: 0x804d0, 窗口位置: (783, 149)
2025-01-25 14:04:52,578 - INFO - 开始图像识别，窗口位置: (783, 149)
2025-01-25 14:04:52,683 - DEBUG - 未找到匹配图像，最大匹配度: 0.35
2025-01-25 14:04:52,684 - DEBUG - 未识别到图像: screenshot.jpg
2025-01-25 14:04:53,186 - INFO - 窗口句柄值: 0x804d0, 窗口位置: (783, 149)
2025-01-25 14:04:53,186 - INFO - 开始图像识别，窗口位置: (783, 149)
2025-01-25 14:04:53,298 - DEBUG - 未找到匹配图像，最大匹配度: 0.33
2025-01-25 14:04:53,300 - DEBUG - 未识别到图像: picture//huntu.png
2025-01-25 14:04:53,801 - INFO - 窗口句柄值: 0x804d0, 窗口位置: (783, 149)
2025-01-25 14:04:53,801 - INFO - 开始图像识别，窗口位置: (783, 149)
2025-01-25 14:04:53,942 - INFO - 图像识别成功，匹配度: 0.99
2025-01-25 14:04:53,943 - DEBUG - 匹配位置 - 左上角: (1472, 741), 右下角: (1811, 1031)
2025-01-25 14:04:53,944 - INFO - 成功识别图像: picture//jiangli.png
2025-01-25 14:04:53,944 - DEBUG - 移动鼠标到: (1646, 879), 偏移量: (5, -7)
2025-01-25 14:04:56,126 - INFO - 成功点击位置: (1641, 886)
2025-01-25 14:04:56,126 - INFO - 识别到奖励，剩余次数: 1
2025-01-25 14:04:56,126 - INFO - 窗口句柄值: 0x804d0, 窗口位置: (783, 149)
2025-01-25 14:04:56,127 - INFO - 开始图像识别，窗口位置: (783, 149)
2025-01-25 14:04:56,236 - DEBUG - 未找到匹配图像，最大匹配度: 0.36
2025-01-25 14:04:56,239 - DEBUG - 未识别到图像: screenshot.jpg
2025-01-25 14:04:56,740 - INFO - 窗口句柄值: 0x804d0, 窗口位置: (783, 149)
2025-01-25 14:04:56,740 - INFO - 开始图像识别，窗口位置: (783, 149)
2025-01-25 14:04:56,851 - DEBUG - 未找到匹配图像，最大匹配度: 0.34
2025-01-25 14:04:56,853 - DEBUG - 未识别到图像: picture//huntu.png
2025-01-25 14:04:57,353 - INFO - 窗口句柄值: 0x804d0, 窗口位置: (783, 149)
2025-01-25 14:04:57,353 - INFO - 开始图像识别，窗口位置: (783, 149)
2025-01-25 14:04:57,473 - DEBUG - 未找到匹配图像，最大匹配度: 0.50
2025-01-25 14:04:57,474 - DEBUG - 未识别到图像: picture//jiangli.png
2025-01-25 14:04:57,975 - INFO - 窗口句柄值: 0x804d0, 窗口位置: (783, 149)
2025-01-25 14:04:57,975 - INFO - 开始图像识别，窗口位置: (783, 149)
2025-01-25 14:04:58,076 - DEBUG - 未找到匹配图像，最大匹配度: 0.43
2025-01-25 14:04:58,078 - DEBUG - 未识别到图像: screenshot.jpg
2025-01-25 14:04:58,578 - INFO - 窗口句柄值: 0x804d0, 窗口位置: (783, 149)
2025-01-25 14:04:58,578 - INFO - 开始图像识别，窗口位置: (783, 149)
2025-01-25 14:04:58,692 - INFO - 图像识别成功，匹配度: 0.99
2025-01-25 14:04:58,692 - DEBUG - 匹配位置 - 左上角: (2292, 1009), 右下角: (2381, 1090)
2025-01-25 14:04:58,694 - INFO - 成功识别图像: picture//huntu.png
2025-01-25 14:04:58,694 - DEBUG - 移动鼠标到: (2335, 1049), 偏移量: (-1, 0)
2025-01-25 14:05:01,016 - INFO - 成功点击位置: (2336, 1049)
2025-01-25 14:05:01,016 - INFO - 识别到魂土图片，等待20秒
2025-01-25 14:05:21,017 - INFO - 窗口句柄值: 0x804d0, 窗口位置: (783, 149)
2025-01-25 14:05:21,018 - INFO - 开始图像识别，窗口位置: (783, 149)
2025-01-25 14:05:21,179 - DEBUG - 未找到匹配图像，最大匹配度: 0.24
2025-01-25 14:05:21,181 - DEBUG - 未识别到图像: picture//jiangli.png
2025-01-25 14:05:21,682 - INFO - 窗口句柄值: 0x804d0, 窗口位置: (783, 149)
2025-01-25 14:05:21,682 - INFO - 开始图像识别，窗口位置: (783, 149)
2025-01-25 14:05:21,793 - DEBUG - 未找到匹配图像，最大匹配度: 0.05
2025-01-25 14:05:21,795 - DEBUG - 未识别到图像: screenshot.jpg
2025-01-25 14:05:22,296 - INFO - 窗口句柄值: 0x804d0, 窗口位置: (783, 149)
2025-01-25 14:05:22,296 - INFO - 开始图像识别，窗口位置: (783, 149)
2025-01-25 14:05:22,415 - DEBUG - 未找到匹配图像，最大匹配度: 0.25
2025-01-25 14:05:22,418 - DEBUG - 未识别到图像: picture//huntu.png
2025-01-25 14:05:22,918 - INFO - 窗口句柄值: 0x804d0, 窗口位置: (783, 149)
2025-01-25 14:05:22,918 - INFO - 开始图像识别，窗口位置: (783, 149)
2025-01-25 14:05:23,043 - DEBUG - 未找到匹配图像，最大匹配度: 0.24
2025-01-25 14:05:23,046 - DEBUG - 未识别到图像: picture//jiangli.png
2025-01-25 14:05:23,546 - INFO - 窗口句柄值: 0x804d0, 窗口位置: (783, 149)
2025-01-25 14:05:23,546 - INFO - 开始图像识别，窗口位置: (783, 149)
2025-01-25 14:05:23,653 - DEBUG - 未找到匹配图像，最大匹配度: 0.05
2025-01-25 14:05:23,656 - DEBUG - 未识别到图像: screenshot.jpg
2025-01-25 14:05:24,156 - INFO - 窗口句柄值: 0x804d0, 窗口位置: (783, 149)
2025-01-25 14:05:24,156 - INFO - 开始图像识别，窗口位置: (783, 149)
2025-01-25 14:05:24,287 - DEBUG - 未找到匹配图像，最大匹配度: 0.25
2025-01-25 14:05:24,289 - DEBUG - 未识别到图像: picture//huntu.png
2025-01-25 14:05:24,790 - INFO - 窗口句柄值: 0x804d0, 窗口位置: (783, 149)
2025-01-25 14:05:24,790 - INFO - 开始图像识别，窗口位置: (783, 149)
2025-01-25 14:05:24,921 - DEBUG - 未找到匹配图像，最大匹配度: 0.27
2025-01-25 14:05:24,923 - DEBUG - 未识别到图像: picture//jiangli.png
2025-01-25 14:05:25,424 - INFO - 窗口句柄值: 0x804d0, 窗口位置: (783, 149)
2025-01-25 14:05:25,424 - INFO - 开始图像识别，窗口位置: (783, 149)
2025-01-25 14:05:25,534 - DEBUG - 未找到匹配图像，最大匹配度: 0.11
2025-01-25 14:05:25,536 - DEBUG - 未识别到图像: screenshot.jpg
2025-01-25 14:05:26,037 - INFO - 窗口句柄值: 0x804d0, 窗口位置: (783, 149)
2025-01-25 14:05:26,038 - INFO - 开始图像识别，窗口位置: (783, 149)
2025-01-25 14:05:26,149 - DEBUG - 未找到匹配图像，最大匹配度: 0.25
2025-01-25 14:05:26,151 - DEBUG - 未识别到图像: picture//huntu.png
2025-01-25 14:05:26,652 - INFO - 窗口句柄值: 0x804d0, 窗口位置: (783, 149)
2025-01-25 14:05:26,652 - INFO - 开始图像识别，窗口位置: (783, 149)
2025-01-25 14:05:26,791 - DEBUG - 未找到匹配图像，最大匹配度: 0.27
2025-01-25 14:05:26,793 - DEBUG - 未识别到图像: picture//jiangli.png
2025-01-25 14:05:27,294 - INFO - 窗口句柄值: 0x804d0, 窗口位置: (783, 149)
2025-01-25 14:05:27,294 - INFO - 开始图像识别，窗口位置: (783, 149)
2025-01-25 14:05:27,406 - DEBUG - 未找到匹配图像，最大匹配度: 0.36
2025-01-25 14:05:27,407 - DEBUG - 未识别到图像: screenshot.jpg
2025-01-25 14:05:27,909 - INFO - 窗口句柄值: 0x804d0, 窗口位置: (783, 149)
2025-01-25 14:05:27,909 - INFO - 开始图像识别，窗口位置: (783, 149)
2025-01-25 14:05:28,027 - DEBUG - 未找到匹配图像，最大匹配度: 0.34
2025-01-25 14:05:28,028 - DEBUG - 未识别到图像: picture//huntu.png
2025-01-25 14:05:28,529 - INFO - 窗口句柄值: 0x804d0, 窗口位置: (783, 149)
2025-01-25 14:05:28,529 - INFO - 开始图像识别，窗口位置: (783, 149)
2025-01-25 14:05:28,663 - DEBUG - 未找到匹配图像，最大匹配度: 0.50
2025-01-25 14:05:28,664 - DEBUG - 未识别到图像: picture//jiangli.png
2025-01-25 14:05:29,165 - INFO - 窗口句柄值: 0x804d0, 窗口位置: (783, 149)
2025-01-25 14:05:29,165 - INFO - 开始图像识别，窗口位置: (783, 149)
2025-01-25 14:05:29,272 - DEBUG - 未找到匹配图像，最大匹配度: 0.43
2025-01-25 14:05:29,273 - DEBUG - 未识别到图像: screenshot.jpg
2025-01-25 14:05:29,774 - INFO - 窗口句柄值: 0x804d0, 窗口位置: (783, 149)
2025-01-25 14:05:29,774 - INFO - 开始图像识别，窗口位置: (783, 149)
2025-01-25 14:05:29,882 - INFO - 图像识别成功，匹配度: 0.99
2025-01-25 14:05:29,882 - DEBUG - 匹配位置 - 左上角: (2292, 1009), 右下角: (2381, 1090)
2025-01-25 14:05:29,885 - INFO - 成功识别图像: picture//huntu.png
2025-01-25 14:05:29,885 - DEBUG - 移动鼠标到: (2335, 1047), 偏移量: (-1, -2)
2025-01-25 14:05:32,234 - INFO - 成功点击位置: (2336, 1049)
2025-01-25 14:05:32,234 - INFO - 识别到魂土图片，等待20秒
