2025-01-25 14:09:23,598 - INFO - 日志系统初始化完成
2025-01-25 14:09:23,611 - INFO - 程序启动
2025-01-25 14:09:23,695 - INFO - 热键设置完成 - 暂停/继续: f9, 退出: esc
2025-01-25 14:09:23,695 - INFO - 游戏控制器初始化完成
2025-01-25 14:09:23,696 - INFO - 窗口句柄值: 0x804d0, 窗口位置: (783, 149)
2025-01-25 14:09:26,009 - INFO - 用户设置攻打次数: 3
2025-01-25 14:09:26,009 - INFO - 开始任务追踪，总任务数: 3
2025-01-25 14:09:26,009 - INFO - 窗口句柄值: 0x804d0, 窗口位置: (783, 149)
2025-01-25 14:09:26,009 - INFO - 开始图像识别，窗口位置: (783, 149)
2025-01-25 14:09:26,127 - DEBUG - 未找到匹配图像，最大匹配度: 0.25
2025-01-25 14:09:26,129 - DEBUG - 未识别到图像: picture//huntu.png
2025-01-25 14:09:26,631 - INFO - 窗口句柄值: 0x804d0, 窗口位置: (783, 149)
2025-01-25 14:09:26,631 - INFO - 开始图像识别，窗口位置: (783, 149)
2025-01-25 14:09:26,749 - DEBUG - 未找到匹配图像，最大匹配度: 0.18
2025-01-25 14:09:26,751 - DEBUG - 未识别到图像: picture//jiangli.png
2025-01-25 14:09:27,251 - INFO - 窗口句柄值: 0x804d0, 窗口位置: (783, 149)
2025-01-25 14:09:27,251 - INFO - 开始图像识别，窗口位置: (783, 149)
2025-01-25 14:09:27,365 - DEBUG - 未找到匹配图像，最大匹配度: 0.09
2025-01-25 14:09:27,366 - DEBUG - 未识别到图像: screenshot.jpg
2025-01-25 14:09:27,867 - INFO - 窗口句柄值: 0x804d0, 窗口位置: (783, 149)
2025-01-25 14:09:27,867 - INFO - 开始图像识别，窗口位置: (783, 149)
2025-01-25 14:09:27,977 - DEBUG - 未找到匹配图像，最大匹配度: 0.25
2025-01-25 14:09:27,978 - DEBUG - 未识别到图像: picture//huntu.png
2025-01-25 14:09:28,480 - INFO - 窗口句柄值: 0x804d0, 窗口位置: (783, 149)
2025-01-25 14:09:28,480 - INFO - 开始图像识别，窗口位置: (783, 149)
2025-01-25 14:09:28,596 - DEBUG - 未找到匹配图像，最大匹配度: 0.18
2025-01-25 14:09:28,599 - DEBUG - 未识别到图像: picture//jiangli.png
2025-01-25 14:09:29,099 - INFO - 窗口句柄值: 0x804d0, 窗口位置: (783, 149)
2025-01-25 14:09:29,099 - INFO - 开始图像识别，窗口位置: (783, 149)
2025-01-25 14:09:29,200 - DEBUG - 未找到匹配图像，最大匹配度: 0.09
2025-01-25 14:09:29,202 - DEBUG - 未识别到图像: screenshot.jpg
2025-01-25 14:09:29,703 - INFO - 窗口句柄值: 0x804d0, 窗口位置: (783, 149)
2025-01-25 14:09:29,704 - INFO - 开始图像识别，窗口位置: (783, 149)
2025-01-25 14:09:29,816 - DEBUG - 未找到匹配图像，最大匹配度: 0.27
2025-01-25 14:09:29,818 - DEBUG - 未识别到图像: picture//huntu.png
2025-01-25 14:09:30,319 - INFO - 窗口句柄值: 0x804d0, 窗口位置: (783, 149)
2025-01-25 14:09:30,319 - INFO - 开始图像识别，窗口位置: (783, 149)
2025-01-25 14:09:30,444 - DEBUG - 未找到匹配图像，最大匹配度: 0.18
2025-01-25 14:09:30,446 - DEBUG - 未识别到图像: picture//jiangli.png
2025-01-25 14:09:30,946 - INFO - 窗口句柄值: 0x804d0, 窗口位置: (783, 149)
2025-01-25 14:09:30,946 - INFO - 开始图像识别，窗口位置: (783, 149)
2025-01-25 14:09:31,050 - DEBUG - 未找到匹配图像，最大匹配度: 0.09
2025-01-25 14:09:31,052 - DEBUG - 未识别到图像: screenshot.jpg
2025-01-25 14:09:31,553 - INFO - 窗口句柄值: 0x804d0, 窗口位置: (783, 149)
2025-01-25 14:09:31,553 - INFO - 开始图像识别，窗口位置: (783, 149)
2025-01-25 14:09:31,659 - DEBUG - 未找到匹配图像，最大匹配度: 0.25
2025-01-25 14:09:31,661 - DEBUG - 未识别到图像: picture//huntu.png
2025-01-25 14:09:32,163 - INFO - 窗口句柄值: 0x804d0, 窗口位置: (783, 149)
2025-01-25 14:09:32,163 - INFO - 开始图像识别，窗口位置: (783, 149)
2025-01-25 14:09:32,277 - DEBUG - 未找到匹配图像，最大匹配度: 0.18
2025-01-25 14:09:32,279 - DEBUG - 未识别到图像: picture//jiangli.png
2025-01-25 14:09:32,780 - INFO - 窗口句柄值: 0x804d0, 窗口位置: (783, 149)
2025-01-25 14:09:32,780 - INFO - 开始图像识别，窗口位置: (783, 149)
2025-01-25 14:09:32,880 - DEBUG - 未找到匹配图像，最大匹配度: 0.09
2025-01-25 14:09:32,882 - DEBUG - 未识别到图像: screenshot.jpg
2025-01-25 14:09:33,382 - INFO - 窗口句柄值: 0x804d0, 窗口位置: (783, 149)
2025-01-25 14:09:33,383 - INFO - 开始图像识别，窗口位置: (783, 149)
2025-01-25 14:09:33,491 - DEBUG - 未找到匹配图像，最大匹配度: 0.25
2025-01-25 14:09:33,493 - DEBUG - 未识别到图像: picture//huntu.png
2025-01-25 14:09:33,994 - INFO - 窗口句柄值: 0x804d0, 窗口位置: (783, 149)
2025-01-25 14:09:33,994 - INFO - 开始图像识别，窗口位置: (783, 149)
2025-01-25 14:09:34,113 - DEBUG - 未找到匹配图像，最大匹配度: 0.18
2025-01-25 14:09:34,114 - DEBUG - 未识别到图像: picture//jiangli.png
2025-01-25 14:09:34,615 - INFO - 窗口句柄值: 0x804d0, 窗口位置: (783, 149)
2025-01-25 14:09:34,615 - INFO - 开始图像识别，窗口位置: (783, 149)
2025-01-25 14:09:34,721 - DEBUG - 未找到匹配图像，最大匹配度: 0.09
2025-01-25 14:09:34,722 - DEBUG - 未识别到图像: screenshot.jpg
2025-01-25 14:09:35,223 - INFO - 窗口句柄值: 0x804d0, 窗口位置: (783, 149)
2025-01-25 14:09:35,224 - INFO - 开始图像识别，窗口位置: (783, 149)
2025-01-25 14:09:35,333 - DEBUG - 未找到匹配图像，最大匹配度: 0.25
2025-01-25 14:09:35,335 - DEBUG - 未识别到图像: picture//huntu.png
2025-01-25 14:09:35,836 - INFO - 窗口句柄值: 0x804d0, 窗口位置: (783, 149)
2025-01-25 14:09:35,836 - INFO - 开始图像识别，窗口位置: (783, 149)
