2025-01-25 13:59:55,501 - INFO - 日志系统初始化完成
2025-01-25 13:59:55,513 - INFO - 程序启动
2025-01-25 13:59:55,603 - INFO - 热键设置完成 - 暂停/继续: f9, 退出: esc
2025-01-25 13:59:55,604 - INFO - 游戏控制器初始化完成
2025-01-25 13:59:55,604 - INFO - 窗口句柄值: 0x804d0, 窗口位置: (783, 149)
2025-01-25 13:59:59,766 - INFO - 用户设置攻打次数: 3
2025-01-25 13:59:59,766 - INFO - 开始任务追踪，总任务数: 3
2025-01-25 13:59:59,767 - INFO - 窗口句柄值: 0x804d0, 窗口位置: (783, 149)
2025-01-25 13:59:59,767 - INFO - 开始图像识别，窗口位置: (783, 149)
2025-01-25 13:59:59,887 - DEBUG - 未找到匹配图像，最大匹配度: 0.23
2025-01-25 13:59:59,890 - DEBUG - 未识别到图像: picture//huntu.png
2025-01-25 14:00:00,390 - INFO - 窗口句柄值: 0x804d0, 窗口位置: (783, 149)
2025-01-25 14:00:00,390 - INFO - 开始图像识别，窗口位置: (783, 149)
2025-01-25 14:00:00,513 - DEBUG - 未找到匹配图像，最大匹配度: 0.29
2025-01-25 14:00:00,514 - DEBUG - 未识别到图像: picture//jiangli.png
2025-01-25 14:00:01,016 - INFO - 窗口句柄值: 0x804d0, 窗口位置: (783, 149)
2025-01-25 14:00:01,016 - INFO - 开始图像识别，窗口位置: (783, 149)
2025-01-25 14:00:01,124 - DEBUG - 未找到匹配图像，最大匹配度: 0.07
2025-01-25 14:00:01,126 - DEBUG - 未识别到图像: screenshot.jpg
2025-01-25 14:00:01,626 - INFO - 窗口句柄值: 0x804d0, 窗口位置: (783, 149)
2025-01-25 14:00:01,626 - INFO - 开始图像识别，窗口位置: (783, 149)
2025-01-25 14:00:01,745 - INFO - 图像识别成功，匹配度: 0.99
2025-01-25 14:00:01,747 - DEBUG - 匹配位置 - 左上角: (2292, 1009), 右下角: (2381, 1090)
2025-01-25 14:00:01,749 - INFO - 成功识别图像: picture//huntu.png
2025-01-25 14:00:01,749 - DEBUG - 移动鼠标到: (2345, 1042), 偏移量: (9, -7)
2025-01-25 14:00:03,613 - INFO - 成功点击位置: (2336, 1049)
2025-01-25 14:00:03,613 - INFO - 识别到魂土图片，等待20秒
2025-01-25 14:00:23,614 - INFO - 窗口句柄值: 0x804d0, 窗口位置: (783, 149)
2025-01-25 14:00:23,614 - INFO - 开始图像识别，窗口位置: (783, 149)
2025-01-25 14:00:23,736 - DEBUG - 未找到匹配图像，最大匹配度: 0.52
2025-01-25 14:00:23,739 - DEBUG - 未识别到图像: picture//jiangli.png
2025-01-25 14:00:24,240 - INFO - 窗口句柄值: 0x804d0, 窗口位置: (783, 149)
2025-01-25 14:00:24,240 - INFO - 开始图像识别，窗口位置: (783, 149)
2025-01-25 14:00:24,348 - DEBUG - 未找到匹配图像，最大匹配度: 0.27
2025-01-25 14:00:24,350 - DEBUG - 未识别到图像: screenshot.jpg
2025-01-25 14:00:24,851 - INFO - 窗口句柄值: 0x804d0, 窗口位置: (783, 149)
2025-01-25 14:00:24,851 - INFO - 开始图像识别，窗口位置: (783, 149)
2025-01-25 14:00:24,964 - DEBUG - 未找到匹配图像，最大匹配度: 0.35
2025-01-25 14:00:24,966 - DEBUG - 未识别到图像: picture//huntu.png
2025-01-25 14:00:25,467 - INFO - 窗口句柄值: 0x804d0, 窗口位置: (783, 149)
2025-01-25 14:00:25,467 - INFO - 开始图像识别，窗口位置: (783, 149)
2025-01-25 14:00:25,584 - DEBUG - 未找到匹配图像，最大匹配度: 0.40
2025-01-25 14:00:25,586 - DEBUG - 未识别到图像: picture//jiangli.png
2025-01-25 14:00:26,087 - INFO - 窗口句柄值: 0x804d0, 窗口位置: (783, 149)
2025-01-25 14:00:26,087 - INFO - 开始图像识别，窗口位置: (783, 149)
2025-01-25 14:00:26,192 - DEBUG - 未找到匹配图像，最大匹配度: 0.36
2025-01-25 14:00:26,195 - DEBUG - 未识别到图像: screenshot.jpg
2025-01-25 14:00:26,696 - INFO - 窗口句柄值: 0x804d0, 窗口位置: (783, 149)
2025-01-25 14:00:26,696 - INFO - 开始图像识别，窗口位置: (783, 149)
2025-01-25 14:00:26,807 - DEBUG - 未找到匹配图像，最大匹配度: 0.37
2025-01-25 14:00:26,810 - DEBUG - 未识别到图像: picture//huntu.png
2025-01-25 14:00:27,311 - INFO - 窗口句柄值: 0x804d0, 窗口位置: (783, 149)
2025-01-25 14:00:27,311 - INFO - 开始图像识别，窗口位置: (783, 149)
2025-01-25 14:00:27,437 - DEBUG - 未找到匹配图像，最大匹配度: 0.41
2025-01-25 14:00:27,440 - DEBUG - 未识别到图像: picture//jiangli.png
2025-01-25 14:00:27,941 - INFO - 窗口句柄值: 0x804d0, 窗口位置: (783, 149)
2025-01-25 14:00:27,941 - INFO - 开始图像识别，窗口位置: (783, 149)
2025-01-25 14:00:28,046 - DEBUG - 未找到匹配图像，最大匹配度: 0.43
2025-01-25 14:00:28,047 - DEBUG - 未识别到图像: screenshot.jpg
2025-01-25 14:00:28,548 - INFO - 窗口句柄值: 0x804d0, 窗口位置: (783, 149)
2025-01-25 14:00:28,548 - INFO - 开始图像识别，窗口位置: (783, 149)
2025-01-25 14:00:28,662 - DEBUG - 未找到匹配图像，最大匹配度: 0.33
2025-01-25 14:00:28,665 - DEBUG - 未识别到图像: picture//huntu.png
2025-01-25 14:00:29,166 - INFO - 窗口句柄值: 0x804d0, 窗口位置: (783, 149)
2025-01-25 14:00:29,166 - INFO - 开始图像识别，窗口位置: (783, 149)
2025-01-25 14:00:29,284 - INFO - 图像识别成功，匹配度: 0.99
2025-01-25 14:00:29,284 - DEBUG - 匹配位置 - 左上角: (1472, 741), 右下角: (1811, 1031)
2025-01-25 14:00:29,287 - INFO - 成功识别图像: picture//jiangli.png
2025-01-25 14:00:29,287 - DEBUG - 移动鼠标到: (1641, 894), 偏移量: (0, 8)
2025-01-25 14:00:31,628 - INFO - 成功点击位置: (1641, 886)
2025-01-25 14:00:31,628 - INFO - 识别到奖励，剩余次数: 2
2025-01-25 14:00:31,628 - INFO - 窗口句柄值: 0x804d0, 窗口位置: (783, 149)
2025-01-25 14:00:31,628 - INFO - 开始图像识别，窗口位置: (783, 149)
2025-01-25 14:00:31,736 - DEBUG - 未找到匹配图像，最大匹配度: 0.34
2025-01-25 14:00:31,737 - DEBUG - 未识别到图像: screenshot.jpg
2025-01-25 14:00:32,238 - INFO - 窗口句柄值: 0x804d0, 窗口位置: (783, 149)
2025-01-25 14:00:32,239 - INFO - 开始图像识别，窗口位置: (783, 149)
2025-01-25 14:00:32,350 - INFO - 图像识别成功，匹配度: 0.99
2025-01-25 14:00:32,350 - DEBUG - 匹配位置 - 左上角: (2292, 1009), 右下角: (2381, 1090)
2025-01-25 14:00:32,353 - INFO - 成功识别图像: picture//huntu.png
2025-01-25 14:00:32,354 - DEBUG - 移动鼠标到: (2331, 1057), 偏移量: (-5, 8)
2025-01-25 14:00:34,856 - INFO - 成功点击位置: (2336, 1049)
2025-01-25 14:00:34,856 - INFO - 识别到魂土图片，等待20秒
2025-01-25 14:00:54,857 - INFO - 窗口句柄值: 0x804d0, 窗口位置: (783, 149)
2025-01-25 14:00:54,857 - INFO - 开始图像识别，窗口位置: (783, 149)
2025-01-25 14:00:54,988 - DEBUG - 未找到匹配图像，最大匹配度: 0.43
2025-01-25 14:00:54,990 - DEBUG - 未识别到图像: picture//jiangli.png
2025-01-25 14:00:55,491 - INFO - 窗口句柄值: 0x804d0, 窗口位置: (783, 149)
2025-01-25 14:00:55,491 - INFO - 开始图像识别，窗口位置: (783, 149)
2025-01-25 14:00:55,598 - DEBUG - 未找到匹配图像，最大匹配度: 0.46
2025-01-25 14:00:55,599 - DEBUG - 未识别到图像: screenshot.jpg
2025-01-25 14:00:56,101 - INFO - 窗口句柄值: 0x804d0, 窗口位置: (783, 149)
2025-01-25 14:00:56,101 - INFO - 开始图像识别，窗口位置: (783, 149)
2025-01-25 14:00:56,213 - DEBUG - 未找到匹配图像，最大匹配度: 0.35
2025-01-25 14:00:56,216 - DEBUG - 未识别到图像: picture//huntu.png
2025-01-25 14:00:56,717 - INFO - 窗口句柄值: 0x804d0, 窗口位置: (783, 149)
2025-01-25 14:00:56,717 - INFO - 开始图像识别，窗口位置: (783, 149)
2025-01-25 14:00:56,837 - DEBUG - 未找到匹配图像，最大匹配度: 0.41
2025-01-25 14:00:56,839 - DEBUG - 未识别到图像: picture//jiangli.png
2025-01-25 14:00:57,341 - INFO - 窗口句柄值: 0x804d0, 窗口位置: (783, 149)
2025-01-25 14:00:57,341 - INFO - 开始图像识别，窗口位置: (783, 149)
2025-01-25 14:00:57,445 - DEBUG - 未找到匹配图像，最大匹配度: 0.28
2025-01-25 14:00:57,446 - DEBUG - 未识别到图像: screenshot.jpg
2025-01-25 14:00:57,947 - INFO - 窗口句柄值: 0x804d0, 窗口位置: (783, 149)
2025-01-25 14:00:57,948 - INFO - 开始图像识别，窗口位置: (783, 149)
2025-01-25 14:00:58,058 - DEBUG - 未找到匹配图像，最大匹配度: 0.36
2025-01-25 14:00:58,062 - DEBUG - 未识别到图像: picture//huntu.png
2025-01-25 14:00:58,562 - INFO - 窗口句柄值: 0x804d0, 窗口位置: (783, 149)
2025-01-25 14:00:58,562 - INFO - 开始图像识别，窗口位置: (783, 149)
2025-01-25 14:00:58,683 - DEBUG - 未找到匹配图像，最大匹配度: 0.41
2025-01-25 14:00:58,687 - DEBUG - 未识别到图像: picture//jiangli.png
2025-01-25 14:00:59,187 - INFO - 窗口句柄值: 0x804d0, 窗口位置: (783, 149)
2025-01-25 14:00:59,187 - INFO - 开始图像识别，窗口位置: (783, 149)
2025-01-25 14:00:59,291 - DEBUG - 未找到匹配图像，最大匹配度: 0.40
2025-01-25 14:00:59,292 - DEBUG - 未识别到图像: screenshot.jpg
2025-01-25 14:00:59,793 - INFO - 窗口句柄值: 0x804d0, 窗口位置: (783, 149)
2025-01-25 14:00:59,793 - INFO - 开始图像识别，窗口位置: (783, 149)
2025-01-25 14:00:59,898 - DEBUG - 未找到匹配图像，最大匹配度: 0.36
2025-01-25 14:00:59,900 - DEBUG - 未识别到图像: picture//huntu.png
2025-01-25 14:01:00,401 - INFO - 窗口句柄值: 0x804d0, 窗口位置: (783, 149)
2025-01-25 14:01:00,401 - INFO - 开始图像识别，窗口位置: (783, 149)
2025-01-25 14:01:00,516 - INFO - 图像识别成功，匹配度: 0.98
2025-01-25 14:01:00,516 - DEBUG - 匹配位置 - 左上角: (1472, 741), 右下角: (1811, 1031)
2025-01-25 14:01:00,518 - INFO - 成功识别图像: picture//jiangli.png
2025-01-25 14:01:00,519 - DEBUG - 移动鼠标到: (1646, 876), 偏移量: (5, -10)
2025-01-25 14:01:01,950 - INFO - 成功点击位置: (1641, 886)
2025-01-25 14:01:01,950 - INFO - 识别到奖励，剩余次数: 1
2025-01-25 14:01:01,950 - INFO - 窗口句柄值: 0x804d0, 窗口位置: (783, 149)
2025-01-25 14:01:01,950 - INFO - 开始图像识别，窗口位置: (783, 149)
2025-01-25 14:01:02,060 - DEBUG - 未找到匹配图像，最大匹配度: 0.38
2025-01-25 14:01:02,062 - DEBUG - 未识别到图像: screenshot.jpg
2025-01-25 14:01:02,563 - INFO - 窗口句柄值: 0x804d0, 窗口位置: (783, 149)
2025-01-25 14:01:02,563 - INFO - 开始图像识别，窗口位置: (783, 149)
2025-01-25 14:01:02,672 - DEBUG - 未找到匹配图像，最大匹配度: 0.34
2025-01-25 14:01:02,674 - DEBUG - 未识别到图像: picture//huntu.png
2025-01-25 14:01:03,176 - INFO - 窗口句柄值: 0x804d0, 窗口位置: (783, 149)
2025-01-25 14:01:03,176 - INFO - 开始图像识别，窗口位置: (783, 149)
2025-01-25 14:01:03,292 - DEBUG - 未找到匹配图像，最大匹配度: 0.50
2025-01-25 14:01:03,294 - DEBUG - 未识别到图像: picture//jiangli.png
2025-01-25 14:01:03,795 - INFO - 窗口句柄值: 0x804d0, 窗口位置: (783, 149)
2025-01-25 14:01:03,795 - INFO - 开始图像识别，窗口位置: (783, 149)
2025-01-25 14:01:03,897 - DEBUG - 未找到匹配图像，最大匹配度: 0.43
2025-01-25 14:01:03,899 - DEBUG - 未识别到图像: screenshot.jpg
2025-01-25 14:01:04,400 - INFO - 窗口句柄值: 0x804d0, 窗口位置: (783, 149)
2025-01-25 14:01:04,400 - INFO - 开始图像识别，窗口位置: (783, 149)
2025-01-25 14:01:04,507 - INFO - 图像识别成功，匹配度: 0.99
2025-01-25 14:01:04,507 - DEBUG - 匹配位置 - 左上角: (2292, 1009), 右下角: (2381, 1090)
2025-01-25 14:01:04,510 - INFO - 成功识别图像: picture//huntu.png
2025-01-25 14:01:04,510 - DEBUG - 移动鼠标到: (2345, 1058), 偏移量: (9, 9)
2025-01-25 14:01:07,165 - INFO - 成功点击位置: (2336, 1049)
2025-01-25 14:01:07,165 - INFO - 识别到魂土图片，等待20秒
2025-01-25 14:01:27,167 - INFO - 窗口句柄值: 0x804d0, 窗口位置: (783, 149)
2025-01-25 14:01:27,167 - INFO - 开始图像识别，窗口位置: (783, 149)
2025-01-25 14:01:27,286 - DEBUG - 未找到匹配图像，最大匹配度: 0.51
2025-01-25 14:01:27,288 - DEBUG - 未识别到图像: picture//jiangli.png
2025-01-25 14:01:27,789 - INFO - 窗口句柄值: 0x804d0, 窗口位置: (783, 149)
2025-01-25 14:01:27,789 - INFO - 开始图像识别，窗口位置: (783, 149)
2025-01-25 14:01:27,894 - DEBUG - 未找到匹配图像，最大匹配度: 0.21
2025-01-25 14:01:27,895 - DEBUG - 未识别到图像: screenshot.jpg
2025-01-25 14:01:28,396 - INFO - 窗口句柄值: 0x804d0, 窗口位置: (783, 149)
2025-01-25 14:01:28,396 - INFO - 开始图像识别，窗口位置: (783, 149)
2025-01-25 14:01:28,507 - DEBUG - 未找到匹配图像，最大匹配度: 0.32
2025-01-25 14:01:28,511 - DEBUG - 未识别到图像: picture//huntu.png
2025-01-25 14:01:29,012 - INFO - 窗口句柄值: 0x804d0, 窗口位置: (783, 149)
2025-01-25 14:01:29,012 - INFO - 开始图像识别，窗口位置: (783, 149)
2025-01-25 14:01:29,129 - DEBUG - 未找到匹配图像，最大匹配度: 0.40
2025-01-25 14:01:29,132 - DEBUG - 未识别到图像: picture//jiangli.png
2025-01-25 14:01:29,633 - INFO - 窗口句柄值: 0x804d0, 窗口位置: (783, 149)
2025-01-25 14:01:29,633 - INFO - 开始图像识别，窗口位置: (783, 149)
2025-01-25 14:01:29,734 - DEBUG - 未找到匹配图像，最大匹配度: 0.38
2025-01-25 14:01:29,735 - DEBUG - 未识别到图像: screenshot.jpg
2025-01-25 14:01:30,236 - INFO - 窗口句柄值: 0x804d0, 窗口位置: (783, 149)
2025-01-25 14:01:30,236 - INFO - 开始图像识别，窗口位置: (783, 149)
2025-01-25 14:01:30,347 - DEBUG - 未找到匹配图像，最大匹配度: 0.37
2025-01-25 14:01:30,350 - DEBUG - 未识别到图像: picture//huntu.png
2025-01-25 14:01:30,851 - INFO - 窗口句柄值: 0x804d0, 窗口位置: (783, 149)
2025-01-25 14:01:30,851 - INFO - 开始图像识别，窗口位置: (783, 149)
2025-01-25 14:01:30,973 - DEBUG - 未找到匹配图像，最大匹配度: 0.39
2025-01-25 14:01:30,975 - DEBUG - 未识别到图像: picture//jiangli.png
2025-01-25 14:01:31,477 - INFO - 窗口句柄值: 0x804d0, 窗口位置: (783, 149)
2025-01-25 14:01:31,477 - INFO - 开始图像识别，窗口位置: (783, 149)
2025-01-25 14:01:31,580 - DEBUG - 未找到匹配图像，最大匹配度: 0.41
2025-01-25 14:01:31,582 - DEBUG - 未识别到图像: screenshot.jpg
2025-01-25 14:01:32,083 - INFO - 窗口句柄值: 0x804d0, 窗口位置: (783, 149)
2025-01-25 14:01:32,083 - INFO - 开始图像识别，窗口位置: (783, 149)
2025-01-25 14:01:32,196 - DEBUG - 未找到匹配图像，最大匹配度: 0.32
2025-01-25 14:01:32,199 - DEBUG - 未识别到图像: picture//huntu.png
2025-01-25 14:01:32,699 - INFO - 窗口句柄值: 0x804d0, 窗口位置: (783, 149)
2025-01-25 14:01:32,699 - INFO - 开始图像识别，窗口位置: (783, 149)
2025-01-25 14:01:32,819 - INFO - 图像识别成功，匹配度: 0.99
2025-01-25 14:01:32,819 - DEBUG - 匹配位置 - 左上角: (1472, 741), 右下角: (1811, 1031)
2025-01-25 14:01:32,821 - INFO - 成功识别图像: picture//jiangli.png
2025-01-25 14:01:32,821 - DEBUG - 移动鼠标到: (1650, 877), 偏移量: (9, -9)
2025-01-25 14:01:34,235 - INFO - 成功点击位置: (1641, 886)
2025-01-25 14:01:34,235 - INFO - 识别到奖励，剩余次数: 0
2025-01-25 14:01:34,235 - INFO - 窗口句柄值: 0x804d0, 窗口位置: (783, 149)
2025-01-25 14:01:34,235 - INFO - 开始图像识别，窗口位置: (783, 149)
2025-01-25 14:01:34,341 - DEBUG - 未找到匹配图像，最大匹配度: 0.35
2025-01-25 14:01:34,342 - DEBUG - 未识别到图像: screenshot.jpg
2025-01-25 14:01:34,844 - INFO - 当前循环完成
2025-01-25 14:01:34,844 - INFO - 窗口句柄值: 0x804d0, 窗口位置: (783, 149)
2025-01-25 14:04:16,604 - WARNING - 无效输入，使用默认值: 100
2025-01-25 14:04:16,604 - INFO - 开始任务追踪，总任务数: 100
2025-01-25 14:04:16,605 - INFO - 窗口句柄值: 0x804d0, 窗口位置: (783, 149)
2025-01-25 14:04:16,605 - INFO - 开始图像识别，窗口位置: (783, 149)
2025-01-25 14:04:16,734 - DEBUG - 未找到匹配图像，最大匹配度: 0.25
2025-01-25 14:04:16,736 - DEBUG - 未识别到图像: picture//huntu.png
2025-01-25 14:04:17,237 - INFO - 窗口句柄值: 0x804d0, 窗口位置: (783, 149)
2025-01-25 14:04:17,237 - INFO - 开始图像识别，窗口位置: (783, 149)
2025-01-25 14:04:17,361 - DEBUG - 未找到匹配图像，最大匹配度: 0.18
2025-01-25 14:04:17,362 - DEBUG - 未识别到图像: picture//jiangli.png
2025-01-25 14:04:17,863 - INFO - 窗口句柄值: 0x804d0, 窗口位置: (783, 149)
2025-01-25 14:04:17,863 - INFO - 开始图像识别，窗口位置: (783, 149)
2025-01-25 14:04:17,975 - DEBUG - 未找到匹配图像，最大匹配度: 0.05
2025-01-25 14:04:17,977 - DEBUG - 未识别到图像: screenshot.jpg
2025-01-25 14:04:18,477 - INFO - 窗口句柄值: 0x804d0, 窗口位置: (783, 149)
2025-01-25 14:04:18,477 - INFO - 开始图像识别，窗口位置: (783, 149)
2025-01-25 14:04:18,593 - DEBUG - 未找到匹配图像，最大匹配度: 0.25
2025-01-25 14:04:18,595 - DEBUG - 未识别到图像: picture//huntu.png
2025-01-25 14:04:19,097 - INFO - 窗口句柄值: 0x804d0, 窗口位置: (783, 149)
2025-01-25 14:04:19,097 - INFO - 开始图像识别，窗口位置: (783, 149)
2025-01-25 14:04:19,218 - DEBUG - 未找到匹配图像，最大匹配度: 0.19
2025-01-25 14:04:19,220 - DEBUG - 未识别到图像: picture//jiangli.png
2025-01-25 14:04:19,721 - INFO - 窗口句柄值: 0x804d0, 窗口位置: (783, 149)
2025-01-25 14:04:19,721 - INFO - 开始图像识别，窗口位置: (783, 149)
