2025-01-25 14:20:33,239 - INFO - 日志系统初始化完成
2025-01-25 14:20:33,253 - INFO - 程序启动
2025-01-25 14:20:33,334 - INFO - 热键设置完成 - 暂停/继续: f9, 退出: esc
2025-01-25 14:20:33,334 - INFO - 游戏控制器初始化完成
2025-01-25 14:20:33,334 - INFO - 窗口句柄值: 0x804d0, 窗口位置: (863, 161)
2025-01-25 14:20:35,433 - INFO - 用户设置攻打次数: 4
2025-01-25 14:20:35,434 - INFO - 开始任务追踪，总任务数: 4
2025-01-25 14:20:35,434 - INFO - 窗口句柄值: 0x804d0, 窗口位置: (863, 161)
2025-01-25 14:20:35,434 - INFO - 开始图像识别，窗口位置: (863, 161)
2025-01-25 14:20:35,553 - DEBUG - 未找到匹配图像，最大匹配度: 0.25
2025-01-25 14:20:35,555 - DEBUG - 未识别到图像: picture//huntu.png
2025-01-25 14:20:36,056 - INFO - 窗口句柄值: 0x804d0, 窗口位置: (863, 161)
2025-01-25 14:20:36,056 - INFO - 开始图像识别，窗口位置: (863, 161)
2025-01-25 14:20:36,177 - DEBUG - 未找到匹配图像，最大匹配度: 0.22
2025-01-25 14:20:36,179 - DEBUG - 未识别到图像: picture//jiangli.png
2025-01-25 14:20:36,680 - INFO - 窗口句柄值: 0x804d0, 窗口位置: (863, 161)
2025-01-25 14:20:36,680 - INFO - 开始图像识别，窗口位置: (863, 161)
2025-01-25 14:20:36,797 - DEBUG - 未找到匹配图像，最大匹配度: 0.10
2025-01-25 14:20:36,798 - DEBUG - 未识别到图像: screenshot.jpg
2025-01-25 14:20:37,299 - INFO - 窗口句柄值: 0x804d0, 窗口位置: (863, 161)
2025-01-25 14:20:37,299 - INFO - 开始图像识别，窗口位置: (863, 161)
2025-01-25 14:20:37,417 - DEBUG - 未找到匹配图像，最大匹配度: 0.24
2025-01-25 14:20:37,419 - DEBUG - 未识别到图像: picture//huntu.png
2025-01-25 14:20:37,919 - INFO - 窗口句柄值: 0x804d0, 窗口位置: (863, 161)
2025-01-25 14:20:37,919 - INFO - 开始图像识别，窗口位置: (863, 161)
2025-01-25 14:20:38,054 - DEBUG - 未找到匹配图像，最大匹配度: 0.19
2025-01-25 14:20:38,056 - DEBUG - 未识别到图像: picture//jiangli.png
2025-01-25 14:20:38,557 - INFO - 窗口句柄值: 0x804d0, 窗口位置: (863, 161)
2025-01-25 14:20:38,557 - INFO - 开始图像识别，窗口位置: (863, 161)
2025-01-25 14:20:38,668 - DEBUG - 未找到匹配图像，最大匹配度: 0.10
2025-01-25 14:20:38,669 - DEBUG - 未识别到图像: screenshot.jpg
2025-01-25 14:20:39,169 - INFO - 窗口句柄值: 0x804d0, 窗口位置: (863, 161)
2025-01-25 14:20:39,169 - INFO - 开始图像识别，窗口位置: (863, 161)
2025-01-25 14:20:39,276 - INFO - 图像识别成功，匹配度: 0.99
2025-01-25 14:20:39,276 - DEBUG - 匹配位置 - 左上角: (2372, 1021), 右下角: (2461, 1102)
2025-01-25 14:20:39,278 - INFO - 成功识别图像: picture//huntu.png
2025-01-25 14:20:39,278 - DEBUG - 移动鼠标到: (2424, 1066), 偏移量: (8, 5)
2025-01-25 14:20:40,696 - INFO - 成功点击位置: (2416, 1061)
2025-01-25 14:20:40,696 - INFO - 识别到魂土图片，等待23秒
2025-01-25 14:21:03,697 - INFO - 窗口句柄值: 0x804d0, 窗口位置: (863, 161)
2025-01-25 14:21:03,697 - INFO - 开始图像识别，窗口位置: (863, 161)
2025-01-25 14:21:03,825 - DEBUG - 未找到匹配图像，最大匹配度: 0.42
2025-01-25 14:21:03,826 - DEBUG - 未识别到图像: picture//jiangli.png
2025-01-25 14:21:04,327 - INFO - 窗口句柄值: 0x804d0, 窗口位置: (863, 161)
2025-01-25 14:21:04,327 - INFO - 开始图像识别，窗口位置: (863, 161)
2025-01-25 14:21:04,432 - DEBUG - 未找到匹配图像，最大匹配度: 0.38
2025-01-25 14:21:04,433 - DEBUG - 未识别到图像: screenshot.jpg
2025-01-25 14:21:04,934 - INFO - 窗口句柄值: 0x804d0, 窗口位置: (863, 161)
2025-01-25 14:21:04,934 - INFO - 开始图像识别，窗口位置: (863, 161)
2025-01-25 14:21:05,047 - DEBUG - 未找到匹配图像，最大匹配度: 0.32
2025-01-25 14:21:05,049 - DEBUG - 未识别到图像: picture//huntu.png
2025-01-25 14:21:05,550 - INFO - 窗口句柄值: 0x804d0, 窗口位置: (863, 161)
2025-01-25 14:21:05,550 - INFO - 开始图像识别，窗口位置: (863, 161)
2025-01-25 14:21:05,697 - INFO - 图像识别成功，匹配度: 0.88
2025-01-25 14:21:05,697 - DEBUG - 匹配位置 - 左上角: (1552, 753), 右下角: (1891, 1043)
2025-01-25 14:21:05,699 - INFO - 成功识别图像: picture//jiangli.png
2025-01-25 14:21:05,699 - DEBUG - 移动鼠标到: (1713, 906), 偏移量: (-8, 8)
2025-01-25 14:21:08,169 - INFO - 成功点击位置: (1721, 898)
2025-01-25 14:21:08,170 - INFO - 识别到奖励，剩余次数: 3
2025-01-25 14:21:08,170 - INFO - 窗口句柄值: 0x804d0, 窗口位置: (863, 161)
2025-01-25 14:21:08,170 - INFO - 开始图像识别，窗口位置: (863, 161)
2025-01-25 14:21:08,275 - DEBUG - 未找到匹配图像，最大匹配度: 0.40
2025-01-25 14:21:08,277 - DEBUG - 未识别到图像: screenshot.jpg
2025-01-25 14:21:08,778 - INFO - 窗口句柄值: 0x804d0, 窗口位置: (863, 161)
2025-01-25 14:21:08,778 - INFO - 开始图像识别，窗口位置: (863, 161)
2025-01-25 14:21:08,893 - DEBUG - 未找到匹配图像，最大匹配度: 0.34
2025-01-25 14:21:08,895 - DEBUG - 未识别到图像: picture//huntu.png
2025-01-25 14:21:09,395 - INFO - 窗口句柄值: 0x804d0, 窗口位置: (863, 161)
2025-01-25 14:21:09,395 - INFO - 开始图像识别，窗口位置: (863, 161)
2025-01-25 14:21:09,512 - DEBUG - 未找到匹配图像，最大匹配度: 0.50
2025-01-25 14:21:09,514 - DEBUG - 未识别到图像: picture//jiangli.png
2025-01-25 14:21:10,015 - INFO - 窗口句柄值: 0x804d0, 窗口位置: (863, 161)
2025-01-25 14:21:10,015 - INFO - 开始图像识别，窗口位置: (863, 161)
2025-01-25 14:21:10,117 - DEBUG - 未找到匹配图像，最大匹配度: 0.44
2025-01-25 14:21:10,118 - DEBUG - 未识别到图像: screenshot.jpg
2025-01-25 14:21:10,619 - INFO - 窗口句柄值: 0x804d0, 窗口位置: (863, 161)
2025-01-25 14:21:10,619 - INFO - 开始图像识别，窗口位置: (863, 161)
2025-01-25 14:21:10,726 - INFO - 图像识别成功，匹配度: 0.99
2025-01-25 14:21:10,727 - DEBUG - 匹配位置 - 左上角: (2372, 1021), 右下角: (2461, 1102)
2025-01-25 14:21:10,728 - INFO - 成功识别图像: picture//huntu.png
2025-01-25 14:21:10,728 - DEBUG - 移动鼠标到: (2413, 1051), 偏移量: (-3, -10)
2025-01-25 14:21:12,781 - INFO - 成功点击位置: (2416, 1061)
2025-01-25 14:21:12,781 - INFO - 识别到魂土图片，等待23秒
2025-01-25 14:21:35,782 - INFO - 窗口句柄值: 0x804d0, 窗口位置: (863, 161)
2025-01-25 14:21:35,782 - INFO - 开始图像识别，窗口位置: (863, 161)
2025-01-25 14:21:35,898 - DEBUG - 未找到匹配图像，最大匹配度: 0.41
2025-01-25 14:21:35,899 - DEBUG - 未识别到图像: picture//jiangli.png
2025-01-25 14:21:36,400 - INFO - 窗口句柄值: 0x804d0, 窗口位置: (863, 161)
2025-01-25 14:21:36,400 - INFO - 开始图像识别，窗口位置: (863, 161)
2025-01-25 14:21:36,501 - DEBUG - 未找到匹配图像，最大匹配度: 0.28
2025-01-25 14:21:36,502 - DEBUG - 未识别到图像: screenshot.jpg
2025-01-25 14:21:37,003 - INFO - 窗口句柄值: 0x804d0, 窗口位置: (863, 161)
2025-01-25 14:21:37,003 - INFO - 开始图像识别，窗口位置: (863, 161)
2025-01-25 14:21:37,114 - DEBUG - 未找到匹配图像，最大匹配度: 0.29
2025-01-25 14:21:37,117 - DEBUG - 未识别到图像: picture//huntu.png
2025-01-25 14:21:37,617 - INFO - 窗口句柄值: 0x804d0, 窗口位置: (863, 161)
2025-01-25 14:21:37,617 - INFO - 开始图像识别，窗口位置: (863, 161)
2025-01-25 14:21:37,753 - INFO - 图像识别成功，匹配度: 0.98
2025-01-25 14:21:37,753 - DEBUG - 匹配位置 - 左上角: (1552, 753), 右下角: (1891, 1043)
2025-01-25 14:21:37,756 - INFO - 成功识别图像: picture//jiangli.png
2025-01-25 14:21:37,756 - DEBUG - 移动鼠标到: (1711, 902), 偏移量: (-10, 4)
2025-01-25 14:21:39,499 - INFO - 成功点击位置: (1721, 898)
2025-01-25 14:21:39,499 - INFO - 识别到奖励，剩余次数: 2
2025-01-25 14:21:39,499 - INFO - 窗口句柄值: 0x804d0, 窗口位置: (863, 161)
2025-01-25 14:21:39,499 - INFO - 开始图像识别，窗口位置: (863, 161)
2025-01-25 14:21:39,606 - DEBUG - 未找到匹配图像，最大匹配度: 0.50
2025-01-25 14:21:39,607 - DEBUG - 未识别到图像: screenshot.jpg
2025-01-25 14:21:40,108 - INFO - 窗口句柄值: 0x804d0, 窗口位置: (863, 161)
2025-01-25 14:21:40,108 - INFO - 开始图像识别，窗口位置: (863, 161)
2025-01-25 14:21:40,216 - INFO - 图像识别成功，匹配度: 0.99
2025-01-25 14:21:40,216 - DEBUG - 匹配位置 - 左上角: (2372, 1021), 右下角: (2461, 1102)
2025-01-25 14:21:40,218 - INFO - 成功识别图像: picture//huntu.png
2025-01-25 14:21:40,218 - DEBUG - 移动鼠标到: (2425, 1070), 偏移量: (9, 9)
2025-01-25 14:21:41,520 - INFO - 成功点击位置: (2416, 1061)
2025-01-25 14:21:41,520 - INFO - 识别到魂土图片，等待23秒
2025-01-25 14:22:04,522 - INFO - 窗口句柄值: 0x804d0, 窗口位置: (863, 161)
2025-01-25 14:22:04,522 - INFO - 开始图像识别，窗口位置: (863, 161)
2025-01-25 14:22:04,691 - DEBUG - 未找到匹配图像，最大匹配度: 0.41
2025-01-25 14:22:04,693 - DEBUG - 未识别到图像: picture//jiangli.png
2025-01-25 14:22:05,194 - INFO - 窗口句柄值: 0x804d0, 窗口位置: (863, 161)
2025-01-25 14:22:05,194 - INFO - 开始图像识别，窗口位置: (863, 161)
2025-01-25 14:22:05,306 - DEBUG - 未找到匹配图像，最大匹配度: 0.38
2025-01-25 14:22:05,308 - DEBUG - 未识别到图像: screenshot.jpg
2025-01-25 14:22:05,810 - INFO - 窗口句柄值: 0x804d0, 窗口位置: (863, 161)
2025-01-25 14:22:05,810 - INFO - 开始图像识别，窗口位置: (863, 161)
2025-01-25 14:22:05,925 - DEBUG - 未找到匹配图像，最大匹配度: 0.34
2025-01-25 14:22:05,927 - DEBUG - 未识别到图像: picture//huntu.png
2025-01-25 14:22:06,428 - INFO - 窗口句柄值: 0x804d0, 窗口位置: (863, 161)
2025-01-25 14:22:06,428 - INFO - 开始图像识别，窗口位置: (863, 161)
2025-01-25 14:22:06,550 - INFO - 图像识别成功，匹配度: 0.92
2025-01-25 14:22:06,550 - DEBUG - 匹配位置 - 左上角: (1552, 753), 右下角: (1891, 1043)
2025-01-25 14:22:06,552 - INFO - 成功识别图像: picture//jiangli.png
2025-01-25 14:22:06,552 - DEBUG - 移动鼠标到: (1714, 889), 偏移量: (-7, -9)
2025-01-25 14:22:08,290 - INFO - 成功点击位置: (1721, 898)
2025-01-25 14:22:08,290 - INFO - 识别到奖励，剩余次数: 1
2025-01-25 14:22:08,290 - INFO - 窗口句柄值: 0x804d0, 窗口位置: (863, 161)
2025-01-25 14:22:08,290 - INFO - 开始图像识别，窗口位置: (863, 161)
2025-01-25 14:22:08,392 - DEBUG - 未找到匹配图像，最大匹配度: 0.36
2025-01-25 14:22:08,393 - DEBUG - 未识别到图像: screenshot.jpg
2025-01-25 14:22:08,894 - INFO - 窗口句柄值: 0x804d0, 窗口位置: (863, 161)
2025-01-25 14:22:08,894 - INFO - 开始图像识别，窗口位置: (863, 161)
2025-01-25 14:22:08,999 - DEBUG - 未找到匹配图像，最大匹配度: 0.34
2025-01-25 14:22:09,001 - DEBUG - 未识别到图像: picture//huntu.png
2025-01-25 14:22:09,502 - INFO - 窗口句柄值: 0x804d0, 窗口位置: (863, 161)
2025-01-25 14:22:09,502 - INFO - 开始图像识别，窗口位置: (863, 161)
2025-01-25 14:22:09,632 - DEBUG - 未找到匹配图像，最大匹配度: 0.50
2025-01-25 14:22:09,634 - DEBUG - 未识别到图像: picture//jiangli.png
2025-01-25 14:22:10,135 - INFO - 窗口句柄值: 0x804d0, 窗口位置: (863, 161)
2025-01-25 14:22:10,135 - INFO - 开始图像识别，窗口位置: (863, 161)
2025-01-25 14:22:10,242 - DEBUG - 未找到匹配图像，最大匹配度: 0.44
2025-01-25 14:22:10,244 - DEBUG - 未识别到图像: screenshot.jpg
2025-01-25 14:22:10,744 - INFO - 窗口句柄值: 0x804d0, 窗口位置: (863, 161)
2025-01-25 14:22:10,744 - INFO - 开始图像识别，窗口位置: (863, 161)
2025-01-25 14:22:10,855 - INFO - 图像识别成功，匹配度: 0.99
2025-01-25 14:22:10,855 - DEBUG - 匹配位置 - 左上角: (2372, 1021), 右下角: (2461, 1102)
2025-01-25 14:22:10,858 - INFO - 成功识别图像: picture//huntu.png
2025-01-25 14:22:10,858 - DEBUG - 移动鼠标到: (2419, 1061), 偏移量: (3, 0)
2025-01-25 14:22:13,042 - INFO - 成功点击位置: (2416, 1061)
2025-01-25 14:22:13,042 - INFO - 识别到魂土图片，等待23秒
2025-01-25 14:22:36,043 - INFO - 窗口句柄值: 0x804d0, 窗口位置: (863, 161)
2025-01-25 14:22:36,043 - INFO - 开始图像识别，窗口位置: (863, 161)
2025-01-25 14:22:36,160 - DEBUG - 未找到匹配图像，最大匹配度: 0.41
2025-01-25 14:22:36,162 - DEBUG - 未识别到图像: picture//jiangli.png
2025-01-25 14:22:36,663 - INFO - 窗口句柄值: 0x804d0, 窗口位置: (863, 161)
2025-01-25 14:22:36,663 - INFO - 开始图像识别，窗口位置: (863, 161)
2025-01-25 14:22:36,764 - DEBUG - 未找到匹配图像，最大匹配度: 0.38
2025-01-25 14:22:36,765 - DEBUG - 未识别到图像: screenshot.jpg
2025-01-25 14:22:37,266 - INFO - 窗口句柄值: 0x804d0, 窗口位置: (863, 161)
2025-01-25 14:22:37,266 - INFO - 开始图像识别，窗口位置: (863, 161)
2025-01-25 14:22:37,379 - DEBUG - 未找到匹配图像，最大匹配度: 0.31
2025-01-25 14:22:37,381 - DEBUG - 未识别到图像: picture//huntu.png
2025-01-25 14:22:37,882 - INFO - 窗口句柄值: 0x804d0, 窗口位置: (863, 161)
2025-01-25 14:22:37,882 - INFO - 开始图像识别，窗口位置: (863, 161)
2025-01-25 14:22:38,006 - INFO - 图像识别成功，匹配度: 0.94
2025-01-25 14:22:38,006 - DEBUG - 匹配位置 - 左上角: (1552, 753), 右下角: (1891, 1043)
2025-01-25 14:22:38,008 - INFO - 成功识别图像: picture//jiangli.png
2025-01-25 14:22:38,008 - DEBUG - 移动鼠标到: (1722, 902), 偏移量: (1, 4)
2025-01-25 14:22:39,457 - INFO - 成功点击位置: (1721, 898)
2025-01-25 14:22:39,457 - INFO - 识别到奖励，剩余次数: 0
2025-01-25 14:22:39,457 - INFO - 窗口句柄值: 0x804d0, 窗口位置: (863, 161)
2025-01-25 14:22:39,457 - INFO - 开始图像识别，窗口位置: (863, 161)
2025-01-25 14:22:39,566 - DEBUG - 未找到匹配图像，最大匹配度: 0.51
2025-01-25 14:22:39,567 - DEBUG - 未识别到图像: screenshot.jpg
2025-01-25 14:22:40,069 - INFO - 当前循环完成
2025-01-25 14:22:40,069 - INFO - 窗口句柄值: 0x804d0, 窗口位置: (863, 161)
