2025-01-25 14:24:05,991 - INFO - 日志系统初始化完成
2025-01-25 14:24:06,007 - INFO - 程序启动
2025-01-25 14:24:06,119 - INFO - 热键设置完成 - 暂停/继续: f9, 退出: esc
2025-01-25 14:24:06,119 - INFO - 游戏控制器初始化完成
2025-01-25 14:24:06,119 - INFO - 窗口句柄值: 0x804d0, 窗口位置: (863, 161)
2025-01-25 14:24:07,666 - INFO - 用户设置攻打次数: 2
2025-01-25 14:24:07,667 - INFO - 开始任务追踪，总任务数: 2
2025-01-25 14:24:07,667 - INFO - 窗口句柄值: 0x804d0, 窗口位置: (863, 161)
2025-01-25 14:24:07,667 - INFO - 开始图像识别，窗口位置: (863, 161)
2025-01-25 14:24:07,781 - DEBUG - 未找到匹配图像，最大匹配度: 0.25
2025-01-25 14:24:07,783 - DEBUG - 未识别到图像: picture//huntu.png
2025-01-25 14:24:08,284 - INFO - 窗口句柄值: 0x804d0, 窗口位置: (863, 161)
2025-01-25 14:24:08,284 - INFO - 开始图像识别，窗口位置: (863, 161)
2025-01-25 14:24:08,397 - DEBUG - 未找到匹配图像，最大匹配度: 0.21
2025-01-25 14:24:08,398 - DEBUG - 未识别到图像: picture//jiangli.png
2025-01-25 14:24:08,900 - INFO - 窗口句柄值: 0x804d0, 窗口位置: (863, 161)
2025-01-25 14:24:08,900 - INFO - 开始图像识别，窗口位置: (863, 161)
2025-01-25 14:24:09,018 - DEBUG - 未找到匹配图像，最大匹配度: 0.09
2025-01-25 14:24:09,019 - DEBUG - 未识别到图像: screenshot.jpg
2025-01-25 14:24:09,519 - INFO - 窗口句柄值: 0x804d0, 窗口位置: (863, 161)
2025-01-25 14:24:09,520 - INFO - 开始图像识别，窗口位置: (863, 161)
2025-01-25 14:24:09,631 - DEBUG - 未找到匹配图像，最大匹配度: 0.23
2025-01-25 14:24:09,634 - DEBUG - 未识别到图像: picture//huntu.png
2025-01-25 14:24:10,134 - INFO - 窗口句柄值: 0x804d0, 窗口位置: (863, 161)
2025-01-25 14:24:10,134 - INFO - 开始图像识别，窗口位置: (863, 161)
2025-01-25 14:24:10,267 - DEBUG - 未找到匹配图像，最大匹配度: 0.49
2025-01-25 14:24:10,268 - DEBUG - 未识别到图像: picture//jiangli.png
2025-01-25 14:24:10,770 - INFO - 窗口句柄值: 0x804d0, 窗口位置: (863, 161)
2025-01-25 14:24:10,770 - INFO - 开始图像识别，窗口位置: (863, 161)
2025-01-25 14:24:10,874 - DEBUG - 未找到匹配图像，最大匹配度: 0.42
2025-01-25 14:24:10,876 - DEBUG - 未识别到图像: screenshot.jpg
2025-01-25 14:24:11,377 - INFO - 窗口句柄值: 0x804d0, 窗口位置: (863, 161)
2025-01-25 14:24:11,377 - INFO - 开始图像识别，窗口位置: (863, 161)
2025-01-25 14:24:11,491 - INFO - 图像识别成功，匹配度: 0.99
2025-01-25 14:24:11,491 - DEBUG - 匹配位置 - 左上角: (2372, 1021), 右下角: (2461, 1102)
2025-01-25 14:24:11,492 - INFO - 成功识别图像: picture//huntu.png
2025-01-25 14:24:11,492 - DEBUG - 移动鼠标到: (2411, 1058), 偏移量: (-5, -3)
2025-01-25 14:24:13,384 - INFO - 成功点击位置: (2416, 1061)
2025-01-25 14:24:13,384 - INFO - 识别到魂土图片，等待23秒
2025-01-25 14:24:13,384 - ERROR - 执行点击操作时发生错误: module 'func.progress' has no attribute '_clear_line'
2025-01-25 14:24:13,885 - INFO - 窗口句柄值: 0x804d0, 窗口位置: (863, 161)
2025-01-25 14:24:13,885 - INFO - 开始图像识别，窗口位置: (863, 161)
2025-01-25 14:24:14,036 - DEBUG - 未找到匹配图像，最大匹配度: 0.50
2025-01-25 14:24:14,038 - DEBUG - 未识别到图像: picture//jiangli.png
2025-01-25 14:24:14,539 - INFO - 窗口句柄值: 0x804d0, 窗口位置: (863, 161)
2025-01-25 14:24:14,539 - INFO - 开始图像识别，窗口位置: (863, 161)
2025-01-25 14:24:14,637 - DEBUG - 未找到匹配图像，最大匹配度: 0.43
2025-01-25 14:24:14,638 - DEBUG - 未识别到图像: screenshot.jpg
2025-01-25 14:24:15,140 - INFO - 窗口句柄值: 0x804d0, 窗口位置: (863, 161)
2025-01-25 14:24:15,140 - INFO - 开始图像识别，窗口位置: (863, 161)
2025-01-25 14:24:15,250 - DEBUG - 未找到匹配图像，最大匹配度: 0.32
2025-01-25 14:24:15,252 - DEBUG - 未识别到图像: picture//huntu.png
2025-01-25 14:24:15,753 - INFO - 窗口句柄值: 0x804d0, 窗口位置: (863, 161)
2025-01-25 14:24:15,753 - INFO - 开始图像识别，窗口位置: (863, 161)
2025-01-25 14:24:15,877 - DEBUG - 未找到匹配图像，最大匹配度: 0.38
2025-01-25 14:24:15,879 - DEBUG - 未识别到图像: picture//jiangli.png
2025-01-25 14:24:16,380 - INFO - 窗口句柄值: 0x804d0, 窗口位置: (863, 161)
2025-01-25 14:24:16,380 - INFO - 开始图像识别，窗口位置: (863, 161)
2025-01-25 14:24:16,485 - DEBUG - 未找到匹配图像，最大匹配度: 0.35
2025-01-25 14:24:16,486 - DEBUG - 未识别到图像: screenshot.jpg
2025-01-25 14:24:16,987 - INFO - 窗口句柄值: 0x804d0, 窗口位置: (863, 161)
2025-01-25 14:24:16,987 - INFO - 开始图像识别，窗口位置: (863, 161)
2025-01-25 14:24:17,095 - DEBUG - 未找到匹配图像，最大匹配度: 0.34
2025-01-25 14:24:17,097 - DEBUG - 未识别到图像: picture//huntu.png
2025-01-25 14:24:17,598 - INFO - 窗口句柄值: 0x804d0, 窗口位置: (863, 161)
2025-01-25 14:24:17,598 - INFO - 开始图像识别，窗口位置: (863, 161)
2025-01-25 14:24:17,716 - DEBUG - 未找到匹配图像，最大匹配度: 0.48
2025-01-25 14:24:17,718 - DEBUG - 未识别到图像: picture//jiangli.png
2025-01-25 14:24:18,218 - INFO - 窗口句柄值: 0x804d0, 窗口位置: (863, 161)
2025-01-25 14:24:18,218 - INFO - 开始图像识别，窗口位置: (863, 161)
2025-01-25 14:24:18,322 - DEBUG - 未找到匹配图像，最大匹配度: 0.29
2025-01-25 14:24:18,324 - DEBUG - 未识别到图像: screenshot.jpg
2025-01-25 14:24:18,824 - INFO - 窗口句柄值: 0x804d0, 窗口位置: (863, 161)
2025-01-25 14:24:18,825 - INFO - 开始图像识别，窗口位置: (863, 161)
2025-01-25 14:24:18,935 - DEBUG - 未找到匹配图像，最大匹配度: 0.36
2025-01-25 14:24:18,937 - DEBUG - 未识别到图像: picture//huntu.png
2025-01-25 14:24:19,438 - INFO - 窗口句柄值: 0x804d0, 窗口位置: (863, 161)
2025-01-25 14:24:19,438 - INFO - 开始图像识别，窗口位置: (863, 161)
2025-01-25 14:24:19,559 - DEBUG - 未找到匹配图像，最大匹配度: 0.39
2025-01-25 14:24:19,560 - DEBUG - 未识别到图像: picture//jiangli.png
2025-01-25 14:24:20,062 - INFO - 窗口句柄值: 0x804d0, 窗口位置: (863, 161)
2025-01-25 14:24:20,062 - INFO - 开始图像识别，窗口位置: (863, 161)
2025-01-25 14:24:20,171 - DEBUG - 未找到匹配图像，最大匹配度: 0.25
2025-01-25 14:24:20,172 - DEBUG - 未识别到图像: screenshot.jpg
2025-01-25 14:24:20,673 - INFO - 窗口句柄值: 0x804d0, 窗口位置: (863, 161)
2025-01-25 14:24:20,673 - INFO - 开始图像识别，窗口位置: (863, 161)
2025-01-25 14:24:20,782 - DEBUG - 未找到匹配图像，最大匹配度: 0.34
2025-01-25 14:24:20,785 - DEBUG - 未识别到图像: picture//huntu.png
2025-01-25 14:24:21,286 - INFO - 窗口句柄值: 0x804d0, 窗口位置: (863, 161)
2025-01-25 14:24:21,286 - INFO - 开始图像识别，窗口位置: (863, 161)
2025-01-25 14:24:21,407 - DEBUG - 未找到匹配图像，最大匹配度: 0.48
2025-01-25 14:24:21,409 - DEBUG - 未识别到图像: picture//jiangli.png
2025-01-25 14:24:21,909 - INFO - 窗口句柄值: 0x804d0, 窗口位置: (863, 161)
2025-01-25 14:24:21,909 - INFO - 开始图像识别，窗口位置: (863, 161)
2025-01-25 14:24:22,015 - DEBUG - 未找到匹配图像，最大匹配度: 0.28
2025-01-25 14:24:22,017 - DEBUG - 未识别到图像: screenshot.jpg
2025-01-25 14:24:22,518 - INFO - 窗口句柄值: 0x804d0, 窗口位置: (863, 161)
2025-01-25 14:24:22,518 - INFO - 开始图像识别，窗口位置: (863, 161)
2025-01-25 14:24:22,632 - DEBUG - 未找到匹配图像，最大匹配度: 0.36
2025-01-25 14:24:22,633 - DEBUG - 未识别到图像: picture//huntu.png
2025-01-25 14:24:23,134 - INFO - 窗口句柄值: 0x804d0, 窗口位置: (863, 161)
2025-01-25 14:24:23,134 - INFO - 开始图像识别，窗口位置: (863, 161)
2025-01-25 14:24:23,257 - DEBUG - 未找到匹配图像，最大匹配度: 0.46
2025-01-25 14:24:23,260 - DEBUG - 未识别到图像: picture//jiangli.png
2025-01-25 14:24:23,761 - INFO - 窗口句柄值: 0x804d0, 窗口位置: (863, 161)
2025-01-25 14:24:23,761 - INFO - 开始图像识别，窗口位置: (863, 161)
2025-01-25 14:24:23,866 - DEBUG - 未找到匹配图像，最大匹配度: 0.26
2025-01-25 14:24:23,867 - DEBUG - 未识别到图像: screenshot.jpg
2025-01-25 14:24:24,368 - INFO - 窗口句柄值: 0x804d0, 窗口位置: (863, 161)
2025-01-25 14:24:24,368 - INFO - 开始图像识别，窗口位置: (863, 161)
2025-01-25 14:24:24,486 - DEBUG - 未找到匹配图像，最大匹配度: 0.36
2025-01-25 14:24:24,488 - DEBUG - 未识别到图像: picture//huntu.png
2025-01-25 14:24:24,989 - INFO - 窗口句柄值: 0x804d0, 窗口位置: (863, 161)
2025-01-25 14:24:24,989 - INFO - 开始图像识别，窗口位置: (863, 161)
2025-01-25 14:24:25,113 - DEBUG - 未找到匹配图像，最大匹配度: 0.46
2025-01-25 14:24:25,116 - DEBUG - 未识别到图像: picture//jiangli.png
2025-01-25 14:24:25,616 - INFO - 窗口句柄值: 0x804d0, 窗口位置: (863, 161)
2025-01-25 14:24:25,616 - INFO - 开始图像识别，窗口位置: (863, 161)
2025-01-25 14:24:25,721 - DEBUG - 未找到匹配图像，最大匹配度: 0.17
2025-01-25 14:24:25,722 - DEBUG - 未识别到图像: screenshot.jpg
2025-01-25 14:24:26,224 - INFO - 窗口句柄值: 0x804d0, 窗口位置: (863, 161)
2025-01-25 14:24:26,224 - INFO - 开始图像识别，窗口位置: (863, 161)
2025-01-25 14:24:26,341 - DEBUG - 未找到匹配图像，最大匹配度: 0.35
2025-01-25 14:24:26,343 - DEBUG - 未识别到图像: picture//huntu.png
2025-01-25 14:24:26,843 - INFO - 窗口句柄值: 0x804d0, 窗口位置: (863, 161)
2025-01-25 14:24:26,843 - INFO - 开始图像识别，窗口位置: (863, 161)
2025-01-25 14:24:26,962 - DEBUG - 未找到匹配图像，最大匹配度: 0.46
2025-01-25 14:24:26,965 - DEBUG - 未识别到图像: picture//jiangli.png
2025-01-25 14:24:27,465 - INFO - 窗口句柄值: 0x804d0, 窗口位置: (863, 161)
2025-01-25 14:24:27,465 - INFO - 开始图像识别，窗口位置: (863, 161)
2025-01-25 14:24:27,568 - DEBUG - 未找到匹配图像，最大匹配度: 0.24
2025-01-25 14:24:27,570 - DEBUG - 未识别到图像: screenshot.jpg
2025-01-25 14:24:28,070 - INFO - 窗口句柄值: 0x804d0, 窗口位置: (863, 161)
2025-01-25 14:24:28,070 - INFO - 开始图像识别，窗口位置: (863, 161)
2025-01-25 14:24:28,184 - DEBUG - 未找到匹配图像，最大匹配度: 0.33
2025-01-25 14:24:28,186 - DEBUG - 未识别到图像: picture//huntu.png
2025-01-25 14:24:28,687 - INFO - 窗口句柄值: 0x804d0, 窗口位置: (863, 161)
2025-01-25 14:24:28,687 - INFO - 开始图像识别，窗口位置: (863, 161)
2025-01-25 14:24:28,816 - DEBUG - 未找到匹配图像，最大匹配度: 0.47
2025-01-25 14:24:28,818 - DEBUG - 未识别到图像: picture//jiangli.png
2025-01-25 14:24:29,319 - INFO - 窗口句柄值: 0x804d0, 窗口位置: (863, 161)
2025-01-25 14:24:29,319 - INFO - 开始图像识别，窗口位置: (863, 161)
2025-01-25 14:24:29,428 - DEBUG - 未找到匹配图像，最大匹配度: 0.26
2025-01-25 14:24:29,429 - DEBUG - 未识别到图像: screenshot.jpg
2025-01-25 14:24:29,930 - INFO - 窗口句柄值: 0x804d0, 窗口位置: (863, 161)
2025-01-25 14:24:29,930 - INFO - 开始图像识别，窗口位置: (863, 161)
2025-01-25 14:24:30,047 - DEBUG - 未找到匹配图像，最大匹配度: 0.34
2025-01-25 14:24:30,049 - DEBUG - 未识别到图像: picture//huntu.png
2025-01-25 14:24:30,550 - INFO - 窗口句柄值: 0x804d0, 窗口位置: (863, 161)
2025-01-25 14:24:30,550 - INFO - 开始图像识别，窗口位置: (863, 161)
2025-01-25 14:24:30,676 - DEBUG - 未找到匹配图像，最大匹配度: 0.46
2025-01-25 14:24:30,678 - DEBUG - 未识别到图像: picture//jiangli.png
2025-01-25 14:24:31,179 - INFO - 窗口句柄值: 0x804d0, 窗口位置: (863, 161)
2025-01-25 14:24:31,179 - INFO - 开始图像识别，窗口位置: (863, 161)
2025-01-25 14:24:31,286 - DEBUG - 未找到匹配图像，最大匹配度: 0.31
2025-01-25 14:24:31,287 - DEBUG - 未识别到图像: screenshot.jpg
2025-01-25 14:24:31,788 - INFO - 窗口句柄值: 0x804d0, 窗口位置: (863, 161)
2025-01-25 14:24:31,788 - INFO - 开始图像识别，窗口位置: (863, 161)
2025-01-25 14:24:31,899 - DEBUG - 未找到匹配图像，最大匹配度: 0.37
2025-01-25 14:24:31,900 - DEBUG - 未识别到图像: picture//huntu.png
2025-01-25 14:24:32,402 - INFO - 窗口句柄值: 0x804d0, 窗口位置: (863, 161)
2025-01-25 14:24:32,402 - INFO - 开始图像识别，窗口位置: (863, 161)
2025-01-25 14:24:32,522 - DEBUG - 未找到匹配图像，最大匹配度: 0.46
2025-01-25 14:24:32,524 - DEBUG - 未识别到图像: picture//jiangli.png
2025-01-25 14:24:33,025 - INFO - 窗口句柄值: 0x804d0, 窗口位置: (863, 161)
2025-01-25 14:24:33,025 - INFO - 开始图像识别，窗口位置: (863, 161)
2025-01-25 14:24:33,134 - DEBUG - 未找到匹配图像，最大匹配度: 0.21
2025-01-25 14:24:33,135 - DEBUG - 未识别到图像: screenshot.jpg
2025-01-25 14:24:33,636 - INFO - 窗口句柄值: 0x804d0, 窗口位置: (863, 161)
2025-01-25 14:24:33,636 - INFO - 开始图像识别，窗口位置: (863, 161)
2025-01-25 14:24:33,746 - DEBUG - 未找到匹配图像，最大匹配度: 0.33
2025-01-25 14:24:33,748 - DEBUG - 未识别到图像: picture//huntu.png
2025-01-25 14:24:34,249 - INFO - 窗口句柄值: 0x804d0, 窗口位置: (863, 161)
2025-01-25 14:24:34,249 - INFO - 开始图像识别，窗口位置: (863, 161)
2025-01-25 14:24:34,375 - DEBUG - 未找到匹配图像，最大匹配度: 0.44
2025-01-25 14:24:34,377 - DEBUG - 未识别到图像: picture//jiangli.png
2025-01-25 14:24:34,878 - INFO - 窗口句柄值: 0x804d0, 窗口位置: (863, 161)
2025-01-25 14:24:34,878 - INFO - 开始图像识别，窗口位置: (863, 161)
2025-01-25 14:24:34,981 - DEBUG - 未找到匹配图像，最大匹配度: 0.15
2025-01-25 14:24:34,982 - DEBUG - 未识别到图像: screenshot.jpg
2025-01-25 14:24:35,484 - INFO - 窗口句柄值: 0x804d0, 窗口位置: (863, 161)
2025-01-25 14:24:35,484 - INFO - 开始图像识别，窗口位置: (863, 161)
2025-01-25 14:24:35,598 - DEBUG - 未找到匹配图像，最大匹配度: 0.33
2025-01-25 14:24:35,600 - DEBUG - 未识别到图像: picture//huntu.png
2025-01-25 14:24:36,101 - INFO - 窗口句柄值: 0x804d0, 窗口位置: (863, 161)
2025-01-25 14:24:36,101 - INFO - 开始图像识别，窗口位置: (863, 161)
2025-01-25 14:24:36,221 - DEBUG - 未找到匹配图像，最大匹配度: 0.40
2025-01-25 14:24:36,223 - DEBUG - 未识别到图像: picture//jiangli.png
2025-01-25 14:24:36,724 - INFO - 窗口句柄值: 0x804d0, 窗口位置: (863, 161)
2025-01-25 14:24:36,724 - INFO - 开始图像识别，窗口位置: (863, 161)
2025-01-25 14:24:36,826 - DEBUG - 未找到匹配图像，最大匹配度: 0.38
2025-01-25 14:24:36,827 - DEBUG - 未识别到图像: screenshot.jpg
2025-01-25 14:24:37,328 - INFO - 窗口句柄值: 0x804d0, 窗口位置: (863, 161)
2025-01-25 14:24:37,328 - INFO - 开始图像识别，窗口位置: (863, 161)
2025-01-25 14:24:37,438 - DEBUG - 未找到匹配图像，最大匹配度: 0.34
2025-01-25 14:24:37,440 - DEBUG - 未识别到图像: picture//huntu.png
2025-01-25 14:24:37,941 - INFO - 窗口句柄值: 0x804d0, 窗口位置: (863, 161)
2025-01-25 14:24:37,941 - INFO - 开始图像识别，窗口位置: (863, 161)
2025-01-25 14:24:38,065 - DEBUG - 未找到匹配图像，最大匹配度: 0.80
2025-01-25 14:24:38,067 - DEBUG - 未识别到图像: picture//jiangli.png
2025-01-25 14:24:38,568 - INFO - 窗口句柄值: 0x804d0, 窗口位置: (863, 161)
2025-01-25 14:24:38,568 - INFO - 开始图像识别，窗口位置: (863, 161)
2025-01-25 14:24:38,675 - DEBUG - 未找到匹配图像，最大匹配度: 0.44
2025-01-25 14:24:38,676 - DEBUG - 未识别到图像: screenshot.jpg
2025-01-25 14:24:39,177 - INFO - 窗口句柄值: 0x804d0, 窗口位置: (863, 161)
2025-01-25 14:24:39,177 - INFO - 开始图像识别，窗口位置: (863, 161)
2025-01-25 14:24:39,288 - DEBUG - 未找到匹配图像，最大匹配度: 0.35
2025-01-25 14:24:39,291 - DEBUG - 未识别到图像: picture//huntu.png
2025-01-25 14:24:39,792 - INFO - 窗口句柄值: 0x804d0, 窗口位置: (863, 161)
2025-01-25 14:24:39,792 - INFO - 开始图像识别，窗口位置: (863, 161)
2025-01-25 14:24:39,918 - INFO - 图像识别成功，匹配度: 0.99
2025-01-25 14:24:39,918 - DEBUG - 匹配位置 - 左上角: (1552, 753), 右下角: (1891, 1043)
2025-01-25 14:24:39,920 - INFO - 成功识别图像: picture//jiangli.png
2025-01-25 14:24:39,920 - DEBUG - 移动鼠标到: (1727, 892), 偏移量: (6, -6)
2025-01-25 14:24:42,388 - INFO - 成功点击位置: (1721, 898)
2025-01-25 14:24:42,388 - INFO - 识别到奖励，剩余次数: 1
2025-01-25 14:24:42,388 - INFO - 窗口句柄值: 0x804d0, 窗口位置: (863, 161)
2025-01-25 14:24:42,388 - INFO - 开始图像识别，窗口位置: (863, 161)
2025-01-25 14:24:42,493 - DEBUG - 未找到匹配图像，最大匹配度: 0.40
2025-01-25 14:24:42,494 - DEBUG - 未识别到图像: screenshot.jpg
2025-01-25 14:24:42,995 - INFO - 窗口句柄值: 0x804d0, 窗口位置: (863, 161)
2025-01-25 14:24:42,995 - INFO - 开始图像识别，窗口位置: (863, 161)
2025-01-25 14:24:43,105 - DEBUG - 未找到匹配图像，最大匹配度: 0.34
2025-01-25 14:24:43,107 - DEBUG - 未识别到图像: picture//huntu.png
2025-01-25 14:24:43,608 - INFO - 窗口句柄值: 0x804d0, 窗口位置: (863, 161)
2025-01-25 14:24:43,608 - INFO - 开始图像识别，窗口位置: (863, 161)
2025-01-25 14:24:43,721 - DEBUG - 未找到匹配图像，最大匹配度: 0.50
2025-01-25 14:24:43,723 - DEBUG - 未识别到图像: picture//jiangli.png
2025-01-25 14:24:44,224 - INFO - 窗口句柄值: 0x804d0, 窗口位置: (863, 161)
2025-01-25 14:24:44,224 - INFO - 开始图像识别，窗口位置: (863, 161)
2025-01-25 14:24:44,321 - DEBUG - 未找到匹配图像，最大匹配度: 0.44
2025-01-25 14:24:44,322 - DEBUG - 未识别到图像: screenshot.jpg
2025-01-25 14:24:44,824 - INFO - 窗口句柄值: 0x804d0, 窗口位置: (863, 161)
2025-01-25 14:24:44,824 - INFO - 开始图像识别，窗口位置: (863, 161)
2025-01-25 14:24:44,933 - INFO - 图像识别成功，匹配度: 0.99
2025-01-25 14:24:44,934 - DEBUG - 匹配位置 - 左上角: (2372, 1021), 右下角: (2461, 1102)
2025-01-25 14:24:44,935 - INFO - 成功识别图像: picture//huntu.png
2025-01-25 14:24:44,935 - DEBUG - 移动鼠标到: (2420, 1064), 偏移量: (4, 3)
2025-01-25 14:24:46,807 - INFO - 成功点击位置: (2416, 1061)
2025-01-25 14:24:46,807 - INFO - 识别到魂土图片，等待23秒
2025-01-25 14:24:46,807 - ERROR - 执行点击操作时发生错误: module 'func.progress' has no attribute '_clear_line'
2025-01-25 14:24:47,307 - INFO - 窗口句柄值: 0x804d0, 窗口位置: (863, 161)
2025-01-25 14:24:47,307 - INFO - 开始图像识别，窗口位置: (863, 161)
2025-01-25 14:24:47,422 - DEBUG - 未找到匹配图像，最大匹配度: 0.56
2025-01-25 14:24:47,425 - DEBUG - 未识别到图像: picture//jiangli.png
2025-01-25 14:24:47,926 - INFO - 窗口句柄值: 0x804d0, 窗口位置: (863, 161)
2025-01-25 14:24:47,926 - INFO - 开始图像识别，窗口位置: (863, 161)
2025-01-25 14:24:48,026 - DEBUG - 未找到匹配图像，最大匹配度: 0.24
2025-01-25 14:24:48,027 - DEBUG - 未识别到图像: screenshot.jpg
2025-01-25 14:24:48,528 - INFO - 窗口句柄值: 0x804d0, 窗口位置: (863, 161)
2025-01-25 14:24:48,529 - INFO - 开始图像识别，窗口位置: (863, 161)
2025-01-25 14:24:48,643 - DEBUG - 未找到匹配图像，最大匹配度: 0.33
2025-01-25 14:24:48,646 - DEBUG - 未识别到图像: picture//huntu.png
2025-01-25 14:24:49,147 - INFO - 窗口句柄值: 0x804d0, 窗口位置: (863, 161)
2025-01-25 14:24:49,147 - INFO - 开始图像识别，窗口位置: (863, 161)
2025-01-25 14:24:49,271 - DEBUG - 未找到匹配图像，最大匹配度: 0.47
2025-01-25 14:24:49,273 - DEBUG - 未识别到图像: picture//jiangli.png
2025-01-25 14:24:49,775 - INFO - 窗口句柄值: 0x804d0, 窗口位置: (863, 161)
2025-01-25 14:24:49,775 - INFO - 开始图像识别，窗口位置: (863, 161)
2025-01-25 14:24:49,882 - DEBUG - 未找到匹配图像，最大匹配度: 0.42
2025-01-25 14:24:49,883 - DEBUG - 未识别到图像: screenshot.jpg
2025-01-25 14:24:50,384 - INFO - 窗口句柄值: 0x804d0, 窗口位置: (863, 161)
2025-01-25 14:24:50,384 - INFO - 开始图像识别，窗口位置: (863, 161)
2025-01-25 14:24:50,494 - DEBUG - 未找到匹配图像，最大匹配度: 0.37
2025-01-25 14:24:50,495 - DEBUG - 未识别到图像: picture//huntu.png
2025-01-25 14:24:50,997 - INFO - 窗口句柄值: 0x804d0, 窗口位置: (863, 161)
2025-01-25 14:24:50,997 - INFO - 开始图像识别，窗口位置: (863, 161)
2025-01-25 14:24:51,112 - DEBUG - 未找到匹配图像，最大匹配度: 0.48
2025-01-25 14:24:51,113 - DEBUG - 未识别到图像: picture//jiangli.png
2025-01-25 14:24:51,615 - INFO - 窗口句柄值: 0x804d0, 窗口位置: (863, 161)
2025-01-25 14:24:51,615 - INFO - 开始图像识别，窗口位置: (863, 161)
2025-01-25 14:24:51,721 - DEBUG - 未找到匹配图像，最大匹配度: 0.26
2025-01-25 14:24:51,722 - DEBUG - 未识别到图像: screenshot.jpg
2025-01-25 14:24:52,223 - INFO - 窗口句柄值: 0x804d0, 窗口位置: (863, 161)
2025-01-25 14:24:52,223 - INFO - 开始图像识别，窗口位置: (863, 161)
2025-01-25 14:24:52,336 - DEBUG - 未找到匹配图像，最大匹配度: 0.34
2025-01-25 14:24:52,338 - DEBUG - 未识别到图像: picture//huntu.png
2025-01-25 14:24:52,839 - INFO - 窗口句柄值: 0x804d0, 窗口位置: (863, 161)
2025-01-25 14:24:52,839 - INFO - 开始图像识别，窗口位置: (863, 161)
2025-01-25 14:24:52,961 - DEBUG - 未找到匹配图像，最大匹配度: 0.44
2025-01-25 14:24:52,964 - DEBUG - 未识别到图像: picture//jiangli.png
2025-01-25 14:24:53,464 - INFO - 窗口句柄值: 0x804d0, 窗口位置: (863, 161)
2025-01-25 14:24:53,464 - INFO - 开始图像识别，窗口位置: (863, 161)
2025-01-25 14:24:53,570 - DEBUG - 未找到匹配图像，最大匹配度: 0.25
2025-01-25 14:24:53,570 - DEBUG - 未识别到图像: screenshot.jpg
2025-01-25 14:24:54,071 - INFO - 窗口句柄值: 0x804d0, 窗口位置: (863, 161)
2025-01-25 14:24:54,071 - INFO - 开始图像识别，窗口位置: (863, 161)
2025-01-25 14:24:54,181 - DEBUG - 未找到匹配图像，最大匹配度: 0.34
2025-01-25 14:24:54,183 - DEBUG - 未识别到图像: picture//huntu.png
2025-01-25 14:24:54,684 - INFO - 窗口句柄值: 0x804d0, 窗口位置: (863, 161)
2025-01-25 14:24:54,684 - INFO - 开始图像识别，窗口位置: (863, 161)
2025-01-25 14:24:54,815 - DEBUG - 未找到匹配图像，最大匹配度: 0.48
2025-01-25 14:24:54,816 - DEBUG - 未识别到图像: picture//jiangli.png
2025-01-25 14:24:55,317 - INFO - 窗口句柄值: 0x804d0, 窗口位置: (863, 161)
2025-01-25 14:24:55,317 - INFO - 开始图像识别，窗口位置: (863, 161)
2025-01-25 14:24:55,427 - DEBUG - 未找到匹配图像，最大匹配度: 0.28
2025-01-25 14:24:55,428 - DEBUG - 未识别到图像: screenshot.jpg
2025-01-25 14:24:55,929 - INFO - 窗口句柄值: 0x804d0, 窗口位置: (863, 161)
2025-01-25 14:24:55,929 - INFO - 开始图像识别，窗口位置: (863, 161)
2025-01-25 14:24:56,045 - DEBUG - 未找到匹配图像，最大匹配度: 0.37
2025-01-25 14:24:56,046 - DEBUG - 未识别到图像: picture//huntu.png
2025-01-25 14:24:56,547 - INFO - 窗口句柄值: 0x804d0, 窗口位置: (863, 161)
2025-01-25 14:24:56,547 - INFO - 开始图像识别，窗口位置: (863, 161)
2025-01-25 14:24:56,672 - DEBUG - 未找到匹配图像，最大匹配度: 0.48
2025-01-25 14:24:56,674 - DEBUG - 未识别到图像: picture//jiangli.png
2025-01-25 14:24:57,175 - INFO - 窗口句柄值: 0x804d0, 窗口位置: (863, 161)
2025-01-25 14:24:57,175 - INFO - 开始图像识别，窗口位置: (863, 161)
2025-01-25 14:24:57,280 - DEBUG - 未找到匹配图像，最大匹配度: 0.25
2025-01-25 14:24:57,282 - DEBUG - 未识别到图像: screenshot.jpg
2025-01-25 14:24:57,783 - INFO - 窗口句柄值: 0x804d0, 窗口位置: (863, 161)
2025-01-25 14:24:57,783 - INFO - 开始图像识别，窗口位置: (863, 161)
2025-01-25 14:24:57,897 - DEBUG - 未找到匹配图像，最大匹配度: 0.34
2025-01-25 14:24:57,900 - DEBUG - 未识别到图像: picture//huntu.png
2025-01-25 14:24:58,401 - INFO - 窗口句柄值: 0x804d0, 窗口位置: (863, 161)
2025-01-25 14:24:58,401 - INFO - 开始图像识别，窗口位置: (863, 161)
2025-01-25 14:24:58,525 - DEBUG - 未找到匹配图像，最大匹配度: 0.45
2025-01-25 14:24:58,528 - DEBUG - 未识别到图像: picture//jiangli.png
2025-01-25 14:24:59,029 - INFO - 窗口句柄值: 0x804d0, 窗口位置: (863, 161)
2025-01-25 14:24:59,029 - INFO - 开始图像识别，窗口位置: (863, 161)
2025-01-25 14:24:59,138 - DEBUG - 未找到匹配图像，最大匹配度: 0.23
2025-01-25 14:24:59,141 - DEBUG - 未识别到图像: screenshot.jpg
2025-01-25 14:24:59,641 - INFO - 窗口句柄值: 0x804d0, 窗口位置: (863, 161)
2025-01-25 14:24:59,641 - INFO - 开始图像识别，窗口位置: (863, 161)
2025-01-25 14:24:59,751 - DEBUG - 未找到匹配图像，最大匹配度: 0.39
2025-01-25 14:24:59,753 - DEBUG - 未识别到图像: picture//huntu.png
2025-01-25 14:25:00,254 - INFO - 窗口句柄值: 0x804d0, 窗口位置: (863, 161)
2025-01-25 14:25:00,254 - INFO - 开始图像识别，窗口位置: (863, 161)
2025-01-25 14:25:00,375 - DEBUG - 未找到匹配图像，最大匹配度: 0.46
2025-01-25 14:25:00,377 - DEBUG - 未识别到图像: picture//jiangli.png
2025-01-25 14:25:00,877 - INFO - 窗口句柄值: 0x804d0, 窗口位置: (863, 161)
2025-01-25 14:25:00,877 - INFO - 开始图像识别，窗口位置: (863, 161)
2025-01-25 14:25:00,982 - DEBUG - 未找到匹配图像，最大匹配度: 0.19
2025-01-25 14:25:00,983 - DEBUG - 未识别到图像: screenshot.jpg
2025-01-25 14:25:01,484 - INFO - 窗口句柄值: 0x804d0, 窗口位置: (863, 161)
2025-01-25 14:25:01,484 - INFO - 开始图像识别，窗口位置: (863, 161)
2025-01-25 14:25:01,597 - DEBUG - 未找到匹配图像，最大匹配度: 0.33
2025-01-25 14:25:01,598 - DEBUG - 未识别到图像: picture//huntu.png
2025-01-25 14:25:02,100 - INFO - 窗口句柄值: 0x804d0, 窗口位置: (863, 161)
2025-01-25 14:25:02,100 - INFO - 开始图像识别，窗口位置: (863, 161)
2025-01-25 14:25:02,230 - DEBUG - 未找到匹配图像，最大匹配度: 0.46
2025-01-25 14:25:02,232 - DEBUG - 未识别到图像: picture//jiangli.png
2025-01-25 14:25:02,734 - INFO - 窗口句柄值: 0x804d0, 窗口位置: (863, 161)
2025-01-25 14:25:02,734 - INFO - 开始图像识别，窗口位置: (863, 161)
2025-01-25 14:25:02,842 - DEBUG - 未找到匹配图像，最大匹配度: 0.28
2025-01-25 14:25:02,843 - DEBUG - 未识别到图像: screenshot.jpg
2025-01-25 14:25:03,344 - INFO - 窗口句柄值: 0x804d0, 窗口位置: (863, 161)
2025-01-25 14:25:03,345 - INFO - 开始图像识别，窗口位置: (863, 161)
2025-01-25 14:25:03,461 - DEBUG - 未找到匹配图像，最大匹配度: 0.37
2025-01-25 14:25:03,463 - DEBUG - 未识别到图像: picture//huntu.png
2025-01-25 14:25:03,964 - INFO - 窗口句柄值: 0x804d0, 窗口位置: (863, 161)
2025-01-25 14:25:03,964 - INFO - 开始图像识别，窗口位置: (863, 161)
2025-01-25 14:25:04,113 - DEBUG - 未找到匹配图像，最大匹配度: 0.43
2025-01-25 14:25:04,115 - DEBUG - 未识别到图像: picture//jiangli.png
2025-01-25 14:25:04,616 - INFO - 窗口句柄值: 0x804d0, 窗口位置: (863, 161)
2025-01-25 14:25:04,616 - INFO - 开始图像识别，窗口位置: (863, 161)
2025-01-25 14:25:04,725 - DEBUG - 未找到匹配图像，最大匹配度: 0.25
2025-01-25 14:25:04,726 - DEBUG - 未识别到图像: screenshot.jpg
2025-01-25 14:25:05,227 - INFO - 窗口句柄值: 0x804d0, 窗口位置: (863, 161)
2025-01-25 14:25:05,227 - INFO - 开始图像识别，窗口位置: (863, 161)
2025-01-25 14:25:05,340 - DEBUG - 未找到匹配图像，最大匹配度: 0.32
2025-01-25 14:25:05,341 - DEBUG - 未识别到图像: picture//huntu.png
2025-01-25 14:25:05,842 - INFO - 窗口句柄值: 0x804d0, 窗口位置: (863, 161)
2025-01-25 14:25:05,842 - INFO - 开始图像识别，窗口位置: (863, 161)
2025-01-25 14:25:05,982 - DEBUG - 未找到匹配图像，最大匹配度: 0.45
2025-01-25 14:25:05,984 - DEBUG - 未识别到图像: picture//jiangli.png
2025-01-25 14:25:06,484 - INFO - 窗口句柄值: 0x804d0, 窗口位置: (863, 161)
2025-01-25 14:25:06,484 - INFO - 开始图像识别，窗口位置: (863, 161)
2025-01-25 14:25:06,597 - DEBUG - 未找到匹配图像，最大匹配度: 0.20
2025-01-25 14:25:06,598 - DEBUG - 未识别到图像: screenshot.jpg
2025-01-25 14:25:07,100 - INFO - 窗口句柄值: 0x804d0, 窗口位置: (863, 161)
2025-01-25 14:25:07,100 - INFO - 开始图像识别，窗口位置: (863, 161)
2025-01-25 14:25:07,211 - DEBUG - 未找到匹配图像，最大匹配度: 0.38
2025-01-25 14:25:07,213 - DEBUG - 未识别到图像: picture//huntu.png
2025-01-25 14:25:07,714 - INFO - 窗口句柄值: 0x804d0, 窗口位置: (863, 161)
2025-01-25 14:25:07,714 - INFO - 开始图像识别，窗口位置: (863, 161)
2025-01-25 14:25:07,850 - DEBUG - 未找到匹配图像，最大匹配度: 0.47
2025-01-25 14:25:07,852 - DEBUG - 未识别到图像: picture//jiangli.png
2025-01-25 14:25:08,353 - INFO - 窗口句柄值: 0x804d0, 窗口位置: (863, 161)
2025-01-25 14:25:08,353 - INFO - 开始图像识别，窗口位置: (863, 161)
2025-01-25 14:25:08,461 - DEBUG - 未找到匹配图像，最大匹配度: 0.13
2025-01-25 14:25:08,462 - DEBUG - 未识别到图像: screenshot.jpg
2025-01-25 14:25:08,963 - INFO - 窗口句柄值: 0x804d0, 窗口位置: (863, 161)
2025-01-25 14:25:08,963 - INFO - 开始图像识别，窗口位置: (863, 161)
2025-01-25 14:25:09,075 - DEBUG - 未找到匹配图像，最大匹配度: 0.33
2025-01-25 14:25:09,077 - DEBUG - 未识别到图像: picture//huntu.png
2025-01-25 14:25:09,578 - INFO - 窗口句柄值: 0x804d0, 窗口位置: (863, 161)
2025-01-25 14:25:09,578 - INFO - 开始图像识别，窗口位置: (863, 161)
2025-01-25 14:25:09,715 - DEBUG - 未找到匹配图像，最大匹配度: 0.39
2025-01-25 14:25:09,716 - DEBUG - 未识别到图像: picture//jiangli.png
2025-01-25 14:25:10,217 - INFO - 窗口句柄值: 0x804d0, 窗口位置: (863, 161)
2025-01-25 14:25:10,217 - INFO - 开始图像识别，窗口位置: (863, 161)
2025-01-25 14:25:10,320 - DEBUG - 未找到匹配图像，最大匹配度: 0.38
2025-01-25 14:25:10,321 - DEBUG - 未识别到图像: screenshot.jpg
2025-01-25 14:25:10,823 - INFO - 窗口句柄值: 0x804d0, 窗口位置: (863, 161)
2025-01-25 14:25:10,823 - INFO - 开始图像识别，窗口位置: (863, 161)
2025-01-25 14:25:10,939 - DEBUG - 未找到匹配图像，最大匹配度: 0.34
2025-01-25 14:25:10,941 - DEBUG - 未识别到图像: picture//huntu.png
2025-01-25 14:25:11,442 - INFO - 窗口句柄值: 0x804d0, 窗口位置: (863, 161)
2025-01-25 14:25:11,442 - INFO - 开始图像识别，窗口位置: (863, 161)
2025-01-25 14:25:11,575 - DEBUG - 未找到匹配图像，最大匹配度: 0.70
2025-01-25 14:25:11,577 - DEBUG - 未识别到图像: picture//jiangli.png
2025-01-25 14:25:12,077 - INFO - 窗口句柄值: 0x804d0, 窗口位置: (863, 161)
2025-01-25 14:25:12,077 - INFO - 开始图像识别，窗口位置: (863, 161)
2025-01-25 14:25:12,181 - DEBUG - 未找到匹配图像，最大匹配度: 0.40
2025-01-25 14:25:12,182 - DEBUG - 未识别到图像: screenshot.jpg
2025-01-25 14:25:12,682 - INFO - 窗口句柄值: 0x804d0, 窗口位置: (863, 161)
2025-01-25 14:25:12,682 - INFO - 开始图像识别，窗口位置: (863, 161)
2025-01-25 14:25:12,793 - DEBUG - 未找到匹配图像，最大匹配度: 0.35
2025-01-25 14:25:12,795 - DEBUG - 未识别到图像: picture//huntu.png
2025-01-25 14:25:13,296 - INFO - 窗口句柄值: 0x804d0, 窗口位置: (863, 161)
2025-01-25 14:25:13,296 - INFO - 开始图像识别，窗口位置: (863, 161)
2025-01-25 14:25:13,417 - INFO - 图像识别成功，匹配度: 0.99
2025-01-25 14:25:13,417 - DEBUG - 匹配位置 - 左上角: (1552, 753), 右下角: (1891, 1043)
2025-01-25 14:25:13,418 - INFO - 成功识别图像: picture//jiangli.png
2025-01-25 14:25:13,418 - DEBUG - 移动鼠标到: (1717, 891), 偏移量: (-4, -7)
2025-01-25 14:25:14,989 - INFO - 成功点击位置: (1721, 898)
2025-01-25 14:25:14,989 - INFO - 识别到奖励，剩余次数: 0
2025-01-25 14:25:14,989 - INFO - 窗口句柄值: 0x804d0, 窗口位置: (863, 161)
2025-01-25 14:25:14,989 - INFO - 开始图像识别，窗口位置: (863, 161)
2025-01-25 14:25:15,090 - DEBUG - 未找到匹配图像，最大匹配度: 0.34
2025-01-25 14:25:15,092 - DEBUG - 未识别到图像: screenshot.jpg
2025-01-25 14:25:15,593 - INFO - 当前循环完成
2025-01-25 14:25:15,593 - INFO - 窗口句柄值: 0x804d0, 窗口位置: (863, 161)
