2025-01-25 14:05:57,638 - INFO - 日志系统初始化完成
2025-01-25 14:05:57,653 - INFO - 程序启动
2025-01-25 14:05:57,759 - INFO - 热键设置完成 - 暂停/继续: f9, 退出: esc
2025-01-25 14:05:57,759 - INFO - 游戏控制器初始化完成
2025-01-25 14:05:57,759 - INFO - 窗口句柄值: 0x804d0, 窗口位置: (783, 149)
2025-01-25 14:06:00,230 - INFO - 用户设置攻打次数: 2
2025-01-25 14:06:00,230 - INFO - 开始任务追踪，总任务数: 2
2025-01-25 14:06:00,230 - INFO - 窗口句柄值: 0x804d0, 窗口位置: (783, 149)
2025-01-25 14:06:00,231 - INFO - 开始图像识别，窗口位置: (783, 149)
2025-01-25 14:06:00,344 - DEBUG - 未找到匹配图像，最大匹配度: 0.25
2025-01-25 14:06:00,346 - DEBUG - 未识别到图像: picture//huntu.png
2025-01-25 14:06:00,847 - INFO - 窗口句柄值: 0x804d0, 窗口位置: (783, 149)
2025-01-25 14:06:00,847 - INFO - 开始图像识别，窗口位置: (783, 149)
2025-01-25 14:06:00,969 - DEBUG - 未找到匹配图像，最大匹配度: 0.19
2025-01-25 14:06:00,970 - DEBUG - 未识别到图像: picture//jiangli.png
2025-01-25 14:06:01,471 - INFO - 窗口句柄值: 0x804d0, 窗口位置: (783, 149)
2025-01-25 14:06:01,471 - INFO - 开始图像识别，窗口位置: (783, 149)
2025-01-25 14:06:01,573 - DEBUG - 未找到匹配图像，最大匹配度: 0.09
2025-01-25 14:06:01,574 - DEBUG - 未识别到图像: screenshot.jpg
2025-01-25 14:06:02,075 - INFO - 窗口句柄值: 0x804d0, 窗口位置: (783, 149)
2025-01-25 14:06:02,075 - INFO - 开始图像识别，窗口位置: (783, 149)
2025-01-25 14:06:02,191 - INFO - 图像识别成功，匹配度: 0.99
2025-01-25 14:06:02,191 - DEBUG - 匹配位置 - 左上角: (2292, 1009), 右下角: (2381, 1090)
2025-01-25 14:06:02,193 - INFO - 成功识别图像: picture//huntu.png
2025-01-25 14:06:02,194 - DEBUG - 移动鼠标到: (2333, 1044), 偏移量: (-3, -5)
2025-01-25 14:06:03,797 - INFO - 成功点击位置: (2336, 1049)
2025-01-25 14:06:03,797 - INFO - 识别到魂土图片，等待20秒
2025-01-25 14:06:23,798 - INFO - 窗口句柄值: 0x804d0, 窗口位置: (783, 149)
2025-01-25 14:06:23,798 - INFO - 开始图像识别，窗口位置: (783, 149)
2025-01-25 14:06:23,924 - DEBUG - 未找到匹配图像，最大匹配度: 0.43
2025-01-25 14:06:23,926 - DEBUG - 未识别到图像: picture//jiangli.png
2025-01-25 14:06:24,427 - INFO - 窗口句柄值: 0x804d0, 窗口位置: (783, 149)
2025-01-25 14:06:24,427 - INFO - 开始图像识别，窗口位置: (783, 149)
2025-01-25 14:06:24,530 - DEBUG - 未找到匹配图像，最大匹配度: 0.46
2025-01-25 14:06:24,531 - DEBUG - 未识别到图像: screenshot.jpg
2025-01-25 14:06:25,032 - INFO - 窗口句柄值: 0x804d0, 窗口位置: (783, 149)
2025-01-25 14:06:25,032 - INFO - 开始图像识别，窗口位置: (783, 149)
2025-01-25 14:06:25,142 - DEBUG - 未找到匹配图像，最大匹配度: 0.35
2025-01-25 14:06:25,144 - DEBUG - 未识别到图像: picture//huntu.png
2025-01-25 14:06:25,645 - INFO - 窗口句柄值: 0x804d0, 窗口位置: (783, 149)
2025-01-25 14:06:25,645 - INFO - 开始图像识别，窗口位置: (783, 149)
2025-01-25 14:06:25,761 - DEBUG - 未找到匹配图像，最大匹配度: 0.42
2025-01-25 14:06:25,764 - DEBUG - 未识别到图像: picture//jiangli.png
2025-01-25 14:06:26,265 - INFO - 窗口句柄值: 0x804d0, 窗口位置: (783, 149)
2025-01-25 14:06:26,265 - INFO - 开始图像识别，窗口位置: (783, 149)
2025-01-25 14:06:26,367 - DEBUG - 未找到匹配图像，最大匹配度: 0.28
2025-01-25 14:06:26,368 - DEBUG - 未识别到图像: screenshot.jpg
2025-01-25 14:06:26,869 - INFO - 窗口句柄值: 0x804d0, 窗口位置: (783, 149)
2025-01-25 14:06:26,869 - INFO - 开始图像识别，窗口位置: (783, 149)
2025-01-25 14:06:26,980 - DEBUG - 未找到匹配图像，最大匹配度: 0.36
2025-01-25 14:06:26,983 - DEBUG - 未识别到图像: picture//huntu.png
2025-01-25 14:06:27,484 - INFO - 窗口句柄值: 0x804d0, 窗口位置: (783, 149)
2025-01-25 14:06:27,484 - INFO - 开始图像识别，窗口位置: (783, 149)
2025-01-25 14:06:27,602 - DEBUG - 未找到匹配图像，最大匹配度: 0.41
2025-01-25 14:06:27,605 - DEBUG - 未识别到图像: picture//jiangli.png
2025-01-25 14:06:28,106 - INFO - 窗口句柄值: 0x804d0, 窗口位置: (783, 149)
2025-01-25 14:06:28,106 - INFO - 开始图像识别，窗口位置: (783, 149)
2025-01-25 14:06:28,213 - DEBUG - 未找到匹配图像，最大匹配度: 0.41
2025-01-25 14:06:28,215 - DEBUG - 未识别到图像: screenshot.jpg
2025-01-25 14:06:28,715 - INFO - 窗口句柄值: 0x804d0, 窗口位置: (783, 149)
2025-01-25 14:06:28,715 - INFO - 开始图像识别，窗口位置: (783, 149)
2025-01-25 14:06:28,829 - DEBUG - 未找到匹配图像，最大匹配度: 0.35
2025-01-25 14:06:28,832 - DEBUG - 未识别到图像: picture//huntu.png
2025-01-25 14:06:29,333 - INFO - 窗口句柄值: 0x804d0, 窗口位置: (783, 149)
2025-01-25 14:06:29,333 - INFO - 开始图像识别，窗口位置: (783, 149)
2025-01-25 14:06:29,451 - INFO - 图像识别成功，匹配度: 0.98
2025-01-25 14:06:29,452 - DEBUG - 匹配位置 - 左上角: (1472, 741), 右下角: (1811, 1031)
2025-01-25 14:06:29,453 - INFO - 成功识别图像: picture//jiangli.png
2025-01-25 14:06:29,454 - DEBUG - 移动鼠标到: (1650, 892), 偏移量: (9, 6)
2025-01-25 14:06:30,889 - INFO - 成功点击位置: (1641, 886)
2025-01-25 14:06:30,889 - INFO - 识别到奖励，剩余次数: 1
2025-01-25 14:06:30,889 - INFO - 窗口句柄值: 0x804d0, 窗口位置: (783, 149)
2025-01-25 14:06:30,889 - INFO - 开始图像识别，窗口位置: (783, 149)
2025-01-25 14:06:30,992 - DEBUG - 未找到匹配图像，最大匹配度: 0.38
2025-01-25 14:06:30,994 - DEBUG - 未识别到图像: screenshot.jpg
2025-01-25 14:06:31,495 - INFO - 窗口句柄值: 0x804d0, 窗口位置: (783, 149)
2025-01-25 14:06:31,495 - INFO - 开始图像识别，窗口位置: (783, 149)
2025-01-25 14:06:31,604 - DEBUG - 未找到匹配图像，最大匹配度: 0.34
2025-01-25 14:06:31,607 - DEBUG - 未识别到图像: picture//huntu.png
2025-01-25 14:06:32,108 - INFO - 窗口句柄值: 0x804d0, 窗口位置: (783, 149)
2025-01-25 14:06:32,108 - INFO - 开始图像识别，窗口位置: (783, 149)
2025-01-25 14:06:32,227 - DEBUG - 未找到匹配图像，最大匹配度: 0.50
2025-01-25 14:06:32,230 - DEBUG - 未识别到图像: picture//jiangli.png
2025-01-25 14:06:32,731 - INFO - 窗口句柄值: 0x804d0, 窗口位置: (783, 149)
2025-01-25 14:06:32,731 - INFO - 开始图像识别，窗口位置: (783, 149)
2025-01-25 14:06:32,829 - DEBUG - 未找到匹配图像，最大匹配度: 0.43
2025-01-25 14:06:32,832 - DEBUG - 未识别到图像: screenshot.jpg
2025-01-25 14:06:33,332 - INFO - 窗口句柄值: 0x804d0, 窗口位置: (783, 149)
2025-01-25 14:06:33,332 - INFO - 开始图像识别，窗口位置: (783, 149)
2025-01-25 14:06:33,441 - INFO - 图像识别成功，匹配度: 0.99
2025-01-25 14:06:33,441 - DEBUG - 匹配位置 - 左上角: (2292, 1009), 右下角: (2381, 1090)
2025-01-25 14:06:33,444 - INFO - 成功识别图像: picture//huntu.png
2025-01-25 14:06:33,444 - DEBUG - 移动鼠标到: (2335, 1048), 偏移量: (-1, -1)
2025-01-25 14:06:35,609 - INFO - 成功点击位置: (2336, 1049)
2025-01-25 14:06:35,609 - INFO - 识别到魂土图片，等待20秒
2025-01-25 14:06:55,610 - INFO - 窗口句柄值: 0x804d0, 窗口位置: (783, 149)
2025-01-25 14:06:55,610 - INFO - 开始图像识别，窗口位置: (783, 149)
2025-01-25 14:06:55,727 - DEBUG - 未找到匹配图像，最大匹配度: 0.50
2025-01-25 14:06:55,730 - DEBUG - 未识别到图像: picture//jiangli.png
2025-01-25 14:06:56,231 - INFO - 窗口句柄值: 0x804d0, 窗口位置: (783, 149)
2025-01-25 14:06:56,231 - INFO - 开始图像识别，窗口位置: (783, 149)
2025-01-25 14:06:56,332 - DEBUG - 未找到匹配图像，最大匹配度: 0.34
2025-01-25 14:06:56,334 - DEBUG - 未识别到图像: screenshot.jpg
2025-01-25 14:06:56,835 - INFO - 窗口句柄值: 0x804d0, 窗口位置: (783, 149)
2025-01-25 14:06:56,835 - INFO - 开始图像识别，窗口位置: (783, 149)
2025-01-25 14:06:56,944 - DEBUG - 未找到匹配图像，最大匹配度: 0.35
2025-01-25 14:06:56,946 - DEBUG - 未识别到图像: picture//huntu.png
2025-01-25 14:06:57,448 - INFO - 窗口句柄值: 0x804d0, 窗口位置: (783, 149)
2025-01-25 14:06:57,448 - INFO - 开始图像识别，窗口位置: (783, 149)
2025-01-25 14:06:57,563 - DEBUG - 未找到匹配图像，最大匹配度: 0.40
2025-01-25 14:06:57,565 - DEBUG - 未识别到图像: picture//jiangli.png
2025-01-25 14:06:58,066 - INFO - 窗口句柄值: 0x804d0, 窗口位置: (783, 149)
2025-01-25 14:06:58,066 - INFO - 开始图像识别，窗口位置: (783, 149)
2025-01-25 14:06:58,166 - DEBUG - 未找到匹配图像，最大匹配度: 0.32
2025-01-25 14:06:58,168 - DEBUG - 未识别到图像: screenshot.jpg
2025-01-25 14:06:58,669 - INFO - 窗口句柄值: 0x804d0, 窗口位置: (783, 149)
2025-01-25 14:06:58,669 - INFO - 开始图像识别，窗口位置: (783, 149)
2025-01-25 14:06:58,781 - DEBUG - 未找到匹配图像，最大匹配度: 0.37
2025-01-25 14:06:58,783 - DEBUG - 未识别到图像: picture//huntu.png
2025-01-25 14:06:59,284 - INFO - 窗口句柄值: 0x804d0, 窗口位置: (783, 149)
2025-01-25 14:06:59,284 - INFO - 开始图像识别，窗口位置: (783, 149)
2025-01-25 14:06:59,404 - DEBUG - 未找到匹配图像，最大匹配度: 0.41
2025-01-25 14:06:59,406 - DEBUG - 未识别到图像: picture//jiangli.png
2025-01-25 14:06:59,907 - INFO - 窗口句柄值: 0x804d0, 窗口位置: (783, 149)
2025-01-25 14:06:59,908 - INFO - 开始图像识别，窗口位置: (783, 149)
2025-01-25 14:07:00,014 - DEBUG - 未找到匹配图像，最大匹配度: 0.28
2025-01-25 14:07:00,016 - DEBUG - 未识别到图像: screenshot.jpg
2025-01-25 14:07:00,516 - INFO - 窗口句柄值: 0x804d0, 窗口位置: (783, 149)
2025-01-25 14:07:00,516 - INFO - 开始图像识别，窗口位置: (783, 149)
2025-01-25 14:07:00,626 - DEBUG - 未找到匹配图像，最大匹配度: 0.33
2025-01-25 14:07:00,629 - DEBUG - 未识别到图像: picture//huntu.png
2025-01-25 14:07:01,130 - INFO - 窗口句柄值: 0x804d0, 窗口位置: (783, 149)
2025-01-25 14:07:01,130 - INFO - 开始图像识别，窗口位置: (783, 149)
2025-01-25 14:07:01,249 - INFO - 图像识别成功，匹配度: 0.99
2025-01-25 14:07:01,249 - DEBUG - 匹配位置 - 左上角: (1472, 741), 右下角: (1811, 1031)
2025-01-25 14:07:01,251 - INFO - 成功识别图像: picture//jiangli.png
2025-01-25 14:07:01,252 - DEBUG - 移动鼠标到: (1639, 882), 偏移量: (-2, -4)
2025-01-25 14:07:02,818 - INFO - 成功点击位置: (1641, 886)
2025-01-25 14:07:02,818 - INFO - 识别到奖励，剩余次数: 0
2025-01-25 14:07:02,818 - INFO - 窗口句柄值: 0x804d0, 窗口位置: (783, 149)
2025-01-25 14:07:02,818 - INFO - 开始图像识别，窗口位置: (783, 149)
2025-01-25 14:07:02,930 - DEBUG - 未找到匹配图像，最大匹配度: 0.41
2025-01-25 14:07:02,932 - DEBUG - 未识别到图像: screenshot.jpg
2025-01-25 14:07:03,433 - INFO - 当前循环完成
2025-01-25 14:07:03,433 - INFO - 窗口句柄值: 0x804d0, 窗口位置: (783, 149)
2025-01-25 14:07:10,986 - WARNING - 无效输入，使用默认值: 100
2025-01-25 14:07:10,986 - INFO - 开始任务追踪，总任务数: 100
2025-01-25 14:07:10,987 - INFO - 窗口句柄值: 0x804d0, 窗口位置: (783, 149)
2025-01-25 14:07:10,987 - INFO - 开始图像识别，窗口位置: (783, 149)
2025-01-25 14:07:11,102 - DEBUG - 未找到匹配图像，最大匹配度: 0.23
2025-01-25 14:07:11,105 - DEBUG - 未识别到图像: picture//huntu.png
2025-01-25 14:07:11,606 - INFO - 窗口句柄值: 0x804d0, 窗口位置: (783, 149)
2025-01-25 14:07:11,606 - INFO - 开始图像识别，窗口位置: (783, 149)
2025-01-25 14:07:11,726 - DEBUG - 未找到匹配图像，最大匹配度: 0.19
2025-01-25 14:07:11,728 - DEBUG - 未识别到图像: picture//jiangli.png
2025-01-25 14:07:12,229 - INFO - 窗口句柄值: 0x804d0, 窗口位置: (783, 149)
2025-01-25 14:07:12,229 - INFO - 开始图像识别，窗口位置: (783, 149)
2025-01-25 14:07:12,339 - DEBUG - 未找到匹配图像，最大匹配度: 0.15
2025-01-25 14:07:12,341 - DEBUG - 未识别到图像: screenshot.jpg
2025-01-25 14:07:12,842 - INFO - 窗口句柄值: 0x804d0, 窗口位置: (783, 149)
2025-01-25 14:07:12,842 - INFO - 开始图像识别，窗口位置: (783, 149)
2025-01-25 14:07:12,974 - DEBUG - 未找到匹配图像，最大匹配度: 0.24
2025-01-25 14:07:12,976 - DEBUG - 未识别到图像: picture//huntu.png
