2025-01-25 14:33:55,265 - INFO - 日志系统初始化完成
2025-01-25 14:33:55,277 - INFO - 程序启动
2025-01-25 14:33:55,356 - INFO - 热键设置完成 - 暂停/继续: f9, 退出: esc
2025-01-25 14:33:55,357 - INFO - 游戏控制器初始化完成
2025-01-25 14:33:55,357 - INFO - 窗口句柄值: 0x804d0, 窗口位置: (863, 161)
2025-01-25 14:33:57,229 - INFO - 用户设置攻打次数: 2
2025-01-25 14:33:57,229 - INFO - 开始任务追踪，总任务数: 2
2025-01-25 14:33:57,230 - INFO - 窗口句柄值: 0x804d0, 窗口位置: (863, 161)
2025-01-25 14:33:57,230 - INFO - 开始图像识别，窗口位置: (863, 161)
2025-01-25 14:33:57,345 - DEBUG - 未找到匹配图像，最大匹配度: 0.23
2025-01-25 14:33:57,347 - DEBUG - 未识别到图像: picture//huntu.png
2025-01-25 14:33:57,847 - INFO - 窗口句柄值: 0x804d0, 窗口位置: (863, 161)
2025-01-25 14:33:57,847 - INFO - 开始图像识别，窗口位置: (863, 161)
2025-01-25 14:33:57,965 - DEBUG - 未找到匹配图像，最大匹配度: 0.21
2025-01-25 14:33:57,967 - DEBUG - 未识别到图像: picture//jiangli.png
2025-01-25 14:33:58,467 - INFO - 窗口句柄值: 0x804d0, 窗口位置: (863, 161)
2025-01-25 14:33:58,467 - INFO - 开始图像识别，窗口位置: (863, 161)
2025-01-25 14:33:58,574 - DEBUG - 未找到匹配图像，最大匹配度: 0.09
2025-01-25 14:33:58,575 - DEBUG - 未识别到图像: screenshot.jpg
2025-01-25 14:33:59,076 - INFO - 窗口句柄值: 0x804d0, 窗口位置: (863, 161)
2025-01-25 14:33:59,076 - INFO - 开始图像识别，窗口位置: (863, 161)
2025-01-25 14:33:59,199 - INFO - 图像识别成功，匹配度: 0.99
2025-01-25 14:33:59,199 - DEBUG - 匹配位置 - 左上角: (2372, 1021), 右下角: (2461, 1102)
2025-01-25 14:33:59,202 - INFO - 成功识别图像: picture//huntu.png
2025-01-25 14:33:59,202 - DEBUG - 移动鼠标到: (2406, 1059), 偏移量: (-10, -2)
2025-01-25 14:34:01,396 - INFO - 成功点击位置: (2416, 1061)
2025-01-25 14:34:01,396 - INFO - 识别到魂土图片，等待20秒
2025-01-25 14:34:01,396 - ERROR - 执行点击操作时发生错误: module 'func.progress' has no attribute '_clear_line'
2025-01-25 14:34:01,896 - INFO - 窗口句柄值: 0x804d0, 窗口位置: (863, 161)
2025-01-25 14:34:01,896 - INFO - 开始图像识别，窗口位置: (863, 161)
2025-01-25 14:34:02,039 - DEBUG - 未找到匹配图像，最大匹配度: 0.55
2025-01-25 14:34:02,040 - DEBUG - 未识别到图像: picture//jiangli.png
2025-01-25 14:34:02,541 - INFO - 窗口句柄值: 0x804d0, 窗口位置: (863, 161)
2025-01-25 14:34:02,541 - INFO - 开始图像识别，窗口位置: (863, 161)
2025-01-25 14:34:02,653 - DEBUG - 未找到匹配图像，最大匹配度: 0.43
2025-01-25 14:34:02,654 - DEBUG - 未识别到图像: screenshot.jpg
2025-01-25 14:34:03,154 - INFO - 窗口句柄值: 0x804d0, 窗口位置: (863, 161)
2025-01-25 14:34:03,155 - INFO - 开始图像识别，窗口位置: (863, 161)
2025-01-25 14:34:03,268 - DEBUG - 未找到匹配图像，最大匹配度: 0.32
2025-01-25 14:34:03,270 - DEBUG - 未识别到图像: picture//huntu.png
2025-01-25 14:34:03,770 - INFO - 窗口句柄值: 0x804d0, 窗口位置: (863, 161)
2025-01-25 14:34:03,770 - INFO - 开始图像识别，窗口位置: (863, 161)
2025-01-25 14:34:03,894 - DEBUG - 未找到匹配图像，最大匹配度: 0.40
2025-01-25 14:34:03,895 - DEBUG - 未识别到图像: picture//jiangli.png
2025-01-25 14:34:04,395 - INFO - 窗口句柄值: 0x804d0, 窗口位置: (863, 161)
2025-01-25 14:34:04,395 - INFO - 开始图像识别，窗口位置: (863, 161)
2025-01-25 14:34:04,509 - DEBUG - 未找到匹配图像，最大匹配度: 0.39
2025-01-25 14:34:04,511 - DEBUG - 未识别到图像: screenshot.jpg
2025-01-25 14:34:05,011 - INFO - 窗口句柄值: 0x804d0, 窗口位置: (863, 161)
2025-01-25 14:34:05,011 - INFO - 开始图像识别，窗口位置: (863, 161)
2025-01-25 14:34:05,124 - DEBUG - 未找到匹配图像，最大匹配度: 0.34
2025-01-25 14:34:05,127 - DEBUG - 未识别到图像: picture//huntu.png
2025-01-25 14:34:05,627 - INFO - 窗口句柄值: 0x804d0, 窗口位置: (863, 161)
2025-01-25 14:34:05,627 - INFO - 开始图像识别，窗口位置: (863, 161)
2025-01-25 14:34:05,757 - DEBUG - 未找到匹配图像，最大匹配度: 0.50
2025-01-25 14:34:05,759 - DEBUG - 未识别到图像: picture//jiangli.png
2025-01-25 14:34:06,260 - INFO - 窗口句柄值: 0x804d0, 窗口位置: (863, 161)
2025-01-25 14:34:06,260 - INFO - 开始图像识别，窗口位置: (863, 161)
2025-01-25 14:34:06,379 - DEBUG - 未找到匹配图像，最大匹配度: 0.29
2025-01-25 14:34:06,380 - DEBUG - 未识别到图像: screenshot.jpg
2025-01-25 14:34:06,881 - INFO - 窗口句柄值: 0x804d0, 窗口位置: (863, 161)
2025-01-25 14:34:06,881 - INFO - 开始图像识别，窗口位置: (863, 161)
2025-01-25 14:34:07,002 - DEBUG - 未找到匹配图像，最大匹配度: 0.34
2025-01-25 14:34:07,005 - DEBUG - 未识别到图像: picture//huntu.png
2025-01-25 14:34:07,505 - INFO - 窗口句柄值: 0x804d0, 窗口位置: (863, 161)
2025-01-25 14:34:07,505 - INFO - 开始图像识别，窗口位置: (863, 161)
2025-01-25 14:34:07,631 - DEBUG - 未找到匹配图像，最大匹配度: 0.41
2025-01-25 14:34:07,633 - DEBUG - 未识别到图像: picture//jiangli.png
2025-01-25 14:34:08,134 - INFO - 窗口句柄值: 0x804d0, 窗口位置: (863, 161)
2025-01-25 14:34:08,134 - INFO - 开始图像识别，窗口位置: (863, 161)
2025-01-25 14:34:08,243 - DEBUG - 未找到匹配图像，最大匹配度: 0.26
2025-01-25 14:34:08,245 - DEBUG - 未识别到图像: screenshot.jpg
2025-01-25 14:34:08,746 - INFO - 窗口句柄值: 0x804d0, 窗口位置: (863, 161)
2025-01-25 14:34:08,746 - INFO - 开始图像识别，窗口位置: (863, 161)
2025-01-25 14:34:08,854 - DEBUG - 未找到匹配图像，最大匹配度: 0.34
2025-01-25 14:34:08,856 - DEBUG - 未识别到图像: picture//huntu.png
2025-01-25 14:34:09,356 - INFO - 窗口句柄值: 0x804d0, 窗口位置: (863, 161)
2025-01-25 14:34:09,356 - INFO - 开始图像识别，窗口位置: (863, 161)
2025-01-25 14:34:09,474 - DEBUG - 未找到匹配图像，最大匹配度: 0.48
2025-01-25 14:34:09,475 - DEBUG - 未识别到图像: picture//jiangli.png
2025-01-25 14:34:09,977 - INFO - 窗口句柄值: 0x804d0, 窗口位置: (863, 161)
2025-01-25 14:34:09,977 - INFO - 开始图像识别，窗口位置: (863, 161)
2025-01-25 14:34:10,085 - DEBUG - 未找到匹配图像，最大匹配度: 0.29
2025-01-25 14:34:10,086 - DEBUG - 未识别到图像: screenshot.jpg
2025-01-25 14:34:10,586 - INFO - 窗口句柄值: 0x804d0, 窗口位置: (863, 161)
2025-01-25 14:34:10,586 - INFO - 开始图像识别，窗口位置: (863, 161)
2025-01-25 14:34:10,698 - DEBUG - 未找到匹配图像，最大匹配度: 0.35
2025-01-25 14:34:10,700 - DEBUG - 未识别到图像: picture//huntu.png
2025-01-25 14:34:11,201 - INFO - 窗口句柄值: 0x804d0, 窗口位置: (863, 161)
2025-01-25 14:34:11,201 - INFO - 开始图像识别，窗口位置: (863, 161)
2025-01-25 14:34:11,326 - DEBUG - 未找到匹配图像，最大匹配度: 0.42
2025-01-25 14:34:11,328 - DEBUG - 未识别到图像: picture//jiangli.png
2025-01-25 14:34:11,829 - INFO - 窗口句柄值: 0x804d0, 窗口位置: (863, 161)
2025-01-25 14:34:11,829 - INFO - 开始图像识别，窗口位置: (863, 161)
2025-01-25 14:34:11,952 - DEBUG - 未找到匹配图像，最大匹配度: 0.27
2025-01-25 14:34:11,954 - DEBUG - 未识别到图像: screenshot.jpg
2025-01-25 14:34:12,455 - INFO - 窗口句柄值: 0x804d0, 窗口位置: (863, 161)
2025-01-25 14:34:12,455 - INFO - 开始图像识别，窗口位置: (863, 161)
2025-01-25 14:34:12,576 - DEBUG - 未找到匹配图像，最大匹配度: 0.36
2025-01-25 14:34:12,579 - DEBUG - 未识别到图像: picture//huntu.png
2025-01-25 14:34:13,080 - INFO - 窗口句柄值: 0x804d0, 窗口位置: (863, 161)
2025-01-25 14:34:13,080 - INFO - 开始图像识别，窗口位置: (863, 161)
2025-01-25 14:34:13,205 - DEBUG - 未找到匹配图像，最大匹配度: 0.45
2025-01-25 14:34:13,206 - DEBUG - 未识别到图像: picture//jiangli.png
2025-01-25 14:34:13,708 - INFO - 窗口句柄值: 0x804d0, 窗口位置: (863, 161)
2025-01-25 14:34:13,708 - INFO - 开始图像识别，窗口位置: (863, 161)
2025-01-25 14:34:13,811 - DEBUG - 未找到匹配图像，最大匹配度: 0.19
2025-01-25 14:34:13,812 - DEBUG - 未识别到图像: screenshot.jpg
2025-01-25 14:34:14,313 - INFO - 窗口句柄值: 0x804d0, 窗口位置: (863, 161)
2025-01-25 14:34:14,314 - INFO - 开始图像识别，窗口位置: (863, 161)
2025-01-25 14:34:14,426 - DEBUG - 未找到匹配图像，最大匹配度: 0.38
2025-01-25 14:34:14,429 - DEBUG - 未识别到图像: picture//huntu.png
2025-01-25 14:34:14,930 - INFO - 窗口句柄值: 0x804d0, 窗口位置: (863, 161)
2025-01-25 14:34:14,930 - INFO - 开始图像识别，窗口位置: (863, 161)
2025-01-25 14:34:15,054 - DEBUG - 未找到匹配图像，最大匹配度: 0.46
2025-01-25 14:34:15,056 - DEBUG - 未识别到图像: picture//jiangli.png
2025-01-25 14:34:15,557 - INFO - 窗口句柄值: 0x804d0, 窗口位置: (863, 161)
2025-01-25 14:34:15,557 - INFO - 开始图像识别，窗口位置: (863, 161)
2025-01-25 14:34:15,662 - DEBUG - 未找到匹配图像，最大匹配度: 0.23
2025-01-25 14:34:15,663 - DEBUG - 未识别到图像: screenshot.jpg
2025-01-25 14:34:16,163 - INFO - 窗口句柄值: 0x804d0, 窗口位置: (863, 161)
2025-01-25 14:34:16,163 - INFO - 开始图像识别，窗口位置: (863, 161)
2025-01-25 14:34:16,275 - DEBUG - 未找到匹配图像，最大匹配度: 0.33
2025-01-25 14:34:16,277 - DEBUG - 未识别到图像: picture//huntu.png
2025-01-25 14:34:16,778 - INFO - 窗口句柄值: 0x804d0, 窗口位置: (863, 161)
2025-01-25 14:34:16,778 - INFO - 开始图像识别，窗口位置: (863, 161)
2025-01-25 14:34:16,911 - DEBUG - 未找到匹配图像，最大匹配度: 0.47
2025-01-25 14:34:16,913 - DEBUG - 未识别到图像: picture//jiangli.png
2025-01-25 14:34:17,414 - INFO - 窗口句柄值: 0x804d0, 窗口位置: (863, 161)
2025-01-25 14:34:17,414 - INFO - 开始图像识别，窗口位置: (863, 161)
2025-01-25 14:34:17,517 - DEBUG - 未找到匹配图像，最大匹配度: 0.28
2025-01-25 14:34:17,518 - DEBUG - 未识别到图像: screenshot.jpg
2025-01-25 14:34:18,019 - INFO - 窗口句柄值: 0x804d0, 窗口位置: (863, 161)
2025-01-25 14:34:18,019 - INFO - 开始图像识别，窗口位置: (863, 161)
2025-01-25 14:34:18,134 - DEBUG - 未找到匹配图像，最大匹配度: 0.38
2025-01-25 14:34:18,136 - DEBUG - 未识别到图像: picture//huntu.png
2025-01-25 14:34:18,637 - INFO - 窗口句柄值: 0x804d0, 窗口位置: (863, 161)
2025-01-25 14:34:18,637 - INFO - 开始图像识别，窗口位置: (863, 161)
2025-01-25 14:34:18,758 - DEBUG - 未找到匹配图像，最大匹配度: 0.44
2025-01-25 14:34:18,760 - DEBUG - 未识别到图像: picture//jiangli.png
2025-01-25 14:34:19,260 - INFO - 窗口句柄值: 0x804d0, 窗口位置: (863, 161)
2025-01-25 14:34:19,260 - INFO - 开始图像识别，窗口位置: (863, 161)
2025-01-25 14:34:19,364 - DEBUG - 未找到匹配图像，最大匹配度: 0.33
2025-01-25 14:34:19,365 - DEBUG - 未识别到图像: screenshot.jpg
2025-01-25 14:34:19,867 - INFO - 窗口句柄值: 0x804d0, 窗口位置: (863, 161)
2025-01-25 14:34:19,867 - INFO - 开始图像识别，窗口位置: (863, 161)
2025-01-25 14:34:19,981 - DEBUG - 未找到匹配图像，最大匹配度: 0.35
2025-01-25 14:34:19,982 - DEBUG - 未识别到图像: picture//huntu.png
2025-01-25 14:34:20,484 - INFO - 窗口句柄值: 0x804d0, 窗口位置: (863, 161)
2025-01-25 14:34:20,484 - INFO - 开始图像识别，窗口位置: (863, 161)
2025-01-25 14:34:20,604 - DEBUG - 未找到匹配图像，最大匹配度: 0.45
2025-01-25 14:34:20,606 - DEBUG - 未识别到图像: picture//jiangli.png
2025-01-25 14:34:21,107 - INFO - 窗口句柄值: 0x804d0, 窗口位置: (863, 161)
2025-01-25 14:34:21,107 - INFO - 开始图像识别，窗口位置: (863, 161)
2025-01-25 14:34:21,214 - DEBUG - 未找到匹配图像，最大匹配度: 0.20
2025-01-25 14:34:21,216 - DEBUG - 未识别到图像: screenshot.jpg
2025-01-25 14:34:21,717 - INFO - 窗口句柄值: 0x804d0, 窗口位置: (863, 161)
2025-01-25 14:34:21,717 - INFO - 开始图像识别，窗口位置: (863, 161)
2025-01-25 14:34:21,829 - DEBUG - 未找到匹配图像，最大匹配度: 0.39
2025-01-25 14:34:21,831 - DEBUG - 未识别到图像: picture//huntu.png
2025-01-25 14:34:22,332 - INFO - 窗口句柄值: 0x804d0, 窗口位置: (863, 161)
2025-01-25 14:34:22,332 - INFO - 开始图像识别，窗口位置: (863, 161)
2025-01-25 14:34:22,452 - DEBUG - 未找到匹配图像，最大匹配度: 0.44
2025-01-25 14:34:22,454 - DEBUG - 未识别到图像: picture//jiangli.png
2025-01-25 14:34:22,955 - INFO - 窗口句柄值: 0x804d0, 窗口位置: (863, 161)
2025-01-25 14:34:22,955 - INFO - 开始图像识别，窗口位置: (863, 161)
2025-01-25 14:34:23,060 - DEBUG - 未找到匹配图像，最大匹配度: 0.15
2025-01-25 14:34:23,061 - DEBUG - 未识别到图像: screenshot.jpg
2025-01-25 14:34:23,562 - INFO - 窗口句柄值: 0x804d0, 窗口位置: (863, 161)
2025-01-25 14:34:23,562 - INFO - 开始图像识别，窗口位置: (863, 161)
2025-01-25 14:34:23,672 - DEBUG - 未找到匹配图像，最大匹配度: 0.33
2025-01-25 14:34:23,674 - DEBUG - 未识别到图像: picture//huntu.png
2025-01-25 14:34:24,176 - INFO - 窗口句柄值: 0x804d0, 窗口位置: (863, 161)
2025-01-25 14:34:24,176 - INFO - 开始图像识别，窗口位置: (863, 161)
2025-01-25 14:34:24,297 - DEBUG - 未找到匹配图像，最大匹配度: 0.39
2025-01-25 14:34:24,299 - DEBUG - 未识别到图像: picture//jiangli.png
2025-01-25 14:34:24,800 - INFO - 窗口句柄值: 0x804d0, 窗口位置: (863, 161)
2025-01-25 14:34:24,800 - INFO - 开始图像识别，窗口位置: (863, 161)
2025-01-25 14:34:24,903 - DEBUG - 未找到匹配图像，最大匹配度: 0.38
2025-01-25 14:34:24,904 - DEBUG - 未识别到图像: screenshot.jpg
2025-01-25 14:34:25,405 - INFO - 窗口句柄值: 0x804d0, 窗口位置: (863, 161)
2025-01-25 14:34:25,405 - INFO - 开始图像识别，窗口位置: (863, 161)
2025-01-25 14:34:25,516 - DEBUG - 未找到匹配图像，最大匹配度: 0.34
2025-01-25 14:34:25,518 - DEBUG - 未识别到图像: picture//huntu.png
2025-01-25 14:34:26,019 - INFO - 窗口句柄值: 0x804d0, 窗口位置: (863, 161)
2025-01-25 14:34:26,019 - INFO - 开始图像识别，窗口位置: (863, 161)
2025-01-25 14:34:26,141 - INFO - 图像识别成功，匹配度: 0.80
2025-01-25 14:34:26,141 - DEBUG - 匹配位置 - 左上角: (1552, 691), 右下角: (1891, 981)
2025-01-25 14:34:26,142 - INFO - 成功识别图像: picture//jiangli.png
2025-01-25 14:34:26,143 - DEBUG - 移动鼠标到: (1718, 839), 偏移量: (-3, 3)
2025-01-25 14:34:27,601 - INFO - 成功点击位置: (1721, 836)
2025-01-25 14:34:27,601 - INFO - 识别到奖励，剩余次数: 1
2025-01-25 14:34:27,601 - INFO - 窗口句柄值: 0x804d0, 窗口位置: (863, 161)
2025-01-25 14:34:27,601 - INFO - 开始图像识别，窗口位置: (863, 161)
2025-01-25 14:34:27,705 - DEBUG - 未找到匹配图像，最大匹配度: 0.33
2025-01-25 14:34:27,706 - DEBUG - 未识别到图像: screenshot.jpg
2025-01-25 14:34:28,207 - INFO - 窗口句柄值: 0x804d0, 窗口位置: (863, 161)
2025-01-25 14:34:28,208 - INFO - 开始图像识别，窗口位置: (863, 161)
2025-01-25 14:34:28,318 - INFO - 图像识别成功，匹配度: 0.99
2025-01-25 14:34:28,318 - DEBUG - 匹配位置 - 左上角: (2372, 1021), 右下角: (2461, 1102)
2025-01-25 14:34:28,320 - INFO - 成功识别图像: picture//huntu.png
2025-01-25 14:34:28,320 - DEBUG - 移动鼠标到: (2415, 1060), 偏移量: (-1, -1)
2025-01-25 14:34:30,784 - INFO - 成功点击位置: (2416, 1061)
2025-01-25 14:34:30,784 - INFO - 识别到魂土图片，等待20秒
2025-01-25 14:34:30,784 - ERROR - 执行点击操作时发生错误: module 'func.progress' has no attribute '_clear_line'
2025-01-25 14:34:31,285 - INFO - 窗口句柄值: 0x804d0, 窗口位置: (863, 161)
2025-01-25 14:34:31,285 - INFO - 开始图像识别，窗口位置: (863, 161)
2025-01-25 14:34:31,405 - DEBUG - 未找到匹配图像，最大匹配度: 0.56
2025-01-25 14:34:31,407 - DEBUG - 未识别到图像: picture//jiangli.png
2025-01-25 14:34:31,908 - INFO - 窗口句柄值: 0x804d0, 窗口位置: (863, 161)
2025-01-25 14:34:31,908 - INFO - 开始图像识别，窗口位置: (863, 161)
2025-01-25 14:34:32,009 - DEBUG - 未找到匹配图像，最大匹配度: 0.43
2025-01-25 14:34:32,010 - DEBUG - 未识别到图像: screenshot.jpg
2025-01-25 14:34:32,511 - INFO - 窗口句柄值: 0x804d0, 窗口位置: (863, 161)
2025-01-25 14:34:32,511 - INFO - 开始图像识别，窗口位置: (863, 161)
2025-01-25 14:34:32,625 - DEBUG - 未找到匹配图像，最大匹配度: 0.32
2025-01-25 14:34:32,627 - DEBUG - 未识别到图像: picture//huntu.png
2025-01-25 14:34:33,127 - INFO - 窗口句柄值: 0x804d0, 窗口位置: (863, 161)
2025-01-25 14:34:33,127 - INFO - 开始图像识别，窗口位置: (863, 161)
2025-01-25 14:34:33,248 - DEBUG - 未找到匹配图像，最大匹配度: 0.40
2025-01-25 14:34:33,250 - DEBUG - 未识别到图像: picture//jiangli.png
2025-01-25 14:34:33,751 - INFO - 窗口句柄值: 0x804d0, 窗口位置: (863, 161)
2025-01-25 14:34:33,751 - INFO - 开始图像识别，窗口位置: (863, 161)
2025-01-25 14:34:33,862 - DEBUG - 未找到匹配图像，最大匹配度: 0.40
2025-01-25 14:34:33,863 - DEBUG - 未识别到图像: screenshot.jpg
2025-01-25 14:34:34,364 - INFO - 窗口句柄值: 0x804d0, 窗口位置: (863, 161)
2025-01-25 14:34:34,364 - INFO - 开始图像识别，窗口位置: (863, 161)
2025-01-25 14:34:34,480 - DEBUG - 未找到匹配图像，最大匹配度: 0.37
2025-01-25 14:34:34,482 - DEBUG - 未识别到图像: picture//huntu.png
2025-01-25 14:34:34,982 - INFO - 窗口句柄值: 0x804d0, 窗口位置: (863, 161)
2025-01-25 14:34:34,982 - INFO - 开始图像识别，窗口位置: (863, 161)
2025-01-25 14:34:35,102 - DEBUG - 未找到匹配图像，最大匹配度: 0.48
2025-01-25 14:34:35,104 - DEBUG - 未识别到图像: picture//jiangli.png
2025-01-25 14:34:35,604 - INFO - 窗口句柄值: 0x804d0, 窗口位置: (863, 161)
2025-01-25 14:34:35,604 - INFO - 开始图像识别，窗口位置: (863, 161)
2025-01-25 14:34:35,710 - DEBUG - 未找到匹配图像，最大匹配度: 0.29
2025-01-25 14:34:35,712 - DEBUG - 未识别到图像: screenshot.jpg
2025-01-25 14:34:36,213 - INFO - 窗口句柄值: 0x804d0, 窗口位置: (863, 161)
2025-01-25 14:34:36,213 - INFO - 开始图像识别，窗口位置: (863, 161)
2025-01-25 14:34:36,334 - DEBUG - 未找到匹配图像，最大匹配度: 0.36
2025-01-25 14:34:36,336 - DEBUG - 未识别到图像: picture//huntu.png
2025-01-25 14:34:36,837 - INFO - 窗口句柄值: 0x804d0, 窗口位置: (863, 161)
2025-01-25 14:34:36,837 - INFO - 开始图像识别，窗口位置: (863, 161)
2025-01-25 14:34:36,960 - DEBUG - 未找到匹配图像，最大匹配度: 0.42
2025-01-25 14:34:36,962 - DEBUG - 未识别到图像: picture//jiangli.png
2025-01-25 14:34:37,462 - INFO - 窗口句柄值: 0x804d0, 窗口位置: (863, 161)
2025-01-25 14:34:37,462 - INFO - 开始图像识别，窗口位置: (863, 161)
2025-01-25 14:34:37,569 - DEBUG - 未找到匹配图像，最大匹配度: 0.26
2025-01-25 14:34:37,570 - DEBUG - 未识别到图像: screenshot.jpg
2025-01-25 14:34:38,071 - INFO - 窗口句柄值: 0x804d0, 窗口位置: (863, 161)
2025-01-25 14:34:38,071 - INFO - 开始图像识别，窗口位置: (863, 161)
2025-01-25 14:34:38,181 - DEBUG - 未找到匹配图像，最大匹配度: 0.37
2025-01-25 14:34:38,182 - DEBUG - 未识别到图像: picture//huntu.png
2025-01-25 14:34:38,684 - INFO - 窗口句柄值: 0x804d0, 窗口位置: (863, 161)
2025-01-25 14:34:38,684 - INFO - 开始图像识别，窗口位置: (863, 161)
2025-01-25 14:34:38,805 - DEBUG - 未找到匹配图像，最大匹配度: 0.48
2025-01-25 14:34:38,808 - DEBUG - 未识别到图像: picture//jiangli.png
2025-01-25 14:34:39,308 - INFO - 窗口句柄值: 0x804d0, 窗口位置: (863, 161)
2025-01-25 14:34:39,308 - INFO - 开始图像识别，窗口位置: (863, 161)
2025-01-25 14:34:39,413 - DEBUG - 未找到匹配图像，最大匹配度: 0.26
2025-01-25 14:34:39,416 - DEBUG - 未识别到图像: screenshot.jpg
2025-01-25 14:34:39,916 - INFO - 窗口句柄值: 0x804d0, 窗口位置: (863, 161)
2025-01-25 14:34:39,916 - INFO - 开始图像识别，窗口位置: (863, 161)
2025-01-25 14:34:40,036 - DEBUG - 未找到匹配图像，最大匹配度: 0.34
2025-01-25 14:34:40,038 - DEBUG - 未识别到图像: picture//huntu.png
2025-01-25 14:34:40,539 - INFO - 窗口句柄值: 0x804d0, 窗口位置: (863, 161)
2025-01-25 14:34:40,539 - INFO - 开始图像识别，窗口位置: (863, 161)
2025-01-25 14:34:40,678 - DEBUG - 未找到匹配图像，最大匹配度: 0.44
2025-01-25 14:34:40,681 - DEBUG - 未识别到图像: picture//jiangli.png
2025-01-25 14:34:41,181 - INFO - 窗口句柄值: 0x804d0, 窗口位置: (863, 161)
2025-01-25 14:34:41,181 - INFO - 开始图像识别，窗口位置: (863, 161)
2025-01-25 14:34:41,288 - DEBUG - 未找到匹配图像，最大匹配度: 0.27
2025-01-25 14:34:41,289 - DEBUG - 未识别到图像: screenshot.jpg
2025-01-25 14:34:41,790 - INFO - 窗口句柄值: 0x804d0, 窗口位置: (863, 161)
2025-01-25 14:34:41,790 - INFO - 开始图像识别，窗口位置: (863, 161)
2025-01-25 14:34:41,913 - DEBUG - 未找到匹配图像，最大匹配度: 0.34
2025-01-25 14:34:41,914 - DEBUG - 未识别到图像: picture//huntu.png
2025-01-25 14:34:42,415 - INFO - 窗口句柄值: 0x804d0, 窗口位置: (863, 161)
2025-01-25 14:34:42,415 - INFO - 开始图像识别，窗口位置: (863, 161)
2025-01-25 14:34:42,547 - DEBUG - 未找到匹配图像，最大匹配度: 0.45
2025-01-25 14:34:42,549 - DEBUG - 未识别到图像: picture//jiangli.png
2025-01-25 14:34:43,050 - INFO - 窗口句柄值: 0x804d0, 窗口位置: (863, 161)
2025-01-25 14:34:43,050 - INFO - 开始图像识别，窗口位置: (863, 161)
2025-01-25 14:34:43,161 - DEBUG - 未找到匹配图像，最大匹配度: 0.16
2025-01-25 14:34:43,162 - DEBUG - 未识别到图像: screenshot.jpg
2025-01-25 14:34:43,663 - INFO - 窗口句柄值: 0x804d0, 窗口位置: (863, 161)
2025-01-25 14:34:43,664 - INFO - 开始图像识别，窗口位置: (863, 161)
2025-01-25 14:34:43,776 - DEBUG - 未找到匹配图像，最大匹配度: 0.37
2025-01-25 14:34:43,779 - DEBUG - 未识别到图像: picture//huntu.png
2025-01-25 14:34:44,279 - INFO - 窗口句柄值: 0x804d0, 窗口位置: (863, 161)
2025-01-25 14:34:44,279 - INFO - 开始图像识别，窗口位置: (863, 161)
2025-01-25 14:34:44,400 - DEBUG - 未找到匹配图像，最大匹配度: 0.46
2025-01-25 14:34:44,402 - DEBUG - 未识别到图像: picture//jiangli.png
2025-01-25 14:34:44,902 - INFO - 窗口句柄值: 0x804d0, 窗口位置: (863, 161)
2025-01-25 14:34:44,902 - INFO - 开始图像识别，窗口位置: (863, 161)
2025-01-25 14:34:45,013 - DEBUG - 未找到匹配图像，最大匹配度: 0.26
2025-01-25 14:34:45,015 - DEBUG - 未识别到图像: screenshot.jpg
2025-01-25 14:34:45,515 - INFO - 窗口句柄值: 0x804d0, 窗口位置: (863, 161)
2025-01-25 14:34:45,515 - INFO - 开始图像识别，窗口位置: (863, 161)
2025-01-25 14:34:45,633 - DEBUG - 未找到匹配图像，最大匹配度: 0.33
2025-01-25 14:34:45,635 - DEBUG - 未识别到图像: picture//huntu.png
2025-01-25 14:34:46,135 - INFO - 窗口句柄值: 0x804d0, 窗口位置: (863, 161)
2025-01-25 14:34:46,135 - INFO - 开始图像识别，窗口位置: (863, 161)
2025-01-25 14:34:46,261 - DEBUG - 未找到匹配图像，最大匹配度: 0.47
2025-01-25 14:34:46,263 - DEBUG - 未识别到图像: picture//jiangli.png
2025-01-25 14:34:46,765 - INFO - 窗口句柄值: 0x804d0, 窗口位置: (863, 161)
2025-01-25 14:34:46,765 - INFO - 开始图像识别，窗口位置: (863, 161)
2025-01-25 14:34:46,866 - DEBUG - 未找到匹配图像，最大匹配度: 0.29
2025-01-25 14:34:46,868 - DEBUG - 未识别到图像: screenshot.jpg
2025-01-25 14:34:47,369 - INFO - 窗口句柄值: 0x804d0, 窗口位置: (863, 161)
2025-01-25 14:34:47,369 - INFO - 开始图像识别，窗口位置: (863, 161)
2025-01-25 14:34:47,480 - DEBUG - 未找到匹配图像，最大匹配度: 0.33
2025-01-25 14:34:47,482 - DEBUG - 未识别到图像: picture//huntu.png
2025-01-25 14:34:47,983 - INFO - 窗口句柄值: 0x804d0, 窗口位置: (863, 161)
2025-01-25 14:34:47,983 - INFO - 开始图像识别，窗口位置: (863, 161)
2025-01-25 14:34:48,102 - DEBUG - 未找到匹配图像，最大匹配度: 0.40
2025-01-25 14:34:48,104 - DEBUG - 未识别到图像: picture//jiangli.png
2025-01-25 14:34:48,604 - INFO - 窗口句柄值: 0x804d0, 窗口位置: (863, 161)
2025-01-25 14:34:48,604 - INFO - 开始图像识别，窗口位置: (863, 161)
2025-01-25 14:34:48,712 - DEBUG - 未找到匹配图像，最大匹配度: 0.31
2025-01-25 14:34:48,714 - DEBUG - 未识别到图像: screenshot.jpg
2025-01-25 14:34:49,214 - INFO - 窗口句柄值: 0x804d0, 窗口位置: (863, 161)
2025-01-25 14:34:49,214 - INFO - 开始图像识别，窗口位置: (863, 161)
2025-01-25 14:34:49,327 - DEBUG - 未找到匹配图像，最大匹配度: 0.32
2025-01-25 14:34:49,329 - DEBUG - 未识别到图像: picture//huntu.png
2025-01-25 14:34:49,830 - INFO - 窗口句柄值: 0x804d0, 窗口位置: (863, 161)
2025-01-25 14:34:49,830 - INFO - 开始图像识别，窗口位置: (863, 161)
2025-01-25 14:34:49,950 - DEBUG - 未找到匹配图像，最大匹配度: 0.44
2025-01-25 14:34:49,951 - DEBUG - 未识别到图像: picture//jiangli.png
2025-01-25 14:34:50,452 - INFO - 窗口句柄值: 0x804d0, 窗口位置: (863, 161)
2025-01-25 14:34:50,452 - INFO - 开始图像识别，窗口位置: (863, 161)
2025-01-25 14:34:50,558 - DEBUG - 未找到匹配图像，最大匹配度: 0.22
2025-01-25 14:34:50,559 - DEBUG - 未识别到图像: screenshot.jpg
2025-01-25 14:34:51,059 - INFO - 窗口句柄值: 0x804d0, 窗口位置: (863, 161)
2025-01-25 14:34:51,059 - INFO - 开始图像识别，窗口位置: (863, 161)
2025-01-25 14:34:51,171 - DEBUG - 未找到匹配图像，最大匹配度: 0.37
2025-01-25 14:34:51,172 - DEBUG - 未识别到图像: picture//huntu.png
2025-01-25 14:34:51,674 - INFO - 窗口句柄值: 0x804d0, 窗口位置: (863, 161)
2025-01-25 14:34:51,674 - INFO - 开始图像识别，窗口位置: (863, 161)
2025-01-25 14:34:51,792 - DEBUG - 未找到匹配图像，最大匹配度: 0.44
2025-01-25 14:34:51,794 - DEBUG - 未识别到图像: picture//jiangli.png
2025-01-25 14:34:52,295 - INFO - 窗口句柄值: 0x804d0, 窗口位置: (863, 161)
2025-01-25 14:34:52,295 - INFO - 开始图像识别，窗口位置: (863, 161)
2025-01-25 14:34:52,398 - DEBUG - 未找到匹配图像，最大匹配度: 0.16
2025-01-25 14:34:52,400 - DEBUG - 未识别到图像: screenshot.jpg
2025-01-25 14:34:52,900 - INFO - 窗口句柄值: 0x804d0, 窗口位置: (863, 161)
2025-01-25 14:34:52,900 - INFO - 开始图像识别，窗口位置: (863, 161)
2025-01-25 14:34:53,009 - DEBUG - 未找到匹配图像，最大匹配度: 0.33
2025-01-25 14:34:53,011 - DEBUG - 未识别到图像: picture//huntu.png
2025-01-25 14:34:53,511 - INFO - 窗口句柄值: 0x804d0, 窗口位置: (863, 161)
2025-01-25 14:34:53,511 - INFO - 开始图像识别，窗口位置: (863, 161)
2025-01-25 14:34:53,627 - DEBUG - 未找到匹配图像，最大匹配度: 0.39
2025-01-25 14:34:53,629 - DEBUG - 未识别到图像: picture//jiangli.png
2025-01-25 14:34:54,131 - INFO - 窗口句柄值: 0x804d0, 窗口位置: (863, 161)
2025-01-25 14:34:54,131 - INFO - 开始图像识别，窗口位置: (863, 161)
2025-01-25 14:34:54,235 - DEBUG - 未找到匹配图像，最大匹配度: 0.38
2025-01-25 14:34:54,235 - DEBUG - 未识别到图像: screenshot.jpg
2025-01-25 14:34:54,736 - INFO - 窗口句柄值: 0x804d0, 窗口位置: (863, 161)
2025-01-25 14:34:54,736 - INFO - 开始图像识别，窗口位置: (863, 161)
2025-01-25 14:34:54,850 - DEBUG - 未找到匹配图像，最大匹配度: 0.34
2025-01-25 14:34:54,852 - DEBUG - 未识别到图像: picture//huntu.png
2025-01-25 14:34:55,353 - INFO - 窗口句柄值: 0x804d0, 窗口位置: (863, 161)
2025-01-25 14:34:55,353 - INFO - 开始图像识别，窗口位置: (863, 161)
2025-01-25 14:34:55,475 - INFO - 图像识别成功，匹配度: 0.81
2025-01-25 14:34:55,475 - DEBUG - 匹配位置 - 左上角: (1552, 707), 右下角: (1891, 997)
2025-01-25 14:34:55,477 - INFO - 成功识别图像: picture//jiangli.png
2025-01-25 14:34:55,477 - DEBUG - 移动鼠标到: (1712, 851), 偏移量: (-9, -1)
2025-01-25 14:34:57,964 - INFO - 成功点击位置: (1721, 852)
2025-01-25 14:34:57,964 - INFO - 识别到奖励，剩余次数: 0
2025-01-25 14:34:57,964 - INFO - 窗口句柄值: 0x804d0, 窗口位置: (863, 161)
2025-01-25 14:34:57,964 - INFO - 开始图像识别，窗口位置: (863, 161)
2025-01-25 14:34:58,070 - DEBUG - 未找到匹配图像，最大匹配度: 0.33
2025-01-25 14:34:58,071 - DEBUG - 未识别到图像: screenshot.jpg
2025-01-25 14:34:58,572 - INFO - 当前循环完成
2025-01-25 14:34:58,572 - INFO - 窗口句柄值: 0x804d0, 窗口位置: (863, 161)
